<?xml version="1.0" encoding="UTF-8" ?>
<testsuites name="vitest tests" tests="199" failures="0" errors="0" time="1.871804788">
    <testsuite name="tests/vitest/ai-strategy-dom-tests.vitest.js" timestamp="2025-06-26T09:09:42.723Z" hostname="m-kuelshammer-fa2a77bb0c7c.rgsinzig.de" tests="16" failures="0" errors="0" skipped="0" time="0.088783">
        <testcase classname="tests/vitest/ai-strategy-dom-tests.vitest.js" name="AI Strategy Enhanced Smart (DOM-dependent) &gt; should handle strategic analysis integration" time="0.023362125">
        </testcase>
        <testcase classname="tests/vitest/ai-strategy-dom-tests.vitest.js" name="AI Strategy Enhanced Smart (DOM-dependent) &gt; should handle multiple consecutive moves without corruption" time="0.028746583">
        </testcase>
        <testcase classname="tests/vitest/ai-strategy-dom-tests.vitest.js" name="AI Strategy Enhanced Smart (DOM-dependent) &gt; should apply even/odd strategy with DOM feedback" time="0.002445125">
        </testcase>
        <testcase classname="tests/vitest/ai-strategy-dom-tests.vitest.js" name="AI Strategy Enhanced Smart (DOM-dependent) &gt; should detect Zugzwang situations with UI integration" time="0.00560375">
        </testcase>
        <testcase classname="tests/vitest/ai-strategy-dom-tests.vitest.js" name="AI Strategy Enhanced Smart (DOM-dependent) &gt; should analyze fork opportunities with DOM updates" time="0.002798959">
        </testcase>
        <testcase classname="tests/vitest/ai-strategy-dom-tests.vitest.js" name="AI Strategy Enhanced Smart (DOM-dependent) &gt; should fallback to safe random with DOM state" time="0.001454417">
        </testcase>
        <testcase classname="tests/vitest/ai-strategy-dom-tests.vitest.js" name="AI Strategy Enhanced Smart (DOM-dependent) &gt; should maintain performance under complex board states" time="0.002061208">
        </testcase>
        <testcase classname="tests/vitest/ai-strategy-dom-tests.vitest.js" name="AI Strategy Consistency (DOM-dependent) &gt; should maintain move determinism for identical states" time="0.00140075">
        </testcase>
        <testcase classname="tests/vitest/ai-strategy-dom-tests.vitest.js" name="AI Strategy Consistency (DOM-dependent) &gt; should show differences between random vs strategic bots" time="0.001973542">
        </testcase>
        <testcase classname="tests/vitest/ai-strategy-dom-tests.vitest.js" name="AI Strategy Consistency (DOM-dependent) &gt; should show defensive vs offensive preferences" time="0.0094375">
        </testcase>
        <testcase classname="tests/vitest/ai-strategy-dom-tests.vitest.js" name="AI Strategy Consistency (DOM-dependent) &gt; should prevent state corruption during analysis" time="0.00117175">
        </testcase>
        <testcase classname="tests/vitest/ai-strategy-dom-tests.vitest.js" name="AI Strategy Consistency (DOM-dependent) &gt; should handle cross-bot performance in complex positions" time="0.002783959">
        </testcase>
        <testcase classname="tests/vitest/ai-strategy-dom-tests.vitest.js" name="AI Strategy Smart Random (DOM-dependent) &gt; should handle random fallback behavior with DOM" time="0.001013375">
        </testcase>
        <testcase classname="tests/vitest/ai-strategy-dom-tests.vitest.js" name="AI Strategy Smart Random (DOM-dependent) &gt; should maintain multiple move sequence consistency" time="0.001017208">
        </testcase>
        <testcase classname="tests/vitest/ai-strategy-dom-tests.vitest.js" name="AI Strategy Smart Random (DOM-dependent) &gt; should perform well with helper analysis integration" time="0.001168291">
        </testcase>
        <testcase classname="tests/vitest/ai-strategy-dom-tests.vitest.js" name="AI Strategy Smart Random (DOM-dependent) &gt; should handle state isolation across multiple calls" time="0.000773209">
        </testcase>
    </testsuite>
    <testsuite name="tests/vitest/bot-matrix-demo.vitest.js" timestamp="2025-06-26T09:09:42.725Z" hostname="m-kuelshammer-fa2a77bb0c7c.rgsinzig.de" tests="1" failures="0" errors="0" skipped="0" time="0.026087041">
        <testcase classname="tests/vitest/bot-matrix-demo.vitest.js" name="Bot Matrix Demo Tests &gt; Demo: 50-Game Bot Matrix with &quot;Verlierer beginnt&quot; Logic" time="0.025490667">
        </testcase>
    </testsuite>
    <testsuite name="tests/vitest/bot-performance-100-series.vitest.js" timestamp="2025-06-26T09:09:42.726Z" hostname="m-kuelshammer-fa2a77bb0c7c.rgsinzig.de" tests="6" failures="0" errors="0" skipped="0" time="0.145944458">
        <testcase classname="tests/vitest/bot-performance-100-series.vitest.js" name="Bot Performance Validation - 100 Game Series &gt; Universal Logic Consistency &gt; should complete 100 games without errors (Easy vs Medium)" time="0.055877958">
        </testcase>
        <testcase classname="tests/vitest/bot-performance-100-series.vitest.js" name="Bot Performance Validation - 100 Game Series &gt; Universal Logic Consistency &gt; should complete 100 games without errors (Medium vs Hard)" time="0.039157292">
        </testcase>
        <testcase classname="tests/vitest/bot-performance-100-series.vitest.js" name="Bot Performance Validation - 100 Game Series &gt; Universal Logic Consistency &gt; should show skill differential (Hard vs Easy)" time="0.017201458">
        </testcase>
        <testcase classname="tests/vitest/bot-performance-100-series.vitest.js" name="Bot Performance Validation - 100 Game Series &gt; Universal Logic Implementation Validation &gt; all bots should follow 4-stage decision process" time="0.005984083">
            <system-out>

🔧 Universal Logic Tests: 150/150 passed

            </system-out>
        </testcase>
        <testcase classname="tests/vitest/bot-performance-100-series.vitest.js" name="Bot Performance Validation - 100 Game Series &gt; Universal Logic Implementation Validation &gt; no bot should make illegal moves in extended play" time="0.004829417">
        </testcase>
        <testcase classname="tests/vitest/bot-performance-100-series.vitest.js" name="Bot Performance Validation - 100 Game Series &gt; Performance Metrics &gt; game completion rate should be 100%" time="0.02208025">
        </testcase>
    </testsuite>
    <testsuite name="tests/vitest/bot-strength-comparison.vitest.js" timestamp="2025-06-26T09:09:42.727Z" hostname="m-kuelshammer-fa2a77bb0c7c.rgsinzig.de" tests="8" failures="0" errors="0" skipped="1" time="0.053774">
        <testcase classname="tests/vitest/bot-strength-comparison.vitest.js" name="Bot Strength Comparison Tests &gt; Enhanced Smart Bot should beat Smart Random Bot majority of time" time="0.026127708">
        </testcase>
        <testcase classname="tests/vitest/bot-strength-comparison.vitest.js" name="Bot Strength Comparison Tests &gt; Enhanced Smart Bot should dominate Easy Bot" time="0.00668775">
        </testcase>
        <testcase classname="tests/vitest/bot-strength-comparison.vitest.js" name="Bot Strength Comparison Tests &gt; Smart Random Bot should beat Easy Bot" time="0.001538791">
        </testcase>
        <testcase classname="tests/vitest/bot-strength-comparison.vitest.js" name="Bot Strength Comparison Tests &gt; Enhanced Smart Bot should have higher strategic move ratio" time="0.003987375">
        </testcase>
        <testcase classname="tests/vitest/bot-strength-comparison.vitest.js" name="Bot Strength Comparison Tests &gt; All bots should prefer strategic opening moves" time="0.001072958">
        </testcase>
        <testcase classname="tests/vitest/bot-strength-comparison.vitest.js" name="Bot Strength Comparison Tests &gt; Bots should handle complex board states without crashing" time="0.005073625">
        </testcase>
        <testcase classname="tests/vitest/bot-strength-comparison.vitest.js" name="Bot Strength Comparison Tests &gt; Bot strength hierarchy should be maintained" time="0.005912625">
        </testcase>
        <testcase classname="tests/vitest/bot-strength-comparison.vitest.js" name="Bot Strength Comparison Tests &gt; 1000-Game Bot Matrix Analysis with &quot;Verlierer beginnt&quot; Logic" time="0">
            <skipped/>
        </testcase>
    </testsuite>
    <testsuite name="tests/vitest/bot-tournament.vitest.js" timestamp="2025-06-26T09:09:42.730Z" hostname="m-kuelshammer-fa2a77bb0c7c.rgsinzig.de" tests="3" failures="0" errors="0" skipped="0" time="0.056778875">
        <testcase classname="tests/vitest/bot-tournament.vitest.js" name="Bot Tournament System &gt; should run complete tournament and establish rankings" time="0.035353834">
        </testcase>
        <testcase classname="tests/vitest/bot-tournament.vitest.js" name="Bot Tournament System &gt; should validate Enhanced Smart Bot performance metrics" time="0.01325625">
        </testcase>
        <testcase classname="tests/vitest/bot-tournament.vitest.js" name="Bot Tournament System &gt; should demonstrate strategic improvement over time" time="0.007606167">
            <system-out>

📈 Strategic Evolution Test...


            </system-out>
        </testcase>
    </testsuite>
    <testsuite name="tests/vitest/comprehensive-bot-matrix-5x5.vitest.js" timestamp="2025-06-26T09:09:42.732Z" hostname="m-kuelshammer-fa2a77bb0c7c.rgsinzig.de" tests="1" failures="0" errors="0" skipped="0" time="0.379794792">
        <testcase classname="tests/vitest/comprehensive-bot-matrix-5x5.vitest.js" name="Comprehensive 5x5 Bot Matrix - 100 Game Series &gt; should run complete 5x5 matrix and generate performance table" time="0.379168417">
        </testcase>
    </testsuite>
    <testsuite name="tests/vitest/debug-bot-matrix.vitest.js" timestamp="2025-06-26T09:09:42.732Z" hostname="m-kuelshammer-fa2a77bb0c7c.rgsinzig.de" tests="2" failures="0" errors="0" skipped="0" time="0.060899584">
        <testcase classname="tests/vitest/debug-bot-matrix.vitest.js" name="Debug Bot Matrix &gt; should count all games correctly" time="0.0535685">
        </testcase>
        <testcase classname="tests/vitest/debug-bot-matrix.vitest.js" name="Debug Bot Matrix &gt; should run small matrix without errors" time="0.006444208">
        </testcase>
    </testsuite>
    <testsuite name="tests/vitest/dependency-injection.vitest.js" timestamp="2025-06-26T09:09:42.733Z" hostname="m-kuelshammer-fa2a77bb0c7c.rgsinzig.de" tests="22" failures="0" errors="0" skipped="0" time="0.122140458">
        <testcase classname="tests/vitest/dependency-injection.vitest.js" name="Dependency Injection System &gt; ServiceContainer Core Functionality &gt; should register and resolve simple services" time="0.054162208">
        </testcase>
        <testcase classname="tests/vitest/dependency-injection.vitest.js" name="Dependency Injection System &gt; ServiceContainer Core Functionality &gt; should support singleton services" time="0.001354541">
        </testcase>
        <testcase classname="tests/vitest/dependency-injection.vitest.js" name="Dependency Injection System &gt; ServiceContainer Core Functionality &gt; should handle factory functions" time="0.019560958">
        </testcase>
        <testcase classname="tests/vitest/dependency-injection.vitest.js" name="Dependency Injection System &gt; ServiceContainer Core Functionality &gt; should inject dependencies correctly" time="0.001947542">
        </testcase>
        <testcase classname="tests/vitest/dependency-injection.vitest.js" name="Dependency Injection System &gt; ServiceContainer Core Functionality &gt; should throw error for unregistered services" time="0.003070666">
        </testcase>
        <testcase classname="tests/vitest/dependency-injection.vitest.js" name="Dependency Injection System &gt; ServiceContainer Core Functionality &gt; should support child containers" time="0.002405083">
        </testcase>
        <testcase classname="tests/vitest/dependency-injection.vitest.js" name="Dependency Injection System &gt; Interface Validation &gt; should validate objects against interfaces" time="0.001103458">
        </testcase>
        <testcase classname="tests/vitest/dependency-injection.vitest.js" name="Dependency Injection System &gt; Interface Validation &gt; should create interface proxies for runtime validation" time="0.003709708">
        </testcase>
        <testcase classname="tests/vitest/dependency-injection.vitest.js" name="Dependency Injection System &gt; Interface Validation &gt; should validate known service interfaces" time="0.001096875">
        </testcase>
        <testcase classname="tests/vitest/dependency-injection.vitest.js" name="Dependency Injection System &gt; GameFactory Configuration &gt; should configure for testing environment" time="0.002146458">
        </testcase>
        <testcase classname="tests/vitest/dependency-injection.vitest.js" name="Dependency Injection System &gt; GameFactory Configuration &gt; should create bots with different difficulties" time="0.001384">
        </testcase>
        <testcase classname="tests/vitest/dependency-injection.vitest.js" name="Dependency Injection System &gt; GameFactory Configuration &gt; should handle configuration errors gracefully" time="0.00073225">
        </testcase>
        <testcase classname="tests/vitest/dependency-injection.vitest.js" name="Dependency Injection System &gt; GameFactory Configuration &gt; should not reconfigure when already configured" time="0.000615875">
        </testcase>
        <testcase classname="tests/vitest/dependency-injection.vitest.js" name="Dependency Injection System &gt; GameFactory Configuration &gt; should reset configuration properly" time="0.000661084">
        </testcase>
        <testcase classname="tests/vitest/dependency-injection.vitest.js" name="Dependency Injection System &gt; Game Instance Creation &gt; should create functional game instances" time="0.004882667">
        </testcase>
        <testcase classname="tests/vitest/dependency-injection.vitest.js" name="Dependency Injection System &gt; Game Instance Creation &gt; should create game with UI when DOM element provided" time="0.001275917">
        </testcase>
        <testcase classname="tests/vitest/dependency-injection.vitest.js" name="Dependency Injection System &gt; Game Instance Creation &gt; should validate interfaces when requested" time="0.001090167">
        </testcase>
        <testcase classname="tests/vitest/dependency-injection.vitest.js" name="Dependency Injection System &gt; Integration with Legacy Code &gt; should maintain backward compatibility" time="0.000724334">
        </testcase>
        <testcase classname="tests/vitest/dependency-injection.vitest.js" name="Dependency Injection System &gt; Integration with Legacy Code &gt; should support asynchronous service resolution" time="0.013733958">
        </testcase>
        <testcase classname="tests/vitest/dependency-injection.vitest.js" name="Dependency Injection System &gt; Error Handling and Edge Cases &gt; should handle circular dependencies gracefully" time="0.002623458">
        </testcase>
        <testcase classname="tests/vitest/dependency-injection.vitest.js" name="Dependency Injection System &gt; Error Handling and Edge Cases &gt; should handle malformed service registrations" time="0.000790833">
        </testcase>
        <testcase classname="tests/vitest/dependency-injection.vitest.js" name="Dependency Injection System &gt; Error Handling and Edge Cases &gt; should clear all services properly" time="0.001184667">
        </testcase>
    </testsuite>
    <testsuite name="tests/vitest/expert-bot-quick-test.vitest.js" timestamp="2025-06-26T09:09:42.735Z" hostname="m-kuelshammer-fa2a77bb0c7c.rgsinzig.de" tests="8" failures="0" errors="0" skipped="0" time="0.074380958">
        <testcase classname="tests/vitest/expert-bot-quick-test.vitest.js" name="Expert Bot Integration Tests &gt; UI Mode Mapping &gt; Expert mode should map to monte-carlo difficulty" time="0.047843333">
        </testcase>
        <testcase classname="tests/vitest/expert-bot-quick-test.vitest.js" name="Expert Bot Integration Tests &gt; UI Mode Mapping &gt; Expert should use enhanced Monte Carlo configuration" time="0.005212166">
        </testcase>
        <testcase classname="tests/vitest/expert-bot-quick-test.vitest.js" name="Expert Bot Integration Tests &gt; Performance Validation &gt; Monte Carlo bot should make strategic moves" time="0.008577833">
        </testcase>
        <testcase classname="tests/vitest/expert-bot-quick-test.vitest.js" name="Expert Bot Integration Tests &gt; Performance Validation &gt; Expert bot should show center preference in opening" time="0.001376542">
        </testcase>
        <testcase classname="tests/vitest/expert-bot-quick-test.vitest.js" name="Expert Bot Integration Tests &gt; Performance Validation &gt; Expert bot should handle complex positions" time="0.006240583">
        </testcase>
        <testcase classname="tests/vitest/expert-bot-quick-test.vitest.js" name="Expert Bot Integration Tests &gt; Bot Hierarchy Validation &gt; Bot difficulty progression should be logical" time="0.00101675">
        </testcase>
        <testcase classname="tests/vitest/expert-bot-quick-test.vitest.js" name="Expert Bot Integration Tests &gt; Bot Hierarchy Validation &gt; Expert should be the highest difficulty available in UI" time="0.000838584">
        </testcase>
        <testcase classname="tests/vitest/expert-bot-quick-test.vitest.js" name="Expert Bot Integration Tests &gt; Monte Carlo Implementation Access &gt; Monte Carlo should use enhanced simulation count" time="0.0008285">
        </testcase>
    </testsuite>
    <testsuite name="tests/vitest/expert-vs-strategic-quick.vitest.js" timestamp="2025-06-26T09:09:42.735Z" hostname="m-kuelshammer-fa2a77bb0c7c.rgsinzig.de" tests="7" failures="0" errors="0" skipped="0" time="0.047392083">
        <testcase classname="tests/vitest/expert-vs-strategic-quick.vitest.js" name="Expert vs Strategic Bots Performance Tests &gt; Monte Carlo vs Strategic Bots &gt; Monte Carlo should outperform Defensive bot" time="0.021878667">
        </testcase>
        <testcase classname="tests/vitest/expert-vs-strategic-quick.vitest.js" name="Expert vs Strategic Bots Performance Tests &gt; Monte Carlo vs Strategic Bots &gt; Monte Carlo should outperform Enhanced Smart bot" time="0.0024585">
        </testcase>
        <testcase classname="tests/vitest/expert-vs-strategic-quick.vitest.js" name="Expert vs Strategic Bots Performance Tests &gt; Monte Carlo vs Strategic Bots &gt; Monte Carlo should dominate Smart Random bot" time="0.003779958">
        </testcase>
        <testcase classname="tests/vitest/expert-vs-strategic-quick.vitest.js" name="Expert vs Strategic Bots Performance Tests &gt; Expert Mode Validation &gt; Expert should be strongest available bot in UI hierarchy" time="0.006515834">
        </testcase>
        <testcase classname="tests/vitest/expert-vs-strategic-quick.vitest.js" name="Expert vs Strategic Bots Performance Tests &gt; Expert Mode Validation &gt; Monte Carlo should show consistent performance advantage" time="0.005865458">
        </testcase>
        <testcase classname="tests/vitest/expert-vs-strategic-quick.vitest.js" name="Expert vs Strategic Bots Performance Tests &gt; Strategic Depth Comparison &gt; Monte Carlo should show better opening play" time="0.003377291">
        </testcase>
        <testcase classname="tests/vitest/expert-vs-strategic-quick.vitest.js" name="Expert vs Strategic Bots Performance Tests &gt; Strategic Depth Comparison &gt; Monte Carlo should handle complex positions better" time="0.002294875">
        </testcase>
    </testsuite>
    <testsuite name="tests/vitest/fork-detection.vitest.js" timestamp="2025-06-26T09:09:42.736Z" hostname="m-kuelshammer-fa2a77bb0c7c.rgsinzig.de" tests="14" failures="0" errors="0" skipped="0" time="0.048646166">
        <testcase classname="tests/vitest/fork-detection.vitest.js" name="Fork Detection Core Logic &gt; Classic Fork Pattern Detection &gt; should detect _ x _ x _ pattern (user example)" time="0.014812625">
        </testcase>
        <testcase classname="tests/vitest/fork-detection.vitest.js" name="Fork Detection Core Logic &gt; Classic Fork Pattern Detection &gt; should detect _ x _ x pattern" time="0.001339791">
        </testcase>
        <testcase classname="tests/vitest/fork-detection.vitest.js" name="Fork Detection Core Logic &gt; Classic Fork Pattern Detection &gt; should detect x _ x _ pattern" time="0.001320916">
        </testcase>
        <testcase classname="tests/vitest/fork-detection.vitest.js" name="Fork Detection Core Logic &gt; Classic Fork Pattern Detection &gt; should detect _ x x _ pattern" time="0.001120708">
        </testcase>
        <testcase classname="tests/vitest/fork-detection.vitest.js" name="Fork Detection Core Logic &gt; Fork Counter-Move Calculation &gt; should calculate correct counter moves for _ x _ x pattern" time="0.002489792">
        </testcase>
        <testcase classname="tests/vitest/fork-detection.vitest.js" name="Fork Detection Core Logic &gt; Fork Counter-Move Calculation &gt; should prioritize center positions in counter moves" time="0.000931084">
        </testcase>
        <testcase classname="tests/vitest/fork-detection.vitest.js" name="Fork Detection Core Logic &gt; Critical Fork Defense &gt; should identify opponent forks as critical threats" time="0.004564292">
        </testcase>
        <testcase classname="tests/vitest/fork-detection.vitest.js" name="Fork Detection Core Logic &gt; Critical Fork Defense &gt; should provide specific columns for counter-moves" time="0.004882792">
        </testcase>
        <testcase classname="tests/vitest/fork-detection.vitest.js" name="Fork Detection Core Logic &gt; Fork Opportunity Detection &gt; should find opportunities to create our own forks" time="0.007956">
        </testcase>
        <testcase classname="tests/vitest/fork-detection.vitest.js" name="Fork Detection Core Logic &gt; Edge Cases and Validation &gt; should not detect forks when opponent pieces block pattern" time="0.001578541">
        </testcase>
        <testcase classname="tests/vitest/fork-detection.vitest.js" name="Fork Detection Core Logic &gt; Edge Cases and Validation &gt; should handle empty board gracefully" time="0.000705666">
        </testcase>
        <testcase classname="tests/vitest/fork-detection.vitest.js" name="Fork Detection Core Logic &gt; Edge Cases and Validation &gt; should handle full board gracefully" time="0.000693125">
        </testcase>
        <testcase classname="tests/vitest/fork-detection.vitest.js" name="Fork Detection Core Logic &gt; Real Game Scenario Testing &gt; should solve the user reported problem: _ _ x x x _ _" time="0.000617167">
        </testcase>
        <testcase classname="tests/vitest/fork-detection.vitest.js" name="Fork Detection Core Logic &gt; Real Game Scenario Testing &gt; should recognize when player X can create winning fork" time="0.000594084">
        </testcase>
    </testsuite>
    <testsuite name="tests/vitest/monte-carlo-enhanced.vitest.js" timestamp="2025-06-26T09:09:42.736Z" hostname="m-kuelshammer-fa2a77bb0c7c.rgsinzig.de" tests="17" failures="0" errors="0" skipped="0" time="0.158408625">
        <testcase classname="tests/vitest/monte-carlo-enhanced.vitest.js" name="Enhanced Monte Carlo Bot Tests &gt; Performance Improvements &gt; should use 1000 simulations instead of 100" time="0.020588">
        </testcase>
        <testcase classname="tests/vitest/monte-carlo-enhanced.vitest.js" name="Enhanced Monte Carlo Bot Tests &gt; Performance Improvements &gt; should have time-boxing enabled" time="0.001309875">
        </testcase>
        <testcase classname="tests/vitest/monte-carlo-enhanced.vitest.js" name="Enhanced Monte Carlo Bot Tests &gt; Performance Improvements &gt; should complete thinking within time limit" time="0.028500708">
        </testcase>
        <testcase classname="tests/vitest/monte-carlo-enhanced.vitest.js" name="Enhanced Monte Carlo Bot Tests &gt; Adaptive Simulation Counts &gt; should adjust simulations based on game phase" time="0.004562291">
        </testcase>
        <testcase classname="tests/vitest/monte-carlo-enhanced.vitest.js" name="Enhanced Monte Carlo Bot Tests &gt; Adaptive Simulation Counts &gt; should use more simulations in mid-game" time="0.00251725">
        </testcase>
        <testcase classname="tests/vitest/monte-carlo-enhanced.vitest.js" name="Enhanced Monte Carlo Bot Tests &gt; Adaptive Simulation Counts &gt; should respect minimum simulations" time="0.03584225">
        </testcase>
        <testcase classname="tests/vitest/monte-carlo-enhanced.vitest.js" name="Enhanced Monte Carlo Bot Tests &gt; Adaptive Simulation Counts &gt; should respect maximum simulations" time="0.0009885">
        </testcase>
        <testcase classname="tests/vitest/monte-carlo-enhanced.vitest.js" name="Enhanced Monte Carlo Bot Tests &gt; UCB1 Selection Strategy &gt; should explore unvisited columns first" time="0.006951667">
        </testcase>
        <testcase classname="tests/vitest/monte-carlo-enhanced.vitest.js" name="Enhanced Monte Carlo Bot Tests &gt; UCB1 Selection Strategy &gt; should balance exploitation and exploration" time="0.001442333">
        </testcase>
        <testcase classname="tests/vitest/monte-carlo-enhanced.vitest.js" name="Enhanced Monte Carlo Bot Tests &gt; Confidence Weighting &gt; should apply confidence bonus to well-explored columns" time="0.000873333">
        </testcase>
        <testcase classname="tests/vitest/monte-carlo-enhanced.vitest.js" name="Enhanced Monte Carlo Bot Tests &gt; Strategic Strength &gt; should prefer winning moves in tactical positions" time="0.010019875">
        </testcase>
        <testcase classname="tests/vitest/monte-carlo-enhanced.vitest.js" name="Enhanced Monte Carlo Bot Tests &gt; Strategic Strength &gt; should avoid losing moves when possible" time="0.004754875">
        </testcase>
        <testcase classname="tests/vitest/monte-carlo-enhanced.vitest.js" name="Enhanced Monte Carlo Bot Tests &gt; Performance Benchmarks &gt; should run significantly more simulations than basic bot" time="0.008086125">
        </testcase>
        <testcase classname="tests/vitest/monte-carlo-enhanced.vitest.js" name="Enhanced Monte Carlo Bot Tests &gt; Performance Benchmarks &gt; should maintain good performance under time pressure" time="0.015044167">
        </testcase>
        <testcase classname="tests/vitest/monte-carlo-enhanced.vitest.js" name="Enhanced Monte Carlo Bot Tests &gt; Integration with Universal 4-Stage Logic &gt; should work as Stage 4 strategy within safe columns only" time="0.007710041">
        </testcase>
        <testcase classname="tests/vitest/monte-carlo-enhanced.vitest.js" name="Enhanced Monte Carlo Bot Tests &gt; Integration with Universal 4-Stage Logic &gt; should handle empty safe columns gracefully" time="0.002970542">
        </testcase>
        <testcase classname="tests/vitest/monte-carlo-enhanced.vitest.js" name="Enhanced Monte Carlo Bot Tests &gt; Integration with Universal 4-Stage Logic &gt; should handle single safe column efficiently" time="0.000666709">
        </testcase>
    </testsuite>
    <testsuite name="tests/vitest/new-bot-mapping.vitest.js" timestamp="2025-06-26T09:09:42.737Z" hostname="m-kuelshammer-fa2a77bb0c7c.rgsinzig.de" tests="10" failures="0" errors="0" skipped="0" time="0.033449833">
        <testcase classname="tests/vitest/new-bot-mapping.vitest.js" name="Updated Bot Mapping Tests &gt; 3-Tier Bot Progression &gt; Easy bot should map to smart-random" time="0.017158959">
        </testcase>
        <testcase classname="tests/vitest/new-bot-mapping.vitest.js" name="Updated Bot Mapping Tests &gt; 3-Tier Bot Progression &gt; Medium bot should map to offensiv-gemischt" time="0.001180166">
        </testcase>
        <testcase classname="tests/vitest/new-bot-mapping.vitest.js" name="Updated Bot Mapping Tests &gt; 3-Tier Bot Progression &gt; Strong bot should map to monte-carlo" time="0.001145667">
        </testcase>
        <testcase classname="tests/vitest/new-bot-mapping.vitest.js" name="Updated Bot Mapping Tests &gt; Bot Strength Progression &gt; Should have clear win rate progression" time="0.001328666">
        </testcase>
        <testcase classname="tests/vitest/new-bot-mapping.vitest.js" name="Updated Bot Mapping Tests &gt; Bot Strength Progression &gt; Should have meaningful difficulty gaps" time="0.002743">
        </testcase>
        <testcase classname="tests/vitest/new-bot-mapping.vitest.js" name="Updated Bot Mapping Tests &gt; UI Options Validation &gt; Should have exactly 4 game modes (including 2-player)" time="0.000804292">
        </testcase>
        <testcase classname="tests/vitest/new-bot-mapping.vitest.js" name="Updated Bot Mapping Tests &gt; UI Options Validation &gt; Should have clear bot names" time="0.000890667">
        </testcase>
        <testcase classname="tests/vitest/new-bot-mapping.vitest.js" name="Updated Bot Mapping Tests &gt; Expected Performance Ranges &gt; Easy bot should be beginner-friendly" time="0.00071775">
        </testcase>
        <testcase classname="tests/vitest/new-bot-mapping.vitest.js" name="Updated Bot Mapping Tests &gt; Expected Performance Ranges &gt; Medium bot should provide balanced challenge" time="0.00092125">
        </testcase>
        <testcase classname="tests/vitest/new-bot-mapping.vitest.js" name="Updated Bot Mapping Tests &gt; Expected Performance Ranges &gt; Strong bot should be challenging for experienced players" time="0.005575584">
        </testcase>
    </testsuite>
    <testsuite name="tests/vitest/simple-backend.vitest.js" timestamp="2025-06-26T09:09:42.738Z" hostname="m-kuelshammer-fa2a77bb0c7c.rgsinzig.de" tests="12" failures="0" errors="0" skipped="0" time="0.058708958">
        <testcase classname="tests/vitest/simple-backend.vitest.js" name="Simple Math Tests (Vitest Demo) &gt; should perform basic calculations" time="0.015598625">
        </testcase>
        <testcase classname="tests/vitest/simple-backend.vitest.js" name="Simple Math Tests (Vitest Demo) &gt; should work with DOM elements" time="0.0027635">
        </testcase>
        <testcase classname="tests/vitest/simple-backend.vitest.js" name="Simple Math Tests (Vitest Demo) &gt; should handle async operations" time="0.018568958">
        </testcase>
        <testcase classname="tests/vitest/simple-backend.vitest.js" name="Simple Math Tests (Vitest Demo) &gt; should provide performance timing" time="0.002735542">
        </testcase>
        <testcase classname="tests/vitest/simple-backend.vitest.js" name="Array and Object Tests &gt; should handle array operations" time="0.002389834">
        </testcase>
        <testcase classname="tests/vitest/simple-backend.vitest.js" name="Array and Object Tests &gt; should handle object operations" time="0.002988583">
        </testcase>
        <testcase classname="tests/vitest/simple-backend.vitest.js" name="Array and Object Tests &gt; should handle deep equality" time="0.000961209">
        </testcase>
        <testcase classname="tests/vitest/simple-backend.vitest.js" name="Error Handling Tests &gt; should catch thrown errors" time="0.001035041">
        </testcase>
        <testcase classname="tests/vitest/simple-backend.vitest.js" name="Error Handling Tests &gt; should handle function calls that should not throw" time="0.000962875">
        </testcase>
        <testcase classname="tests/vitest/simple-backend.vitest.js" name="Game Logic Simulation (without actual classes) &gt; should simulate board operations" time="0.002039667">
        </testcase>
        <testcase classname="tests/vitest/simple-backend.vitest.js" name="Game Logic Simulation (without actual classes) &gt; should simulate win detection logic" time="0.000754167">
        </testcase>
        <testcase classname="tests/vitest/simple-backend.vitest.js" name="Game Logic Simulation (without actual classes) &gt; should simulate valid moves checking" time="0.006925042">
        </testcase>
    </testsuite>
    <testsuite name="tests/vitest/strategic-bot-fix-validation.vitest.js" timestamp="2025-06-26T09:09:42.739Z" hostname="m-kuelshammer-fa2a77bb0c7c.rgsinzig.de" tests="5" failures="0" errors="0" skipped="0" time="0.081185541">
        <testcase classname="tests/vitest/strategic-bot-fix-validation.vitest.js" name="Strategic Bot Fix Validation &gt; Each strategic bot type uses distinct implementation" time="0.065519666">
        </testcase>
        <testcase classname="tests/vitest/strategic-bot-fix-validation.vitest.js" name="Strategic Bot Fix Validation &gt; getBestMove routes to specific strategy methods" time="0.001464542">
        </testcase>
        <testcase classname="tests/vitest/strategic-bot-fix-validation.vitest.js" name="Strategic Bot Fix Validation &gt; Strategic bots show different move preferences" time="0.008161125">
        </testcase>
        <testcase classname="tests/vitest/strategic-bot-fix-validation.vitest.js" name="Strategic Bot Fix Validation &gt; Universal logic fallback works for unknown bot types" time="0.001222">
        </testcase>
        <testcase classname="tests/vitest/strategic-bot-fix-validation.vitest.js" name="Performance Impact Assessment &gt; Strategic routing does not significantly impact performance" time="0.004006458">
        </testcase>
    </testsuite>
    <testsuite name="tests/vitest/ui-bot-mapping-simple.vitest.js" timestamp="2025-06-26T09:09:42.739Z" hostname="m-kuelshammer-fa2a77bb0c7c.rgsinzig.de" tests="12" failures="0" errors="0" skipped="0" time="0.075295083">
        <testcase classname="tests/vitest/ui-bot-mapping-simple.vitest.js" name="UI Bot Mapping Logic &gt; Bot Difficulty Mapping &gt; should map vs-bot-easy to offensiv-gemischt (Rank #4)" time="0.0346865">
        </testcase>
        <testcase classname="tests/vitest/ui-bot-mapping-simple.vitest.js" name="UI Bot Mapping Logic &gt; Bot Difficulty Mapping &gt; should map vs-bot-medium to enhanced-smart (Rank #2)" time="0.00140925">
        </testcase>
        <testcase classname="tests/vitest/ui-bot-mapping-simple.vitest.js" name="UI Bot Mapping Logic &gt; Bot Difficulty Mapping &gt; should map vs-bot-strong to defensive (Rank #1)" time="0.001272458">
        </testcase>
        <testcase classname="tests/vitest/ui-bot-mapping-simple.vitest.js" name="UI Bot Mapping Logic &gt; Bot Difficulty Mapping &gt; should maintain legacy vs-bot-smart compatibility" time="0.001141834">
        </testcase>
        <testcase classname="tests/vitest/ui-bot-mapping-simple.vitest.js" name="UI Bot Mapping Logic &gt; Bot Difficulty Mapping &gt; should default to easy for unknown modes" time="0.019279833">
        </testcase>
        <testcase classname="tests/vitest/ui-bot-mapping-simple.vitest.js" name="UI Bot Mapping Logic &gt; AI Mode Detection &gt; should correctly identify AI modes" time="0.001217958">
        </testcase>
        <testcase classname="tests/vitest/ui-bot-mapping-simple.vitest.js" name="UI Bot Mapping Logic &gt; Player Name Configuration &gt; should set correct player names for bot modes" time="0.000950875">
        </testcase>
        <testcase classname="tests/vitest/ui-bot-mapping-simple.vitest.js" name="UI Bot Mapping Logic &gt; Player Name Configuration &gt; should return default name for non-bot modes" time="0.000769625">
        </testcase>
        <testcase classname="tests/vitest/ui-bot-mapping-simple.vitest.js" name="UI Bot Mapping Logic &gt; Bot Strength Hierarchy Validation &gt; should implement correct strength ordering based on scientific analysis" time="0.002187">
        </testcase>
        <testcase classname="tests/vitest/ui-bot-mapping-simple.vitest.js" name="UI Bot Mapping Logic &gt; Bot Strength Hierarchy Validation &gt; should provide meaningful difficulty progression" time="0.005045541">
        </testcase>
        <testcase classname="tests/vitest/ui-bot-mapping-simple.vitest.js" name="UI Bot Mapping Logic &gt; Performance Validation Documentation &gt; should document that bot selection is scientifically validated" time="0.001334917">
        </testcase>
        <testcase classname="tests/vitest/ui-bot-mapping-simple.vitest.js" name="UI Bot Mapping Logic &gt; Performance Validation Documentation &gt; should validate available bot modes match HTML select options" time="0.000791417">
        </testcase>
    </testsuite>
    <testsuite name="tests/vitest/ui-bot-mode-validation.vitest.js" timestamp="2025-06-26T09:09:42.740Z" hostname="m-kuelshammer-fa2a77bb0c7c.rgsinzig.de" tests="14" failures="0" errors="0" skipped="0" time="0.006819417">
        <testcase classname="tests/vitest/ui-bot-mode-validation.vitest.js" name="UI Bot Mode Validation &gt; Bot Mode Detection &gt; should correctly identify AI modes" time="0.001763542">
        </testcase>
        <testcase classname="tests/vitest/ui-bot-mode-validation.vitest.js" name="UI Bot Mode Validation &gt; Bot Difficulty Mapping &gt; should map vs-bot-easy to offensiv-gemischt (Rank #4)" time="0.000401292">
        </testcase>
        <testcase classname="tests/vitest/ui-bot-mode-validation.vitest.js" name="UI Bot Mode Validation &gt; Bot Difficulty Mapping &gt; should map vs-bot-medium to enhanced-smart (Rank #2)" time="0.000443708">
        </testcase>
        <testcase classname="tests/vitest/ui-bot-mode-validation.vitest.js" name="UI Bot Mode Validation &gt; Bot Difficulty Mapping &gt; should map vs-bot-strong to defensive (Rank #1)" time="0.000222875">
        </testcase>
        <testcase classname="tests/vitest/ui-bot-mode-validation.vitest.js" name="UI Bot Mode Validation &gt; Bot Difficulty Mapping &gt; should maintain legacy vs-bot-smart compatibility" time="0.000363709">
        </testcase>
        <testcase classname="tests/vitest/ui-bot-mode-validation.vitest.js" name="UI Bot Mode Validation &gt; Bot Strength Hierarchy &gt; should implement correct strength ordering" time="0.000389667">
        </testcase>
        <testcase classname="tests/vitest/ui-bot-mode-validation.vitest.js" name="UI Bot Mode Validation &gt; Bot Strength Hierarchy &gt; should use scientifically validated bot rankings" time="0.000260666">
        </testcase>
        <testcase classname="tests/vitest/ui-bot-mode-validation.vitest.js" name="UI Bot Mode Validation &gt; Player Name Configuration &gt; should set correct player names for bot modes" time="0.000367583">
        </testcase>
        <testcase classname="tests/vitest/ui-bot-mode-validation.vitest.js" name="UI Bot Mode Validation &gt; Player Name Configuration &gt; should reset player names for two-player mode" time="0.00025">
        </testcase>
        <testcase classname="tests/vitest/ui-bot-mode-validation.vitest.js" name="UI Bot Mode Validation &gt; AI Move Generation &gt; should generate valid moves for all bot difficulties" time="0.000519084">
        </testcase>
        <testcase classname="tests/vitest/ui-bot-mode-validation.vitest.js" name="UI Bot Mode Validation &gt; AI Move Generation &gt; should handle empty board scenarios" time="0.000079916">
        </testcase>
        <testcase classname="tests/vitest/ui-bot-mode-validation.vitest.js" name="UI Bot Mode Validation &gt; Legacy Compatibility &gt; should maintain backward compatibility with existing modes" time="0.000057125">
        </testcase>
        <testcase classname="tests/vitest/ui-bot-mode-validation.vitest.js" name="UI Bot Mode Validation &gt; Legacy Compatibility &gt; should handle unknown modes gracefully" time="0.000036958">
        </testcase>
        <testcase classname="tests/vitest/ui-bot-mode-validation.vitest.js" name="Bot Mode Performance Validation &gt; should validate that chosen bots are performance-tested" time="0.000109375">
        </testcase>
    </testsuite>
    <testsuite name="tests/vitest/ui-hints-modal-integration.vitest.js" timestamp="2025-06-26T09:09:42.741Z" hostname="m-kuelshammer-fa2a77bb0c7c.rgsinzig.de" tests="12" failures="0" errors="0" skipped="0" time="0.1311435">
        <testcase classname="tests/vitest/ui-hints-modal-integration.vitest.js" name="UI Hints Modal Integration Tests &gt; Hints button should exist and have correct styling" time="0.026520375">
        </testcase>
        <testcase classname="tests/vitest/ui-hints-modal-integration.vitest.js" name="UI Hints Modal Integration Tests &gt; Hints modal should toggle on button click" time="0.051037958">
        </testcase>
        <testcase classname="tests/vitest/ui-hints-modal-integration.vitest.js" name="UI Hints Modal Integration Tests &gt; F2 keyboard shortcut should toggle hints modal" time="0.016134792">
        </testcase>
        <testcase classname="tests/vitest/ui-hints-modal-integration.vitest.js" name="UI Hints Modal Integration Tests &gt; F1 keyboard shortcut should still work for help modal" time="0.009989709">
        </testcase>
        <testcase classname="tests/vitest/ui-hints-modal-integration.vitest.js" name="UI Hints Modal Integration Tests &gt; Close button should close hints modal" time="0.002651833">
        </testcase>
        <testcase classname="tests/vitest/ui-hints-modal-integration.vitest.js" name="UI Hints Modal Integration Tests &gt; Click outside modal should close it" time="0.002313333">
        </testcase>
        <testcase classname="tests/vitest/ui-hints-modal-integration.vitest.js" name="UI Hints Modal Integration Tests &gt; All help checkboxes should be present in modal" time="0.003255209">
        </testcase>
        <testcase classname="tests/vitest/ui-hints-modal-integration.vitest.js" name="UI Hints Modal Integration Tests &gt; Modal structure should be correct" time="0.005402084">
        </testcase>
        <testcase classname="tests/vitest/ui-hints-modal-integration.vitest.js" name="UI Hints Modal Integration Tests &gt; Modal should not interfere with game functionality" time="0.002384375">
        </testcase>
        <testcase classname="tests/vitest/ui-hints-modal-integration.vitest.js" name="UI Hints Modal Integration Tests &gt; Both modals should be able to coexist" time="0.004742625">
        </testcase>
        <testcase classname="tests/vitest/ui-hints-modal-integration.vitest.js" name="UI Hints Modal Integration Tests &gt; Checkbox states should persist across modal toggles" time="0.00429125">
        </testcase>
        <testcase classname="tests/vitest/ui-hints-modal-integration.vitest.js" name="UI Hints Modal Integration Tests &gt; Event listeners should be properly attached" time="0.0015625">
        </testcase>
    </testsuite>
    <testsuite name="tests/vitest/ui-undo-conditional.vitest.js" timestamp="2025-06-26T09:09:42.742Z" hostname="m-kuelshammer-fa2a77bb0c7c.rgsinzig.de" tests="12" failures="0" errors="0" skipped="0" time="0.08779725">
        <testcase classname="tests/vitest/ui-undo-conditional.vitest.js" name="UI Undo Conditional (Vitest Integration) &gt; should initialize undo state as disabled for both players" time="0.027225666">
        </testcase>
        <testcase classname="tests/vitest/ui-undo-conditional.vitest.js" name="UI Undo Conditional (Vitest Integration) &gt; should bind undo checkbox elements correctly" time="0.003269">
        </testcase>
        <testcase classname="tests/vitest/ui-undo-conditional.vitest.js" name="UI Undo Conditional (Vitest Integration) &gt; should update undo state when Player 1 checkbox is toggled" time="0.014274">
        </testcase>
        <testcase classname="tests/vitest/ui-undo-conditional.vitest.js" name="UI Undo Conditional (Vitest Integration) &gt; should update undo state when Player 2 checkbox is toggled" time="0.00536475">
        </testcase>
        <testcase classname="tests/vitest/ui-undo-conditional.vitest.js" name="UI Undo Conditional (Vitest Integration) &gt; should disable undo button when current player has undo disabled" time="0.005904041">
        </testcase>
        <testcase classname="tests/vitest/ui-undo-conditional.vitest.js" name="UI Undo Conditional (Vitest Integration) &gt; should enable undo button when current player has undo enabled" time="0.002523083">
        </testcase>
        <testcase classname="tests/vitest/ui-undo-conditional.vitest.js" name="UI Undo Conditional (Vitest Integration) &gt; should prevent undo when current player has undo disabled" time="0.002591709">
        </testcase>
        <testcase classname="tests/vitest/ui-undo-conditional.vitest.js" name="UI Undo Conditional (Vitest Integration) &gt; should allow undo when current player has undo enabled" time="0.006260083">
        </testcase>
        <testcase classname="tests/vitest/ui-undo-conditional.vitest.js" name="UI Undo Conditional (Vitest Integration) &gt; should work independently for different players" time="0.004103667">
        </testcase>
        <testcase classname="tests/vitest/ui-undo-conditional.vitest.js" name="UI Undo Conditional (Vitest Integration) &gt; should persist checkbox states correctly" time="0.008450458">
        </testcase>
        <testcase classname="tests/vitest/ui-undo-conditional.vitest.js" name="UI Undo Conditional (Vitest Integration) &gt; should respect undo settings during game state changes" time="0.001563167">
        </testcase>
        <testcase classname="tests/vitest/ui-undo-conditional.vitest.js" name="UI Undo Conditional (Vitest Integration) &gt; should handle AI thinking state correctly" time="0.004859709">
        </testcase>
    </testsuite>
    <testsuite name="tests/vitest/ultimate-bot-matrix-1000.vitest.js" timestamp="2025-06-26T09:09:42.742Z" hostname="m-kuelshammer-fa2a77bb0c7c.rgsinzig.de" tests="1" failures="0" errors="0" skipped="0" time="0.059714958">
        <testcase classname="tests/vitest/ultimate-bot-matrix-1000.vitest.js" name="Bot Matrix Tests &gt; should run a 2x2 matrix with easy and smart-random bots" time="0.059008375">
            <system-err>
Strategy smart-random not found, using fallback
Strategy smart-random not found, using fallback
Strategy smart-random not found, using fallback
Strategy smart-random not found, using fallback
Strategy smart-random not found, using fallback
Strategy smart-random not found, using fallback
Strategy smart-random not found, using fallback
Strategy smart-random not found, using fallback
Strategy smart-random not found, using fallback
Strategy smart-random not found, using fallback
Strategy smart-random not found, using fallback
Strategy smart-random not found, using fallback
Strategy smart-random not found, using fallback
Strategy smart-random not found, using fallback
Strategy smart-random not found, using fallback
Strategy smart-random not found, using fallback
Strategy smart-random not found, using fallback
Strategy smart-random not found, using fallback
Strategy smart-random not found, using fallback
Strategy smart-random not found, using fallback
Strategy smart-random not found, using fallback
Strategy smart-random not found, using fallback
Strategy smart-random not found, using fallback
Strategy smart-random not found, using fallback
Strategy smart-random not found, using fallback
Strategy smart-random not found, using fallback
Strategy smart-random not found, using fallback
Strategy smart-random not found, using fallback
Strategy smart-random not found, using fallback
Strategy smart-random not found, using fallback
Strategy smart-random not found, using fallback
Strategy smart-random not found, using fallback
Strategy smart-random not found, using fallback
Strategy smart-random not found, using fallback
Strategy smart-random not found, using fallback
Strategy smart-random not found, using fallback
Strategy smart-random not found, using fallback
Strategy smart-random not found, using fallback
Strategy smart-random not found, using fallback
Strategy smart-random not found, using fallback
Strategy smart-random not found, using fallback
Strategy smart-random not found, using fallback
Strategy smart-random not found, using fallback
Strategy smart-random not found, using fallback
Strategy smart-random not found, using fallback
Strategy smart-random not found, using fallback
Strategy smart-random not found, using fallback
Strategy smart-random not found, using fallback
Strategy smart-random not found, using fallback
Strategy smart-random not found, using fallback
Strategy smart-random not found, using fallback
Strategy smart-random not found, using fallback
Strategy smart-random not found, using fallback
Strategy smart-random not found, using fallback
Strategy smart-random not found, using fallback
Strategy smart-random not found, using fallback
Strategy smart-random not found, using fallback
Strategy smart-random not found, using fallback
Strategy smart-random not found, using fallback
Strategy smart-random not found, using fallback
Strategy smart-random not found, using fallback
Strategy smart-random not found, using fallback
Strategy smart-random not found, using fallback
Strategy smart-random not found, using fallback
Strategy smart-random not found, using fallback
Strategy smart-random not found, using fallback
Strategy smart-random not found, using fallback
Strategy smart-random not found, using fallback
Strategy smart-random not found, using fallback
Strategy smart-random not found, using fallback
Strategy smart-random not found, using fallback
Strategy smart-random not found, using fallback
Strategy smart-random not found, using fallback
Strategy smart-random not found, using fallback
Strategy smart-random not found, using fallback
Strategy smart-random not found, using fallback
Strategy smart-random not found, using fallback
Strategy smart-random not found, using fallback
Strategy smart-random not found, using fallback
Strategy smart-random not found, using fallback
Strategy smart-random not found, using fallback
Strategy smart-random not found, using fallback
Strategy smart-random not found, using fallback
Strategy smart-random not found, using fallback
Strategy smart-random not found, using fallback
Strategy smart-random not found, using fallback
Strategy smart-random not found, using fallback
Strategy smart-random not found, using fallback
Strategy smart-random not found, using fallback
Strategy smart-random not found, using fallback
Strategy smart-random not found, using fallback
Strategy smart-random not found, using fallback
Strategy smart-random not found, using fallback
Strategy smart-random not found, using fallback
Strategy smart-random not found, using fallback
Strategy smart-random not found, using fallback
Strategy smart-random not found, using fallback
Strategy smart-random not found, using fallback
Strategy smart-random not found, using fallback
Strategy smart-random not found, using fallback
Strategy smart-random not found, using fallback
Strategy smart-random not found, using fallback
Strategy smart-random not found, using fallback
Strategy smart-random not found, using fallback
Strategy smart-random not found, using fallback
Strategy smart-random not found, using fallback
Strategy smart-random not found, using fallback
Strategy smart-random not found, using fallback
Strategy smart-random not found, using fallback
Strategy smart-random not found, using fallback
Strategy smart-random not found, using fallback
Strategy smart-random not found, using fallback
Strategy smart-random not found, using fallback
Strategy smart-random not found, using fallback
Strategy smart-random not found, using fallback
Strategy smart-random not found, using fallback
Strategy smart-random not found, using fallback
Strategy smart-random not found, using fallback
Strategy smart-random not found, using fallback
Strategy smart-random not found, using fallback
Strategy smart-random not found, using fallback
Strategy smart-random not found, using fallback
Strategy smart-random not found, using fallback
Strategy smart-random not found, using fallback
Strategy smart-random not found, using fallback
Strategy smart-random not found, using fallback
Strategy smart-random not found, using fallback
Strategy smart-random not found, using fallback
Strategy smart-random not found, using fallback
Strategy smart-random not found, using fallback
Strategy smart-random not found, using fallback
Strategy smart-random not found, using fallback
Strategy smart-random not found, using fallback
Strategy smart-random not found, using fallback
Strategy smart-random not found, using fallback
Strategy smart-random not found, using fallback
Strategy smart-random not found, using fallback
Strategy smart-random not found, using fallback
Strategy smart-random not found, using fallback
Strategy smart-random not found, using fallback
Strategy smart-random not found, using fallback
Strategy smart-random not found, using fallback
Strategy smart-random not found, using fallback
Strategy smart-random not found, using fallback
Strategy smart-random not found, using fallback
Strategy smart-random not found, using fallback
Strategy smart-random not found, using fallback
Strategy smart-random not found, using fallback
Strategy smart-random not found, using fallback
Strategy smart-random not found, using fallback
Strategy smart-random not found, using fallback
Strategy smart-random not found, using fallback
Strategy smart-random not found, using fallback
Strategy smart-random not found, using fallback
Strategy smart-random not found, using fallback
Strategy smart-random not found, using fallback
Strategy smart-random not found, using fallback
Strategy smart-random not found, using fallback
Strategy smart-random not found, using fallback
Strategy smart-random not found, using fallback
Strategy smart-random not found, using fallback
Strategy smart-random not found, using fallback
Strategy smart-random not found, using fallback
Strategy smart-random not found, using fallback
Strategy smart-random not found, using fallback
Strategy smart-random not found, using fallback
Strategy smart-random not found, using fallback
Strategy smart-random not found, using fallback
Strategy smart-random not found, using fallback
Strategy smart-random not found, using fallback
Strategy smart-random not found, using fallback
Strategy smart-random not found, using fallback
Strategy smart-random not found, using fallback
Strategy smart-random not found, using fallback
Strategy smart-random not found, using fallback
Strategy smart-random not found, using fallback
Strategy smart-random not found, using fallback
Strategy smart-random not found, using fallback
Strategy smart-random not found, using fallback
Strategy smart-random not found, using fallback
Strategy smart-random not found, using fallback
Strategy smart-random not found, using fallback
Strategy smart-random not found, using fallback
Strategy smart-random not found, using fallback
Strategy smart-random not found, using fallback
Strategy smart-random not found, using fallback
Strategy smart-random not found, using fallback
Strategy smart-random not found, using fallback
Strategy smart-random not found, using fallback
Strategy smart-random not found, using fallback
Strategy smart-random not found, using fallback
Strategy smart-random not found, using fallback
Strategy smart-random not found, using fallback
Strategy smart-random not found, using fallback
Strategy smart-random not found, using fallback
Strategy smart-random not found, using fallback
Strategy smart-random not found, using fallback
Strategy smart-random not found, using fallback
Strategy smart-random not found, using fallback
Strategy smart-random not found, using fallback
Strategy smart-random not found, using fallback
Strategy smart-random not found, using fallback
Strategy smart-random not found, using fallback
Strategy smart-random not found, using fallback
Strategy smart-random not found, using fallback
Strategy smart-random not found, using fallback
Strategy smart-random not found, using fallback
Strategy smart-random not found, using fallback
Strategy smart-random not found, using fallback
Strategy smart-random not found, using fallback
Strategy smart-random not found, using fallback
Strategy smart-random not found, using fallback
Strategy smart-random not found, using fallback
Strategy smart-random not found, using fallback
Strategy smart-random not found, using fallback
Strategy smart-random not found, using fallback
Strategy smart-random not found, using fallback
Strategy smart-random not found, using fallback
Strategy smart-random not found, using fallback
Strategy smart-random not found, using fallback
Strategy smart-random not found, using fallback
Strategy smart-random not found, using fallback
Strategy smart-random not found, using fallback
Strategy smart-random not found, using fallback
Strategy smart-random not found, using fallback
Strategy smart-random not found, using fallback
Strategy smart-random not found, using fallback
Strategy smart-random not found, using fallback
Strategy smart-random not found, using fallback
Strategy smart-random not found, using fallback
Strategy smart-random not found, using fallback
Strategy smart-random not found, using fallback
Strategy smart-random not found, using fallback
Strategy smart-random not found, using fallback
Strategy smart-random not found, using fallback
Strategy smart-random not found, using fallback
Strategy smart-random not found, using fallback
Strategy smart-random not found, using fallback
Strategy smart-random not found, using fallback
Strategy smart-random not found, using fallback
Strategy smart-random not found, using fallback
Strategy smart-random not found, using fallback
Strategy smart-random not found, using fallback
Strategy smart-random not found, using fallback
Strategy smart-random not found, using fallback
Strategy smart-random not found, using fallback
Strategy smart-random not found, using fallback
Strategy smart-random not found, using fallback
Strategy smart-random not found, using fallback
Strategy smart-random not found, using fallback
Strategy smart-random not found, using fallback
Strategy smart-random not found, using fallback
Strategy smart-random not found, using fallback
Strategy smart-random not found, using fallback
Strategy smart-random not found, using fallback
Strategy smart-random not found, using fallback
Strategy smart-random not found, using fallback
Strategy smart-random not found, using fallback
Strategy smart-random not found, using fallback
Strategy smart-random not found, using fallback
Strategy smart-random not found, using fallback
Strategy smart-random not found, using fallback
Strategy smart-random not found, using fallback
Strategy smart-random not found, using fallback
Strategy smart-random not found, using fallback
Strategy smart-random not found, using fallback
Strategy smart-random not found, using fallback
Strategy smart-random not found, using fallback
Strategy smart-random not found, using fallback
Strategy smart-random not found, using fallback
Strategy smart-random not found, using fallback
Strategy smart-random not found, using fallback
Strategy smart-random not found, using fallback
Strategy smart-random not found, using fallback
Strategy smart-random not found, using fallback
Strategy smart-random not found, using fallback
Strategy smart-random not found, using fallback
Strategy smart-random not found, using fallback
Strategy smart-random not found, using fallback
Strategy smart-random not found, using fallback
Strategy smart-random not found, using fallback
Strategy smart-random not found, using fallback
Strategy smart-random not found, using fallback
Strategy smart-random not found, using fallback
Strategy smart-random not found, using fallback
Strategy smart-random not found, using fallback
Strategy smart-random not found, using fallback
Strategy smart-random not found, using fallback
Strategy smart-random not found, using fallback
Strategy smart-random not found, using fallback
Strategy smart-random not found, using fallback
Strategy smart-random not found, using fallback
Strategy smart-random not found, using fallback
Strategy smart-random not found, using fallback
Strategy smart-random not found, using fallback
Strategy smart-random not found, using fallback
Strategy smart-random not found, using fallback
Strategy smart-random not found, using fallback
Strategy smart-random not found, using fallback
Strategy smart-random not found, using fallback
Strategy smart-random not found, using fallback
Strategy smart-random not found, using fallback
Strategy smart-random not found, using fallback
Strategy smart-random not found, using fallback
Strategy smart-random not found, using fallback
Strategy smart-random not found, using fallback
Strategy smart-random not found, using fallback
Strategy smart-random not found, using fallback
Strategy smart-random not found, using fallback
Strategy smart-random not found, using fallback
Strategy smart-random not found, using fallback
Strategy smart-random not found, using fallback
Strategy smart-random not found, using fallback
Strategy smart-random not found, using fallback
Strategy smart-random not found, using fallback
Strategy smart-random not found, using fallback
Strategy smart-random not found, using fallback
Strategy smart-random not found, using fallback
Strategy smart-random not found, using fallback
Strategy smart-random not found, using fallback
Strategy smart-random not found, using fallback
Strategy smart-random not found, using fallback
Strategy smart-random not found, using fallback
Strategy smart-random not found, using fallback
Strategy smart-random not found, using fallback
Strategy smart-random not found, using fallback
Strategy smart-random not found, using fallback
Strategy smart-random not found, using fallback
Strategy smart-random not found, using fallback
Strategy smart-random not found, using fallback
Strategy smart-random not found, using fallback
Strategy smart-random not found, using fallback
Strategy smart-random not found, using fallback
Strategy smart-random not found, using fallback
Strategy smart-random not found, using fallback
Strategy smart-random not found, using fallback
Strategy smart-random not found, using fallback
Strategy smart-random not found, using fallback
Strategy smart-random not found, using fallback
Strategy smart-random not found, using fallback
Strategy smart-random not found, using fallback
Strategy smart-random not found, using fallback
Strategy smart-random not found, using fallback
Strategy smart-random not found, using fallback
Strategy smart-random not found, using fallback
Strategy smart-random not found, using fallback
Strategy smart-random not found, using fallback
Strategy smart-random not found, using fallback
Strategy smart-random not found, using fallback
Strategy smart-random not found, using fallback
Strategy smart-random not found, using fallback
Strategy smart-random not found, using fallback
Strategy smart-random not found, using fallback
Strategy smart-random not found, using fallback
Strategy smart-random not found, using fallback
Strategy smart-random not found, using fallback
Strategy smart-random not found, using fallback
Strategy smart-random not found, using fallback
Strategy smart-random not found, using fallback
Strategy smart-random not found, using fallback
Strategy smart-random not found, using fallback
Strategy smart-random not found, using fallback
Strategy smart-random not found, using fallback
Strategy smart-random not found, using fallback
Strategy smart-random not found, using fallback
Strategy smart-random not found, using fallback
Strategy smart-random not found, using fallback
Strategy smart-random not found, using fallback
Strategy smart-random not found, using fallback
Strategy smart-random not found, using fallback
Strategy smart-random not found, using fallback
Strategy smart-random not found, using fallback
Strategy smart-random not found, using fallback
Strategy smart-random not found, using fallback
Strategy smart-random not found, using fallback
Strategy smart-random not found, using fallback
Strategy smart-random not found, using fallback
Strategy smart-random not found, using fallback
Strategy smart-random not found, using fallback
Strategy smart-random not found, using fallback
Strategy smart-random not found, using fallback
Strategy smart-random not found, using fallback
Strategy smart-random not found, using fallback
Strategy smart-random not found, using fallback
Strategy smart-random not found, using fallback
Strategy smart-random not found, using fallback
Strategy smart-random not found, using fallback
Strategy smart-random not found, using fallback
Strategy smart-random not found, using fallback
Strategy smart-random not found, using fallback
Strategy smart-random not found, using fallback
Strategy smart-random not found, using fallback
Strategy smart-random not found, using fallback
Strategy smart-random not found, using fallback
Strategy smart-random not found, using fallback
Strategy smart-random not found, using fallback
Strategy smart-random not found, using fallback
Strategy smart-random not found, using fallback
Strategy smart-random not found, using fallback
Strategy smart-random not found, using fallback
Strategy smart-random not found, using fallback
Strategy smart-random not found, using fallback
Strategy smart-random not found, using fallback
Strategy smart-random not found, using fallback
Strategy smart-random not found, using fallback
Strategy smart-random not found, using fallback
Strategy smart-random not found, using fallback
Strategy smart-random not found, using fallback
Strategy smart-random not found, using fallback
Strategy smart-random not found, using fallback
Strategy smart-random not found, using fallback
Strategy smart-random not found, using fallback
Strategy smart-random not found, using fallback
Strategy smart-random not found, using fallback
Strategy smart-random not found, using fallback
Strategy smart-random not found, using fallback
Strategy smart-random not found, using fallback
Strategy smart-random not found, using fallback
Strategy smart-random not found, using fallback
Strategy smart-random not found, using fallback
Strategy smart-random not found, using fallback
Strategy smart-random not found, using fallback
Strategy smart-random not found, using fallback
Strategy smart-random not found, using fallback
Strategy smart-random not found, using fallback
Strategy smart-random not found, using fallback
Strategy smart-random not found, using fallback
Strategy smart-random not found, using fallback
Strategy smart-random not found, using fallback
Strategy smart-random not found, using fallback
Strategy smart-random not found, using fallback
Strategy smart-random not found, using fallback
Strategy smart-random not found, using fallback
Strategy smart-random not found, using fallback
Strategy smart-random not found, using fallback
Strategy smart-random not found, using fallback
Strategy smart-random not found, using fallback
Strategy smart-random not found, using fallback
Strategy smart-random not found, using fallback
Strategy smart-random not found, using fallback
Strategy smart-random not found, using fallback
Strategy smart-random not found, using fallback
Strategy smart-random not found, using fallback
Strategy smart-random not found, using fallback
Strategy smart-random not found, using fallback
Strategy smart-random not found, using fallback
Strategy smart-random not found, using fallback
Strategy smart-random not found, using fallback
Strategy smart-random not found, using fallback
Strategy smart-random not found, using fallback
Strategy smart-random not found, using fallback
Strategy smart-random not found, using fallback
Strategy smart-random not found, using fallback
Strategy smart-random not found, using fallback
Strategy smart-random not found, using fallback
Strategy smart-random not found, using fallback
Strategy smart-random not found, using fallback
Strategy smart-random not found, using fallback
Strategy smart-random not found, using fallback
Strategy smart-random not found, using fallback
Strategy smart-random not found, using fallback
Strategy smart-random not found, using fallback
Strategy smart-random not found, using fallback
Strategy smart-random not found, using fallback
Strategy smart-random not found, using fallback
Strategy smart-random not found, using fallback
Strategy smart-random not found, using fallback
Strategy smart-random not found, using fallback
Strategy smart-random not found, using fallback
Strategy smart-random not found, using fallback
Strategy smart-random not found, using fallback
Strategy smart-random not found, using fallback
Strategy smart-random not found, using fallback
Strategy smart-random not found, using fallback
Strategy smart-random not found, using fallback
Strategy smart-random not found, using fallback
Strategy smart-random not found, using fallback
Strategy smart-random not found, using fallback
Strategy smart-random not found, using fallback
Strategy smart-random not found, using fallback
Strategy smart-random not found, using fallback
Strategy smart-random not found, using fallback
Strategy smart-random not found, using fallback
Strategy smart-random not found, using fallback
Strategy smart-random not found, using fallback
Strategy smart-random not found, using fallback
Strategy smart-random not found, using fallback
Strategy smart-random not found, using fallback
Strategy smart-random not found, using fallback
Strategy smart-random not found, using fallback
Strategy smart-random not found, using fallback
Strategy smart-random not found, using fallback
Strategy smart-random not found, using fallback
Strategy smart-random not found, using fallback
Strategy smart-random not found, using fallback
Strategy smart-random not found, using fallback
Strategy smart-random not found, using fallback
Strategy smart-random not found, using fallback
Strategy smart-random not found, using fallback
Strategy smart-random not found, using fallback
Strategy smart-random not found, using fallback
Strategy smart-random not found, using fallback
Strategy smart-random not found, using fallback
Strategy smart-random not found, using fallback
Strategy smart-random not found, using fallback
Strategy smart-random not found, using fallback
Strategy smart-random not found, using fallback
Strategy smart-random not found, using fallback
Strategy smart-random not found, using fallback
Strategy smart-random not found, using fallback
Strategy smart-random not found, using fallback
Strategy smart-random not found, using fallback
Strategy smart-random not found, using fallback
Strategy smart-random not found, using fallback
Strategy smart-random not found, using fallback
Strategy smart-random not found, using fallback
Strategy smart-random not found, using fallback
Strategy smart-random not found, using fallback
Strategy smart-random not found, using fallback
Strategy smart-random not found, using fallback
Strategy smart-random not found, using fallback
Strategy smart-random not found, using fallback
Strategy smart-random not found, using fallback
Strategy smart-random not found, using fallback
Strategy smart-random not found, using fallback
Strategy smart-random not found, using fallback
Strategy smart-random not found, using fallback
Strategy smart-random not found, using fallback
Strategy smart-random not found, using fallback
Strategy smart-random not found, using fallback
Strategy smart-random not found, using fallback
Strategy smart-random not found, using fallback
Strategy smart-random not found, using fallback
Strategy smart-random not found, using fallback
Strategy smart-random not found, using fallback
Strategy smart-random not found, using fallback
Strategy smart-random not found, using fallback
Strategy smart-random not found, using fallback
Strategy smart-random not found, using fallback
Strategy smart-random not found, using fallback
Strategy smart-random not found, using fallback
Strategy smart-random not found, using fallback
Strategy smart-random not found, using fallback
Strategy smart-random not found, using fallback
Strategy smart-random not found, using fallback
Strategy smart-random not found, using fallback
Strategy smart-random not found, using fallback
Strategy smart-random not found, using fallback
Strategy smart-random not found, using fallback
Strategy smart-random not found, using fallback
Strategy smart-random not found, using fallback
Strategy smart-random not found, using fallback
Strategy smart-random not found, using fallback
Strategy smart-random not found, using fallback
Strategy smart-random not found, using fallback
Strategy smart-random not found, using fallback
Strategy smart-random not found, using fallback
Strategy smart-random not found, using fallback
Strategy smart-random not found, using fallback
Strategy smart-random not found, using fallback
Strategy smart-random not found, using fallback
Strategy smart-random not found, using fallback
Strategy smart-random not found, using fallback
Strategy smart-random not found, using fallback
Strategy smart-random not found, using fallback
Strategy smart-random not found, using fallback
Strategy smart-random not found, using fallback
Strategy smart-random not found, using fallback
Strategy smart-random not found, using fallback
Strategy smart-random not found, using fallback
Strategy smart-random not found, using fallback
Strategy smart-random not found, using fallback
Strategy smart-random not found, using fallback
Strategy smart-random not found, using fallback
Strategy smart-random not found, using fallback
Strategy smart-random not found, using fallback
Strategy smart-random not found, using fallback
Strategy smart-random not found, using fallback
Strategy smart-random not found, using fallback
Strategy smart-random not found, using fallback
Strategy smart-random not found, using fallback
Strategy smart-random not found, using fallback
Strategy smart-random not found, using fallback
Strategy smart-random not found, using fallback
Strategy smart-random not found, using fallback
Strategy smart-random not found, using fallback
Strategy smart-random not found, using fallback
Strategy smart-random not found, using fallback
Strategy smart-random not found, using fallback
Strategy smart-random not found, using fallback
Strategy smart-random not found, using fallback
Strategy smart-random not found, using fallback
Strategy smart-random not found, using fallback
Strategy smart-random not found, using fallback
Strategy smart-random not found, using fallback
Strategy smart-random not found, using fallback
Strategy smart-random not found, using fallback
Strategy smart-random not found, using fallback
Strategy smart-random not found, using fallback
Strategy smart-random not found, using fallback
Strategy smart-random not found, using fallback
Strategy smart-random not found, using fallback
Strategy smart-random not found, using fallback
Strategy smart-random not found, using fallback
Strategy smart-random not found, using fallback
Strategy smart-random not found, using fallback
Strategy smart-random not found, using fallback
Strategy smart-random not found, using fallback
Strategy smart-random not found, using fallback
Strategy smart-random not found, using fallback
Strategy smart-random not found, using fallback
Strategy smart-random not found, using fallback
Strategy smart-random not found, using fallback
Strategy smart-random not found, using fallback
Strategy smart-random not found, using fallback
Strategy smart-random not found, using fallback
Strategy smart-random not found, using fallback
Strategy smart-random not found, using fallback
Strategy smart-random not found, using fallback
Strategy smart-random not found, using fallback
Strategy smart-random not found, using fallback
Strategy smart-random not found, using fallback
Strategy smart-random not found, using fallback
Strategy smart-random not found, using fallback
Strategy smart-random not found, using fallback
Strategy smart-random not found, using fallback
Strategy smart-random not found, using fallback
Strategy smart-random not found, using fallback
Strategy smart-random not found, using fallback
Strategy smart-random not found, using fallback
Strategy smart-random not found, using fallback
Strategy smart-random not found, using fallback
Strategy smart-random not found, using fallback
Strategy smart-random not found, using fallback
Strategy smart-random not found, using fallback
Strategy smart-random not found, using fallback
Strategy smart-random not found, using fallback
Strategy smart-random not found, using fallback
Strategy smart-random not found, using fallback
Strategy smart-random not found, using fallback
Strategy smart-random not found, using fallback
Strategy smart-random not found, using fallback
Strategy smart-random not found, using fallback
Strategy smart-random not found, using fallback
Strategy smart-random not found, using fallback
Strategy smart-random not found, using fallback
Strategy smart-random not found, using fallback
Strategy smart-random not found, using fallback
Strategy smart-random not found, using fallback
Strategy smart-random not found, using fallback
Strategy smart-random not found, using fallback
Strategy smart-random not found, using fallback
Strategy smart-random not found, using fallback
Strategy smart-random not found, using fallback
Strategy smart-random not found, using fallback
Strategy smart-random not found, using fallback
Strategy smart-random not found, using fallback
Strategy smart-random not found, using fallback
Strategy smart-random not found, using fallback
Strategy smart-random not found, using fallback
Strategy smart-random not found, using fallback
Strategy smart-random not found, using fallback
Strategy smart-random not found, using fallback
Strategy smart-random not found, using fallback
Strategy smart-random not found, using fallback
Strategy smart-random not found, using fallback
Strategy smart-random not found, using fallback
Strategy smart-random not found, using fallback
Strategy smart-random not found, using fallback
Strategy smart-random not found, using fallback
Strategy smart-random not found, using fallback
Strategy smart-random not found, using fallback
Strategy smart-random not found, using fallback
Strategy smart-random not found, using fallback
Strategy smart-random not found, using fallback
Strategy smart-random not found, using fallback
Strategy smart-random not found, using fallback
Strategy smart-random not found, using fallback
Strategy smart-random not found, using fallback
Strategy smart-random not found, using fallback
Strategy smart-random not found, using fallback
Strategy smart-random not found, using fallback
Strategy smart-random not found, using fallback
Strategy smart-random not found, using fallback
Strategy smart-random not found, using fallback
Strategy smart-random not found, using fallback
Strategy smart-random not found, using fallback
Strategy smart-random not found, using fallback
Strategy smart-random not found, using fallback
Strategy smart-random not found, using fallback
Strategy smart-random not found, using fallback
Strategy smart-random not found, using fallback
Strategy smart-random not found, using fallback
Strategy smart-random not found, using fallback
Strategy smart-random not found, using fallback
Strategy smart-random not found, using fallback
Strategy smart-random not found, using fallback
Strategy smart-random not found, using fallback
Strategy smart-random not found, using fallback
Strategy smart-random not found, using fallback
Strategy smart-random not found, using fallback
Strategy smart-random not found, using fallback
Strategy smart-random not found, using fallback
Strategy smart-random not found, using fallback
Strategy smart-random not found, using fallback
Strategy smart-random not found, using fallback
Strategy smart-random not found, using fallback
Strategy smart-random not found, using fallback
Strategy smart-random not found, using fallback
Strategy smart-random not found, using fallback
Strategy smart-random not found, using fallback
Strategy smart-random not found, using fallback
Strategy smart-random not found, using fallback
[...]
Strategy smart-random not found, using fallback
Strategy smart-random not found, using fallback
Strategy smart-random not found, using fallback
Strategy smart-random not found, using fallback
Strategy smart-random not found, using fallback
Strategy smart-random not found, using fallback
Strategy smart-random not found, using fallback
Strategy smart-random not found, using fallback
Strategy smart-random not found, using fallback
Strategy smart-random not found, using fallback
Strategy smart-random not found, using fallback
Strategy smart-random not found, using fallback
Strategy smart-random not found, using fallback
Strategy smart-random not found, using fallback
Strategy smart-random not found, using fallback
Strategy smart-random not found, using fallback
Strategy smart-random not found, using fallback
Strategy smart-random not found, using fallback
Strategy smart-random not found, using fallback
Strategy smart-random not found, using fallback
Strategy smart-random not found, using fallback
Strategy smart-random not found, using fallback
Strategy smart-random not found, using fallback
Strategy smart-random not found, using fallback
Strategy smart-random not found, using fallback
Strategy smart-random not found, using fallback
Strategy smart-random not found, using fallback
Strategy smart-random not found, using fallback
Strategy smart-random not found, using fallback
Strategy smart-random not found, using fallback
Strategy smart-random not found, using fallback
Strategy smart-random not found, using fallback
Strategy smart-random not found, using fallback
Strategy smart-random not found, using fallback
Strategy smart-random not found, using fallback
Strategy smart-random not found, using fallback
Strategy smart-random not found, using fallback
Strategy smart-random not found, using fallback
Strategy smart-random not found, using fallback
Strategy smart-random not found, using fallback
Strategy smart-random not found, using fallback
Strategy smart-random not found, using fallback
Strategy smart-random not found, using fallback
Strategy smart-random not found, using fallback
Strategy smart-random not found, using fallback
Strategy smart-random not found, using fallback
Strategy smart-random not found, using fallback
Strategy smart-random not found, using fallback
Strategy smart-random not found, using fallback
Strategy smart-random not found, using fallback
Strategy smart-random not found, using fallback
Strategy smart-random not found, using fallback
Strategy smart-random not found, using fallback
Strategy smart-random not found, using fallback
Strategy smart-random not found, using fallback
Strategy smart-random not found, using fallback
Strategy smart-random not found, using fallback
Strategy smart-random not found, using fallback
Strategy smart-random not found, using fallback
Strategy smart-random not found, using fallback
Strategy smart-random not found, using fallback
Strategy smart-random not found, using fallback
Strategy smart-random not found, using fallback
Strategy smart-random not found, using fallback
Strategy smart-random not found, using fallback
Strategy smart-random not found, using fallback
Strategy smart-random not found, using fallback
Strategy smart-random not found, using fallback
Strategy smart-random not found, using fallback
Strategy smart-random not found, using fallback
Strategy smart-random not found, using fallback
Strategy smart-random not found, using fallback
Strategy smart-random not found, using fallback
Strategy smart-random not found, using fallback
Strategy smart-random not found, using fallback
Strategy smart-random not found, using fallback
Strategy smart-random not found, using fallback
Strategy smart-random not found, using fallback
Strategy smart-random not found, using fallback
Strategy smart-random not found, using fallback
Strategy smart-random not found, using fallback
Strategy smart-random not found, using fallback
Strategy smart-random not found, using fallback
Strategy smart-random not found, using fallback
Strategy smart-random not found, using fallback
Strategy smart-random not found, using fallback
Strategy smart-random not found, using fallback
Strategy smart-random not found, using fallback
Strategy smart-random not found, using fallback
Strategy smart-random not found, using fallback
Strategy smart-random not found, using fallback
Strategy smart-random not found, using fallback
Strategy smart-random not found, using fallback
Strategy smart-random not found, using fallback
Strategy smart-random not found, using fallback
Strategy smart-random not found, using fallback
Strategy smart-random not found, using fallback
Strategy smart-random not found, using fallback
Strategy smart-random not found, using fallback
Strategy smart-random not found, using fallback
Strategy smart-random not found, using fallback
Strategy smart-random not found, using fallback
Strategy smart-random not found, using fallback
Strategy smart-random not found, using fallback
Strategy smart-random not found, using fallback
Strategy smart-random not found, using fallback
Strategy smart-random not found, using fallback
Strategy smart-random not found, using fallback
Strategy smart-random not found, using fallback
Strategy smart-random not found, using fallback
Strategy smart-random not found, using fallback
Strategy smart-random not found, using fallback
Strategy smart-random not found, using fallback
Strategy smart-random not found, using fallback
Strategy smart-random not found, using fallback
Strategy smart-random not found, using fallback
Strategy smart-random not found, using fallback
Strategy smart-random not found, using fallback
Strategy smart-random not found, using fallback
Strategy smart-random not found, using fallback
Strategy smart-random not found, using fallback
Strategy smart-random not found, using fallback
Strategy smart-random not found, using fallback
Strategy smart-random not found, using fallback
Strategy smart-random not found, using fallback
Strategy smart-random not found, using fallback
Strategy smart-random not found, using fallback
Strategy smart-random not found, using fallback
Strategy smart-random not found, using fallback
Strategy smart-random not found, using fallback
Strategy smart-random not found, using fallback
Strategy smart-random not found, using fallback
Strategy smart-random not found, using fallback
Strategy smart-random not found, using fallback
Strategy smart-random not found, using fallback
Strategy smart-random not found, using fallback
Strategy smart-random not found, using fallback
Strategy smart-random not found, using fallback
Strategy smart-random not found, using fallback
Strategy smart-random not found, using fallback
Strategy smart-random not found, using fallback
Strategy smart-random not found, using fallback
Strategy smart-random not found, using fallback
Strategy smart-random not found, using fallback
Strategy smart-random not found, using fallback
Strategy smart-random not found, using fallback
Strategy smart-random not found, using fallback
Strategy smart-random not found, using fallback
Strategy smart-random not found, using fallback
Strategy smart-random not found, using fallback
Strategy smart-random not found, using fallback
Strategy smart-random not found, using fallback
Strategy smart-random not found, using fallback
Strategy smart-random not found, using fallback
Strategy smart-random not found, using fallback
Strategy smart-random not found, using fallback
Strategy smart-random not found, using fallback
Strategy smart-random not found, using fallback
Strategy smart-random not found, using fallback
Strategy smart-random not found, using fallback
Strategy smart-random not found, using fallback
Strategy smart-random not found, using fallback
Strategy smart-random not found, using fallback
Strategy smart-random not found, using fallback
Strategy smart-random not found, using fallback
Strategy smart-random not found, using fallback
Strategy smart-random not found, using fallback
Strategy smart-random not found, using fallback
Strategy smart-random not found, using fallback
Strategy smart-random not found, using fallback
Strategy smart-random not found, using fallback
Strategy smart-random not found, using fallback
Strategy smart-random not found, using fallback
Strategy smart-random not found, using fallback
Strategy smart-random not found, using fallback
Strategy smart-random not found, using fallback
Strategy smart-random not found, using fallback
Strategy smart-random not found, using fallback
Strategy smart-random not found, using fallback
Strategy smart-random not found, using fallback
Strategy smart-random not found, using fallback
Strategy smart-random not found, using fallback
Strategy smart-random not found, using fallback
Strategy smart-random not found, using fallback
Strategy smart-random not found, using fallback
Strategy smart-random not found, using fallback
Strategy smart-random not found, using fallback
Strategy smart-random not found, using fallback
Strategy smart-random not found, using fallback
Strategy smart-random not found, using fallback
Strategy smart-random not found, using fallback
Strategy smart-random not found, using fallback
Strategy smart-random not found, using fallback
Strategy smart-random not found, using fallback
Strategy smart-random not found, using fallback
Strategy smart-random not found, using fallback
Strategy smart-random not found, using fallback
Strategy smart-random not found, using fallback
Strategy smart-random not found, using fallback
Strategy smart-random not found, using fallback
Strategy smart-random not found, using fallback
Strategy smart-random not found, using fallback
Strategy smart-random not found, using fallback
Strategy smart-random not found, using fallback
Strategy smart-random not found, using fallback
Strategy smart-random not found, using fallback
Strategy smart-random not found, using fallback
Strategy smart-random not found, using fallback
Strategy smart-random not found, using fallback
Strategy smart-random not found, using fallback
Strategy smart-random not found, using fallback
Strategy smart-random not found, using fallback
Strategy smart-random not found, using fallback
Strategy smart-random not found, using fallback
Strategy smart-random not found, using fallback
Strategy smart-random not found, using fallback
Strategy smart-random not found, using fallback
Strategy smart-random not found, using fallback
Strategy smart-random not found, using fallback
Strategy smart-random not found, using fallback
Strategy smart-random not found, using fallback
Strategy smart-random not found, using fallback
Strategy smart-random not found, using fallback
Strategy smart-random not found, using fallback
Strategy smart-random not found, using fallback
Strategy smart-random not found, using fallback
Strategy smart-random not found, using fallback
Strategy smart-random not found, using fallback
Strategy smart-random not found, using fallback
Strategy smart-random not found, using fallback
Strategy smart-random not found, using fallback
Strategy smart-random not found, using fallback
Strategy smart-random not found, using fallback
Strategy smart-random not found, using fallback
Strategy smart-random not found, using fallback
Strategy smart-random not found, using fallback
Strategy smart-random not found, using fallback
Strategy smart-random not found, using fallback
Strategy smart-random not found, using fallback
Strategy smart-random not found, using fallback
Strategy smart-random not found, using fallback
Strategy smart-random not found, using fallback
Strategy smart-random not found, using fallback
Strategy smart-random not found, using fallback
Strategy smart-random not found, using fallback
Strategy smart-random not found, using fallback
Strategy smart-random not found, using fallback
Strategy smart-random not found, using fallback
Strategy smart-random not found, using fallback
Strategy smart-random not found, using fallback
Strategy smart-random not found, using fallback
Strategy smart-random not found, using fallback
Strategy smart-random not found, using fallback
Strategy smart-random not found, using fallback
Strategy smart-random not found, using fallback
Strategy smart-random not found, using fallback
Strategy smart-random not found, using fallback
Strategy smart-random not found, using fallback
Strategy smart-random not found, using fallback
Strategy smart-random not found, using fallback
Strategy smart-random not found, using fallback
Strategy smart-random not found, using fallback
Strategy smart-random not found, using fallback
Strategy smart-random not found, using fallback
Strategy smart-random not found, using fallback
Strategy smart-random not found, using fallback
Strategy smart-random not found, using fallback
Strategy smart-random not found, using fallback
Strategy smart-random not found, using fallback
Strategy smart-random not found, using fallback
Strategy smart-random not found, using fallback
Strategy smart-random not found, using fallback
Strategy smart-random not found, using fallback
Strategy smart-random not found, using fallback
Strategy smart-random not found, using fallback
Strategy smart-random not found, using fallback
Strategy smart-random not found, using fallback
Strategy smart-random not found, using fallback
Strategy smart-random not found, using fallback
Strategy smart-random not found, using fallback
Strategy smart-random not found, using fallback
Strategy smart-random not found, using fallback
Strategy smart-random not found, using fallback
Strategy smart-random not found, using fallback
Strategy smart-random not found, using fallback
Strategy smart-random not found, using fallback
Strategy smart-random not found, using fallback
Strategy smart-random not found, using fallback
Strategy smart-random not found, using fallback
Strategy smart-random not found, using fallback
Strategy smart-random not found, using fallback
Strategy smart-random not found, using fallback
Strategy smart-random not found, using fallback
Strategy smart-random not found, using fallback
Strategy smart-random not found, using fallback
Strategy smart-random not found, using fallback
Strategy smart-random not found, using fallback
Strategy smart-random not found, using fallback
Strategy smart-random not found, using fallback
Strategy smart-random not found, using fallback
Strategy smart-random not found, using fallback
Strategy smart-random not found, using fallback
Strategy smart-random not found, using fallback
Strategy smart-random not found, using fallback
Strategy smart-random not found, using fallback
Strategy smart-random not found, using fallback
Strategy smart-random not found, using fallback
Strategy smart-random not found, using fallback
Strategy smart-random not found, using fallback
Strategy smart-random not found, using fallback
Strategy smart-random not found, using fallback
Strategy smart-random not found, using fallback
Strategy smart-random not found, using fallback
Strategy smart-random not found, using fallback
Strategy smart-random not found, using fallback
Strategy smart-random not found, using fallback
Strategy smart-random not found, using fallback
Strategy smart-random not found, using fallback
Strategy smart-random not found, using fallback
Strategy smart-random not found, using fallback
Strategy smart-random not found, using fallback
Strategy smart-random not found, using fallback
Strategy smart-random not found, using fallback
Strategy smart-random not found, using fallback
Strategy smart-random not found, using fallback
Strategy smart-random not found, using fallback
Strategy smart-random not found, using fallback
Strategy smart-random not found, using fallback

            </system-err>
        </testcase>
    </testsuite>
    <testsuite name="tests/vitest/universal-bot-logic.vitest.js" timestamp="2025-06-26T09:09:42.743Z" hostname="m-kuelshammer-fa2a77bb0c7c.rgsinzig.de" tests="16" failures="0" errors="0" skipped="0" time="0.074660208">
        <testcase classname="tests/vitest/universal-bot-logic.vitest.js" name="Universal Bot Logic (4-Stage System) &gt; STAGE 1: Direct Win Detection &gt; should detect horizontal winning move" time="0.024031167">
        </testcase>
        <testcase classname="tests/vitest/universal-bot-logic.vitest.js" name="Universal Bot Logic (4-Stage System) &gt; STAGE 1: Direct Win Detection &gt; should detect vertical winning move" time="0.0021015">
        </testcase>
        <testcase classname="tests/vitest/universal-bot-logic.vitest.js" name="Universal Bot Logic (4-Stage System) &gt; STAGE 1: Direct Win Detection &gt; should return null when no winning move exists" time="0.006301334">
        </testcase>
        <testcase classname="tests/vitest/universal-bot-logic.vitest.js" name="Universal Bot Logic (4-Stage System) &gt; STAGE 2: Comprehensive Blocking (includes _ x _ x _ pattern) &gt; should block immediate opponent winning move" time="0.002730083">
        </testcase>
        <testcase classname="tests/vitest/universal-bot-logic.vitest.js" name="Universal Bot Logic (4-Stage System) &gt; STAGE 2: Comprehensive Blocking (includes _ x _ x _ pattern) &gt; should block dangerous fork pattern _ x _ x" time="0.001404917">
        </testcase>
        <testcase classname="tests/vitest/universal-bot-logic.vitest.js" name="Universal Bot Logic (4-Stage System) &gt; STAGE 2: Comprehensive Blocking (includes _ x _ x _ pattern) &gt; should return null when no blocking needed" time="0.00411475">
        </testcase>
        <testcase classname="tests/vitest/universal-bot-logic.vitest.js" name="Universal Bot Logic (4-Stage System) &gt; STAGE 3: Safe Column Identification &gt; should identify safe columns (no traps)" time="0.0023275">
        </testcase>
        <testcase classname="tests/vitest/universal-bot-logic.vitest.js" name="Universal Bot Logic (4-Stage System) &gt; STAGE 3: Safe Column Identification &gt; should return all moves if no safe moves exist" time="0.001228709">
        </testcase>
        <testcase classname="tests/vitest/universal-bot-logic.vitest.js" name="Universal Bot Logic (4-Stage System) &gt; STAGE 4: Bot-Specific Selection &gt; easy bot should select randomly from safe columns" time="0.0010605">
        </testcase>
        <testcase classname="tests/vitest/universal-bot-logic.vitest.js" name="Universal Bot Logic (4-Stage System) &gt; STAGE 4: Bot-Specific Selection &gt; medium bot should prefer center columns" time="0.000816917">
        </testcase>
        <testcase classname="tests/vitest/universal-bot-logic.vitest.js" name="Universal Bot Logic (4-Stage System) &gt; STAGE 4: Bot-Specific Selection &gt; should handle single safe column" time="0.000751208">
        </testcase>
        <testcase classname="tests/vitest/universal-bot-logic.vitest.js" name="Universal Bot Logic (4-Stage System) &gt; STAGE 4: Bot-Specific Selection &gt; should return null for empty safe columns" time="0.006778291">
        </testcase>
        <testcase classname="tests/vitest/universal-bot-logic.vitest.js" name="Universal Bot Logic (4-Stage System) &gt; Universal Bot Logic Integration &gt; all bot difficulties should follow 4-stage process" time="0.0012575">
        </testcase>
        <testcase classname="tests/vitest/universal-bot-logic.vitest.js" name="Universal Bot Logic (4-Stage System) &gt; Universal Bot Logic Integration &gt; should prioritize winning over blocking" time="0.004021">
        </testcase>
        <testcase classname="tests/vitest/universal-bot-logic.vitest.js" name="Universal Bot Logic (4-Stage System) &gt; Universal Bot Logic Integration &gt; should prioritize blocking over safe random moves" time="0.000753709">
        </testcase>
        <testcase classname="tests/vitest/universal-bot-logic.vitest.js" name="Bot Performance Validation &gt; should run game series between bots without errors" time="0.012981625">
        </testcase>
    </testsuite>
</testsuites>
