{"numTotalTestSuites":65,"numPassedTestSuites":49,"numFailedTestSuites":16,"numPendingTestSuites":0,"numTotalTests":135,"numPassedTests":115,"numFailedTests":20,"numPendingTests":0,"numTodoTests":0,"snapshot":{"added":0,"failure":false,"filesAdded":0,"filesRemoved":0,"filesRemovedList":[],"filesUnmatched":0,"filesUpdated":0,"matched":0,"total":0,"unchecked":0,"uncheckedKeysByFile":[],"unmatched":0,"updated":0,"didUpdate":false},"startTime":1750709411785,"success":false,"testResults":[{"assertionResults":[{"ancestorTitles":["AI Strategy Enhanced Smart (DOM-dependent)"],"fullName":"AI Strategy Enhanced Smart (DOM-dependent) should handle strategic analysis integration","status":"passed","title":"should handle strategic analysis integration","duration":12.618499999999983,"failureMessages":[],"meta":{}},{"ancestorTitles":["AI Strategy Enhanced Smart (DOM-dependent)"],"fullName":"AI Strategy Enhanced Smart (DOM-dependent) should handle multiple consecutive moves without corruption","status":"passed","title":"should handle multiple consecutive moves without corruption","duration":8.64691700000003,"failureMessages":[],"meta":{}},{"ancestorTitles":["AI Strategy Enhanced Smart (DOM-dependent)"],"fullName":"AI Strategy Enhanced Smart (DOM-dependent) should apply even/odd strategy with DOM feedback","status":"passed","title":"should apply even/odd strategy with DOM feedback","duration":7.297790999999961,"failureMessages":[],"meta":{}},{"ancestorTitles":["AI Strategy Enhanced Smart (DOM-dependent)"],"fullName":"AI Strategy Enhanced Smart (DOM-dependent) should detect Zugzwang situations with UI integration","status":"passed","title":"should detect Zugzwang situations with UI integration","duration":6.361041999999998,"failureMessages":[],"meta":{}},{"ancestorTitles":["AI Strategy Enhanced Smart (DOM-dependent)"],"fullName":"AI Strategy Enhanced Smart (DOM-dependent) should analyze fork opportunities with DOM updates","status":"passed","title":"should analyze fork opportunities with DOM updates","duration":2.4340000000000828,"failureMessages":[],"meta":{}},{"ancestorTitles":["AI Strategy Enhanced Smart (DOM-dependent)"],"fullName":"AI Strategy Enhanced Smart (DOM-dependent) should fallback to safe random with DOM state","status":"passed","title":"should fallback to safe random with DOM state","duration":2.6095410000000356,"failureMessages":[],"meta":{}},{"ancestorTitles":["AI Strategy Enhanced Smart (DOM-dependent)"],"fullName":"AI Strategy Enhanced Smart (DOM-dependent) should maintain performance under complex board states","status":"passed","title":"should maintain performance under complex board states","duration":4.778500000000008,"failureMessages":[],"meta":{}},{"ancestorTitles":["AI Strategy Consistency (DOM-dependent)"],"fullName":"AI Strategy Consistency (DOM-dependent) should maintain move determinism for identical states","status":"passed","title":"should maintain move determinism for identical states","duration":1.1502499999999145,"failureMessages":[],"meta":{}},{"ancestorTitles":["AI Strategy Consistency (DOM-dependent)"],"fullName":"AI Strategy Consistency (DOM-dependent) should show differences between random vs strategic bots","status":"passed","title":"should show differences between random vs strategic bots","duration":7.318957999999952,"failureMessages":[],"meta":{}},{"ancestorTitles":["AI Strategy Consistency (DOM-dependent)"],"fullName":"AI Strategy Consistency (DOM-dependent) should show defensive vs offensive preferences","status":"passed","title":"should show defensive vs offensive preferences","duration":14.052000000000021,"failureMessages":[],"meta":{}},{"ancestorTitles":["AI Strategy Consistency (DOM-dependent)"],"fullName":"AI Strategy Consistency (DOM-dependent) should prevent state corruption during analysis","status":"passed","title":"should prevent state corruption during analysis","duration":1.1105840000000171,"failureMessages":[],"meta":{}},{"ancestorTitles":["AI Strategy Consistency (DOM-dependent)"],"fullName":"AI Strategy Consistency (DOM-dependent) should handle cross-bot performance in complex positions","status":"passed","title":"should handle cross-bot performance in complex positions","duration":1.3642919999999776,"failureMessages":[],"meta":{}},{"ancestorTitles":["AI Strategy Smart Random (DOM-dependent)"],"fullName":"AI Strategy Smart Random (DOM-dependent) should handle random fallback behavior with DOM","status":"passed","title":"should handle random fallback behavior with DOM","duration":1.030499999999961,"failureMessages":[],"meta":{}},{"ancestorTitles":["AI Strategy Smart Random (DOM-dependent)"],"fullName":"AI Strategy Smart Random (DOM-dependent) should maintain multiple move sequence consistency","status":"passed","title":"should maintain multiple move sequence consistency","duration":1.1757089999999835,"failureMessages":[],"meta":{}},{"ancestorTitles":["AI Strategy Smart Random (DOM-dependent)"],"fullName":"AI Strategy Smart Random (DOM-dependent) should perform well with helper analysis integration","status":"passed","title":"should perform well with helper analysis integration","duration":1.2164999999999964,"failureMessages":[],"meta":{}},{"ancestorTitles":["AI Strategy Smart Random (DOM-dependent)"],"fullName":"AI Strategy Smart Random (DOM-dependent) should handle state isolation across multiple calls","status":"passed","title":"should handle state isolation across multiple calls","duration":8.422957999999994,"failureMessages":[],"meta":{}}],"startTime":1750709413183,"endTime":1750709413265.4229,"status":"passed","message":"","name":"/Users/max/LogicCastle/tests/vitest/ai-strategy-dom-tests.vitest.js"},{"assertionResults":[{"ancestorTitles":["Bot Matrix Demo Tests"],"fullName":"Bot Matrix Demo Tests Demo: 50-Game Bot Matrix with \"Verlierer beginnt\" Logic","status":"passed","title":"Demo: 50-Game Bot Matrix with \"Verlierer beginnt\" Logic","duration":15.418790999999999,"failureMessages":[],"meta":{}}],"startTime":1750709413703,"endTime":1750709413718.4187,"status":"passed","message":"","name":"/Users/max/LogicCastle/tests/vitest/bot-matrix-demo.vitest.js"},{"assertionResults":[{"ancestorTitles":["Bot Performance Validation - 100 Game Series","Universal Logic Consistency"],"fullName":"Bot Performance Validation - 100 Game Series Universal Logic Consistency should complete 100 games without errors (Easy vs Medium)","status":"passed","title":"should complete 100 games without errors (Easy vs Medium)","duration":57.651958000000036,"failureMessages":[],"meta":{}},{"ancestorTitles":["Bot Performance Validation - 100 Game Series","Universal Logic Consistency"],"fullName":"Bot Performance Validation - 100 Game Series Universal Logic Consistency should complete 100 games without errors (Medium vs Hard)","status":"passed","title":"should complete 100 games without errors (Medium vs Hard)","duration":35.658457999999996,"failureMessages":[],"meta":{}},{"ancestorTitles":["Bot Performance Validation - 100 Game Series","Universal Logic Consistency"],"fullName":"Bot Performance Validation - 100 Game Series Universal Logic Consistency should show skill differential (Hard vs Easy)","status":"passed","title":"should show skill differential (Hard vs Easy)","duration":23.885042,"failureMessages":[],"meta":{}},{"ancestorTitles":["Bot Performance Validation - 100 Game Series","Universal Logic Implementation Validation"],"fullName":"Bot Performance Validation - 100 Game Series Universal Logic Implementation Validation all bots should follow 4-stage decision process","status":"passed","title":"all bots should follow 4-stage decision process","duration":7.1119169999999485,"failureMessages":[],"meta":{}},{"ancestorTitles":["Bot Performance Validation - 100 Game Series","Universal Logic Implementation Validation"],"fullName":"Bot Performance Validation - 100 Game Series Universal Logic Implementation Validation no bot should make illegal moves in extended play","status":"passed","title":"no bot should make illegal moves in extended play","duration":6.191332999999986,"failureMessages":[],"meta":{}},{"ancestorTitles":["Bot Performance Validation - 100 Game Series","Performance Metrics"],"fullName":"Bot Performance Validation - 100 Game Series Performance Metrics game completion rate should be 100%","status":"passed","title":"game completion rate should be 100%","duration":20.111375000000066,"failureMessages":[],"meta":{}}],"startTime":1750709413211,"endTime":1750709413362.1113,"status":"passed","message":"","name":"/Users/max/LogicCastle/tests/vitest/bot-performance-100-series.vitest.js"},{"assertionResults":[{"ancestorTitles":["Bot Strength Comparison Tests"],"fullName":"Bot Strength Comparison Tests Enhanced Smart Bot should beat Smart Random Bot majority of time","status":"passed","title":"Enhanced Smart Bot should beat Smart Random Bot majority of time","duration":13.00866700000006,"failureMessages":[],"meta":{}},{"ancestorTitles":["Bot Strength Comparison Tests"],"fullName":"Bot Strength Comparison Tests Enhanced Smart Bot should dominate Easy Bot","status":"passed","title":"Enhanced Smart Bot should dominate Easy Bot","duration":1.5136660000000575,"failureMessages":[],"meta":{}},{"ancestorTitles":["Bot Strength Comparison Tests"],"fullName":"Bot Strength Comparison Tests Smart Random Bot should beat Easy Bot","status":"passed","title":"Smart Random Bot should beat Easy Bot","duration":0.8621249999999918,"failureMessages":[],"meta":{}},{"ancestorTitles":["Bot Strength Comparison Tests"],"fullName":"Bot Strength Comparison Tests Enhanced Smart Bot should have higher strategic move ratio","status":"failed","title":"Enhanced Smart Bot should have higher strategic move ratio","duration":6.21066600000006,"failureMessages":["AssertionError: expected 0.88 to be greater than 0.88\n    at /Users/max/LogicCastle/tests/vitest/bot-strength-comparison.vitest.js:603:48\n    at file:///Users/max/LogicCastle/node_modules/@vitest/runner/dist/chunk-hooks.js:155:11\n    at file:///Users/max/LogicCastle/node_modules/@vitest/runner/dist/chunk-hooks.js:752:26\n    at file:///Users/max/LogicCastle/node_modules/@vitest/runner/dist/chunk-hooks.js:1897:20\n    at new Promise (<anonymous>)\n    at runWithTimeout (file:///Users/max/LogicCastle/node_modules/@vitest/runner/dist/chunk-hooks.js:1863:10)\n    at runTest (file:///Users/max/LogicCastle/node_modules/@vitest/runner/dist/chunk-hooks.js:1574:12)\n    at processTicksAndRejections (node:internal/process/task_queues:105:5)\n    at runSuite (file:///Users/max/LogicCastle/node_modules/@vitest/runner/dist/chunk-hooks.js:1729:8)\n    at runSuite (file:///Users/max/LogicCastle/node_modules/@vitest/runner/dist/chunk-hooks.js:1729:8)"],"meta":{}},{"ancestorTitles":["Bot Strength Comparison Tests"],"fullName":"Bot Strength Comparison Tests All bots should prefer strategic opening moves","status":"passed","title":"All bots should prefer strategic opening moves","duration":0.8297919999999976,"failureMessages":[],"meta":{}},{"ancestorTitles":["Bot Strength Comparison Tests"],"fullName":"Bot Strength Comparison Tests Bots should handle complex board states without crashing","status":"passed","title":"Bots should handle complex board states without crashing","duration":1.026124999999979,"failureMessages":[],"meta":{}},{"ancestorTitles":["Bot Strength Comparison Tests"],"fullName":"Bot Strength Comparison Tests Bot strength hierarchy should be maintained","status":"passed","title":"Bot strength hierarchy should be maintained","duration":13.75208299999997,"failureMessages":[],"meta":{}},{"ancestorTitles":["Bot Strength Comparison Tests"],"fullName":"Bot Strength Comparison Tests 1000-Game Bot Matrix Analysis with \"Verlierer beginnt\" Logic","status":"failed","title":"1000-Game Bot Matrix Analysis with \"Verlierer beginnt\" Logic","duration":87.58354099999997,"failureMessages":["AssertionError: expected 0 to be greater than 0.45\n    at /Users/max/LogicCastle/tests/vitest/bot-strength-comparison.vitest.js:743:39\n    at Array.forEach (<anonymous>)\n    at /Users/max/LogicCastle/tests/vitest/bot-strength-comparison.vitest.js:736:18\n    at file:///Users/max/LogicCastle/node_modules/@vitest/runner/dist/chunk-hooks.js:155:11\n    at file:///Users/max/LogicCastle/node_modules/@vitest/runner/dist/chunk-hooks.js:752:26\n    at file:///Users/max/LogicCastle/node_modules/@vitest/runner/dist/chunk-hooks.js:1897:20\n    at new Promise (<anonymous>)\n    at runWithTimeout (file:///Users/max/LogicCastle/node_modules/@vitest/runner/dist/chunk-hooks.js:1863:10)\n    at runTest (file:///Users/max/LogicCastle/node_modules/@vitest/runner/dist/chunk-hooks.js:1574:12)\n    at processTicksAndRejections (node:internal/process/task_queues:105:5)"],"meta":{}}],"startTime":1750709412600,"endTime":1750709412724.5835,"status":"failed","message":"","name":"/Users/max/LogicCastle/tests/vitest/bot-strength-comparison.vitest.js"},{"assertionResults":[{"ancestorTitles":["Bot Tournament System"],"fullName":"Bot Tournament System should run complete tournament and establish rankings","status":"passed","title":"should run complete tournament and establish rankings","duration":22.46920799999998,"failureMessages":[],"meta":{}},{"ancestorTitles":["Bot Tournament System"],"fullName":"Bot Tournament System should validate Enhanced Smart Bot performance metrics","status":"passed","title":"should validate Enhanced Smart Bot performance metrics","duration":36.21637499999997,"failureMessages":[],"meta":{}},{"ancestorTitles":["Bot Tournament System"],"fullName":"Bot Tournament System should demonstrate strategic improvement over time","status":"passed","title":"should demonstrate strategic improvement over time","duration":18.51887499999998,"failureMessages":[],"meta":{}}],"startTime":1750709412613,"endTime":1750709412690.5188,"status":"passed","message":"","name":"/Users/max/LogicCastle/tests/vitest/bot-tournament.vitest.js"},{"assertionResults":[{"ancestorTitles":["Comprehensive 5x5 Bot Matrix - 100 Game Series"],"fullName":"Comprehensive 5x5 Bot Matrix - 100 Game Series should run complete 5x5 matrix and generate performance table","status":"passed","title":"should run complete 5x5 matrix and generate performance table","duration":438.7645829999999,"failureMessages":[],"meta":{}}],"startTime":1750709412599,"endTime":1750709413037.7646,"status":"passed","message":"","name":"/Users/max/LogicCastle/tests/vitest/comprehensive-bot-matrix-5x5.vitest.js"},{"assertionResults":[{"ancestorTitles":["Debug Bot Matrix"],"fullName":"Debug Bot Matrix should count all games correctly","status":"passed","title":"should count all games correctly","duration":7.295999999999992,"failureMessages":[],"meta":{}},{"ancestorTitles":["Debug Bot Matrix"],"fullName":"Debug Bot Matrix should run small matrix without errors","status":"passed","title":"should run small matrix without errors","duration":1.2717499999999973,"failureMessages":[],"meta":{}}],"startTime":1750709413709,"endTime":1750709413718.2717,"status":"passed","message":"","name":"/Users/max/LogicCastle/tests/vitest/debug-bot-matrix.vitest.js"},{"assertionResults":[{"ancestorTitles":["Fork Detection Core Logic","Classic Fork Pattern Detection"],"fullName":"Fork Detection Core Logic Classic Fork Pattern Detection should detect _ x _ x _ pattern (user example)","status":"failed","title":"should detect _ x _ x _ pattern (user example)","duration":16.870625000000018,"failureMessages":["AssertionError: expected 0 to be greater than 0\n    at /Users/max/LogicCastle/tests/vitest/fork-detection.vitest.js:160:34\n    at file:///Users/max/LogicCastle/node_modules/@vitest/runner/dist/chunk-hooks.js:155:11\n    at file:///Users/max/LogicCastle/node_modules/@vitest/runner/dist/chunk-hooks.js:752:26\n    at file:///Users/max/LogicCastle/node_modules/@vitest/runner/dist/chunk-hooks.js:1897:20\n    at new Promise (<anonymous>)\n    at runWithTimeout (file:///Users/max/LogicCastle/node_modules/@vitest/runner/dist/chunk-hooks.js:1863:10)\n    at runTest (file:///Users/max/LogicCastle/node_modules/@vitest/runner/dist/chunk-hooks.js:1574:12)\n    at processTicksAndRejections (node:internal/process/task_queues:105:5)\n    at runSuite (file:///Users/max/LogicCastle/node_modules/@vitest/runner/dist/chunk-hooks.js:1729:8)\n    at runSuite (file:///Users/max/LogicCastle/node_modules/@vitest/runner/dist/chunk-hooks.js:1729:8)"],"meta":{}},{"ancestorTitles":["Fork Detection Core Logic","Classic Fork Pattern Detection"],"fullName":"Fork Detection Core Logic Classic Fork Pattern Detection should detect _ x _ x pattern","status":"failed","title":"should detect _ x _ x pattern","duration":2.874082999999928,"failureMessages":["AssertionError: expected 2 to be 1 // Object.is equality\n    at /Users/max/LogicCastle/tests/vitest/fork-detection.vitest.js:173:34\n    at file:///Users/max/LogicCastle/node_modules/@vitest/runner/dist/chunk-hooks.js:155:11\n    at file:///Users/max/LogicCastle/node_modules/@vitest/runner/dist/chunk-hooks.js:752:26\n    at file:///Users/max/LogicCastle/node_modules/@vitest/runner/dist/chunk-hooks.js:1897:20\n    at new Promise (<anonymous>)\n    at runWithTimeout (file:///Users/max/LogicCastle/node_modules/@vitest/runner/dist/chunk-hooks.js:1863:10)\n    at runTest (file:///Users/max/LogicCastle/node_modules/@vitest/runner/dist/chunk-hooks.js:1574:12)\n    at processTicksAndRejections (node:internal/process/task_queues:105:5)\n    at runSuite (file:///Users/max/LogicCastle/node_modules/@vitest/runner/dist/chunk-hooks.js:1729:8)\n    at runSuite (file:///Users/max/LogicCastle/node_modules/@vitest/runner/dist/chunk-hooks.js:1729:8)"],"meta":{}},{"ancestorTitles":["Fork Detection Core Logic","Classic Fork Pattern Detection"],"fullName":"Fork Detection Core Logic Classic Fork Pattern Detection should detect x _ x _ pattern","status":"passed","title":"should detect x _ x _ pattern","duration":0.8260830000000396,"failureMessages":[],"meta":{}},{"ancestorTitles":["Fork Detection Core Logic","Classic Fork Pattern Detection"],"fullName":"Fork Detection Core Logic Classic Fork Pattern Detection should detect _ x x _ pattern","status":"passed","title":"should detect _ x x _ pattern","duration":0.7338330000000042,"failureMessages":[],"meta":{}},{"ancestorTitles":["Fork Detection Core Logic","Fork Counter-Move Calculation"],"fullName":"Fork Detection Core Logic Fork Counter-Move Calculation should calculate correct counter moves for _ x _ x pattern","status":"failed","title":"should calculate correct counter moves for _ x _ x pattern","duration":0.9090830000000096,"failureMessages":["AssertionError: expected 2 to be 1 // Object.is equality\n    at /Users/max/LogicCastle/tests/vitest/fork-detection.vitest.js:206:34\n    at file:///Users/max/LogicCastle/node_modules/@vitest/runner/dist/chunk-hooks.js:155:11\n    at file:///Users/max/LogicCastle/node_modules/@vitest/runner/dist/chunk-hooks.js:752:26\n    at file:///Users/max/LogicCastle/node_modules/@vitest/runner/dist/chunk-hooks.js:1897:20\n    at new Promise (<anonymous>)\n    at runWithTimeout (file:///Users/max/LogicCastle/node_modules/@vitest/runner/dist/chunk-hooks.js:1863:10)\n    at runTest (file:///Users/max/LogicCastle/node_modules/@vitest/runner/dist/chunk-hooks.js:1574:12)\n    at processTicksAndRejections (node:internal/process/task_queues:105:5)\n    at runSuite (file:///Users/max/LogicCastle/node_modules/@vitest/runner/dist/chunk-hooks.js:1729:8)\n    at runSuite (file:///Users/max/LogicCastle/node_modules/@vitest/runner/dist/chunk-hooks.js:1729:8)"],"meta":{}},{"ancestorTitles":["Fork Detection Core Logic","Fork Counter-Move Calculation"],"fullName":"Fork Detection Core Logic Fork Counter-Move Calculation should prioritize center positions in counter moves","status":"passed","title":"should prioritize center positions in counter moves","duration":0.3587080000000924,"failureMessages":[],"meta":{}},{"ancestorTitles":["Fork Detection Core Logic","Critical Fork Defense"],"fullName":"Fork Detection Core Logic Critical Fork Defense should identify opponent forks as critical threats","status":"failed","title":"should identify opponent forks as critical threats","duration":0.6131250000000819,"failureMessages":["AssertionError: expected 2 to be 1 // Object.is equality\n    at /Users/max/LogicCastle/tests/vitest/fork-detection.vitest.js:243:45\n    at file:///Users/max/LogicCastle/node_modules/@vitest/runner/dist/chunk-hooks.js:155:11\n    at file:///Users/max/LogicCastle/node_modules/@vitest/runner/dist/chunk-hooks.js:752:26\n    at file:///Users/max/LogicCastle/node_modules/@vitest/runner/dist/chunk-hooks.js:1897:20\n    at new Promise (<anonymous>)\n    at runWithTimeout (file:///Users/max/LogicCastle/node_modules/@vitest/runner/dist/chunk-hooks.js:1863:10)\n    at runTest (file:///Users/max/LogicCastle/node_modules/@vitest/runner/dist/chunk-hooks.js:1574:12)\n    at processTicksAndRejections (node:internal/process/task_queues:105:5)\n    at runSuite (file:///Users/max/LogicCastle/node_modules/@vitest/runner/dist/chunk-hooks.js:1729:8)\n    at runSuite (file:///Users/max/LogicCastle/node_modules/@vitest/runner/dist/chunk-hooks.js:1729:8)"],"meta":{}},{"ancestorTitles":["Fork Detection Core Logic","Critical Fork Defense"],"fullName":"Fork Detection Core Logic Critical Fork Defense should provide specific columns for counter-moves","status":"passed","title":"should provide specific columns for counter-moves","duration":5.186666000000059,"failureMessages":[],"meta":{}},{"ancestorTitles":["Fork Detection Core Logic","Fork Opportunity Detection"],"fullName":"Fork Detection Core Logic Fork Opportunity Detection should find opportunities to create our own forks","status":"passed","title":"should find opportunities to create our own forks","duration":3.1475000000000364,"failureMessages":[],"meta":{}},{"ancestorTitles":["Fork Detection Core Logic","Edge Cases and Validation"],"fullName":"Fork Detection Core Logic Edge Cases and Validation should not detect forks when opponent pieces block pattern","status":"passed","title":"should not detect forks when opponent pieces block pattern","duration":1.5876670000000104,"failureMessages":[],"meta":{}},{"ancestorTitles":["Fork Detection Core Logic","Edge Cases and Validation"],"fullName":"Fork Detection Core Logic Edge Cases and Validation should handle empty board gracefully","status":"passed","title":"should handle empty board gracefully","duration":0.5610420000000431,"failureMessages":[],"meta":{}},{"ancestorTitles":["Fork Detection Core Logic","Edge Cases and Validation"],"fullName":"Fork Detection Core Logic Edge Cases and Validation should handle full board gracefully","status":"passed","title":"should handle full board gracefully","duration":0.37141699999995126,"failureMessages":[],"meta":{}},{"ancestorTitles":["Fork Detection Core Logic","Real Game Scenario Testing"],"fullName":"Fork Detection Core Logic Real Game Scenario Testing should solve the user reported problem: _ _ x x x _ _","status":"passed","title":"should solve the user reported problem: _ _ x x x _ _","duration":1.855374999999981,"failureMessages":[],"meta":{}},{"ancestorTitles":["Fork Detection Core Logic","Real Game Scenario Testing"],"fullName":"Fork Detection Core Logic Real Game Scenario Testing should recognize when player X can create winning fork","status":"passed","title":"should recognize when player X can create winning fork","duration":0.6068749999999454,"failureMessages":[],"meta":{}}],"startTime":1750709412595,"endTime":1750709412631.607,"status":"failed","message":"","name":"/Users/max/LogicCastle/tests/vitest/fork-detection.vitest.js"},{"assertionResults":[{"ancestorTitles":["Simple Math Tests (Vitest Demo)"],"fullName":"Simple Math Tests (Vitest Demo) should perform basic calculations","status":"passed","title":"should perform basic calculations","duration":7.013000000000034,"failureMessages":[],"meta":{}},{"ancestorTitles":["Simple Math Tests (Vitest Demo)"],"fullName":"Simple Math Tests (Vitest Demo) should work with DOM elements","status":"passed","title":"should work with DOM elements","duration":2.05841700000002,"failureMessages":[],"meta":{}},{"ancestorTitles":["Simple Math Tests (Vitest Demo)"],"fullName":"Simple Math Tests (Vitest Demo) should handle async operations","status":"passed","title":"should handle async operations","duration":16.879707999999994,"failureMessages":[],"meta":{}},{"ancestorTitles":["Simple Math Tests (Vitest Demo)"],"fullName":"Simple Math Tests (Vitest Demo) should provide performance timing","status":"passed","title":"should provide performance timing","duration":1.1794999999999618,"failureMessages":[],"meta":{}},{"ancestorTitles":["Array and Object Tests"],"fullName":"Array and Object Tests should handle array operations","status":"passed","title":"should handle array operations","duration":1.3677089999999907,"failureMessages":[],"meta":{}},{"ancestorTitles":["Array and Object Tests"],"fullName":"Array and Object Tests should handle object operations","status":"passed","title":"should handle object operations","duration":7.641124999999988,"failureMessages":[],"meta":{}},{"ancestorTitles":["Array and Object Tests"],"fullName":"Array and Object Tests should handle deep equality","status":"passed","title":"should handle deep equality","duration":0.7269579999999678,"failureMessages":[],"meta":{}},{"ancestorTitles":["Error Handling Tests"],"fullName":"Error Handling Tests should catch thrown errors","status":"passed","title":"should catch thrown errors","duration":0.5862500000000068,"failureMessages":[],"meta":{}},{"ancestorTitles":["Error Handling Tests"],"fullName":"Error Handling Tests should handle function calls that should not throw","status":"passed","title":"should handle function calls that should not throw","duration":0.8674589999999966,"failureMessages":[],"meta":{}},{"ancestorTitles":["Game Logic Simulation (without actual classes)"],"fullName":"Game Logic Simulation (without actual classes) should simulate board operations","status":"passed","title":"should simulate board operations","duration":0.5740829999999733,"failureMessages":[],"meta":{}},{"ancestorTitles":["Game Logic Simulation (without actual classes)"],"fullName":"Game Logic Simulation (without actual classes) should simulate win detection logic","status":"passed","title":"should simulate win detection logic","duration":0.2783749999999827,"failureMessages":[],"meta":{}},{"ancestorTitles":["Game Logic Simulation (without actual classes)"],"fullName":"Game Logic Simulation (without actual classes) should simulate valid moves checking","status":"passed","title":"should simulate valid moves checking","duration":5.127207999999996,"failureMessages":[],"meta":{}}],"startTime":1750709413220,"endTime":1750709413266.1272,"status":"passed","message":"","name":"/Users/max/LogicCastle/tests/vitest/simple-backend.vitest.js"},{"assertionResults":[{"ancestorTitles":["Strategic Bot Fix Validation"],"fullName":"Strategic Bot Fix Validation Each strategic bot type uses distinct implementation","status":"passed","title":"Each strategic bot type uses distinct implementation","duration":7.00629200000003,"failureMessages":[],"meta":{}},{"ancestorTitles":["Strategic Bot Fix Validation"],"fullName":"Strategic Bot Fix Validation getBestMove routes to specific strategy methods","status":"passed","title":"getBestMove routes to specific strategy methods","duration":1.4984999999999786,"failureMessages":[],"meta":{}},{"ancestorTitles":["Strategic Bot Fix Validation"],"fullName":"Strategic Bot Fix Validation Strategic bots show different move preferences","status":"passed","title":"Strategic bots show different move preferences","duration":2.269790999999998,"failureMessages":[],"meta":{}},{"ancestorTitles":["Strategic Bot Fix Validation"],"fullName":"Strategic Bot Fix Validation Universal logic fallback works for unknown bot types","status":"passed","title":"Universal logic fallback works for unknown bot types","duration":0.6792089999999575,"failureMessages":[],"meta":{}},{"ancestorTitles":["Performance Impact Assessment"],"fullName":"Performance Impact Assessment Strategic routing does not significantly impact performance","status":"passed","title":"Strategic routing does not significantly impact performance","duration":1.3275000000000432,"failureMessages":[],"meta":{}}],"startTime":1750709413511,"endTime":1750709413524.3274,"status":"passed","message":"","name":"/Users/max/LogicCastle/tests/vitest/strategic-bot-fix-validation.vitest.js"},{"assertionResults":[{"ancestorTitles":["UI Bot Mapping Logic","Bot Difficulty Mapping"],"fullName":"UI Bot Mapping Logic Bot Difficulty Mapping should map vs-bot-easy to offensiv-gemischt (Rank #4)","status":"passed","title":"should map vs-bot-easy to offensiv-gemischt (Rank #4)","duration":6.662499999999966,"failureMessages":[],"meta":{}},{"ancestorTitles":["UI Bot Mapping Logic","Bot Difficulty Mapping"],"fullName":"UI Bot Mapping Logic Bot Difficulty Mapping should map vs-bot-medium to enhanced-smart (Rank #2)","status":"passed","title":"should map vs-bot-medium to enhanced-smart (Rank #2)","duration":0.940084000000013,"failureMessages":[],"meta":{}},{"ancestorTitles":["UI Bot Mapping Logic","Bot Difficulty Mapping"],"fullName":"UI Bot Mapping Logic Bot Difficulty Mapping should map vs-bot-strong to defensive (Rank #1)","status":"passed","title":"should map vs-bot-strong to defensive (Rank #1)","duration":0.6554590000000076,"failureMessages":[],"meta":{}},{"ancestorTitles":["UI Bot Mapping Logic","Bot Difficulty Mapping"],"fullName":"UI Bot Mapping Logic Bot Difficulty Mapping should maintain legacy vs-bot-smart compatibility","status":"passed","title":"should maintain legacy vs-bot-smart compatibility","duration":0.7884999999999991,"failureMessages":[],"meta":{}},{"ancestorTitles":["UI Bot Mapping Logic","Bot Difficulty Mapping"],"fullName":"UI Bot Mapping Logic Bot Difficulty Mapping should default to easy for unknown modes","status":"passed","title":"should default to easy for unknown modes","duration":0.49712500000003956,"failureMessages":[],"meta":{}},{"ancestorTitles":["UI Bot Mapping Logic","AI Mode Detection"],"fullName":"UI Bot Mapping Logic AI Mode Detection should correctly identify AI modes","status":"passed","title":"should correctly identify AI modes","duration":0.4446670000000381,"failureMessages":[],"meta":{}},{"ancestorTitles":["UI Bot Mapping Logic","Player Name Configuration"],"fullName":"UI Bot Mapping Logic Player Name Configuration should set correct player names for bot modes","status":"passed","title":"should set correct player names for bot modes","duration":0.26983300000000554,"failureMessages":[],"meta":{}},{"ancestorTitles":["UI Bot Mapping Logic","Player Name Configuration"],"fullName":"UI Bot Mapping Logic Player Name Configuration should return default name for non-bot modes","status":"passed","title":"should return default name for non-bot modes","duration":0.208500000000015,"failureMessages":[],"meta":{}},{"ancestorTitles":["UI Bot Mapping Logic","Bot Strength Hierarchy Validation"],"fullName":"UI Bot Mapping Logic Bot Strength Hierarchy Validation should implement correct strength ordering based on scientific analysis","status":"passed","title":"should implement correct strength ordering based on scientific analysis","duration":0.8360420000000204,"failureMessages":[],"meta":{}},{"ancestorTitles":["UI Bot Mapping Logic","Bot Strength Hierarchy Validation"],"fullName":"UI Bot Mapping Logic Bot Strength Hierarchy Validation should provide meaningful difficulty progression","status":"passed","title":"should provide meaningful difficulty progression","duration":0.5664590000000089,"failureMessages":[],"meta":{}},{"ancestorTitles":["UI Bot Mapping Logic","Performance Validation Documentation"],"fullName":"UI Bot Mapping Logic Performance Validation Documentation should document that bot selection is scientifically validated","status":"passed","title":"should document that bot selection is scientifically validated","duration":0.6742909999999824,"failureMessages":[],"meta":{}},{"ancestorTitles":["UI Bot Mapping Logic","Performance Validation Documentation"],"fullName":"UI Bot Mapping Logic Performance Validation Documentation should validate available bot modes match HTML select options","status":"passed","title":"should validate available bot modes match HTML select options","duration":0.33279199999998355,"failureMessages":[],"meta":{}}],"startTime":1750709413724,"endTime":1750709413737.3328,"status":"passed","message":"","name":"/Users/max/LogicCastle/tests/vitest/ui-bot-mapping-simple.vitest.js"},{"assertionResults":[{"ancestorTitles":["UI Bot Mode Validation","Bot Mode Detection"],"fullName":"UI Bot Mode Validation Bot Mode Detection should correctly identify AI modes","status":"failed","title":"should correctly identify AI modes","duration":9.066833999999972,"failureMessages":["TypeError: Cannot set properties of undefined (setting 'innerHTML')\n    at /Users/max/LogicCastle/tests/vitest-setup.js:35:27\n    at file:///Users/max/LogicCastle/node_modules/@vitest/runner/dist/chunk-hooks.js:155:11\n    at file:///Users/max/LogicCastle/node_modules/@vitest/runner/dist/chunk-hooks.js:1897:20\n    at new Promise (<anonymous>)\n    at runWithTimeout (file:///Users/max/LogicCastle/node_modules/@vitest/runner/dist/chunk-hooks.js:1863:10)\n    at runHook (file:///Users/max/LogicCastle/node_modules/@vitest/runner/dist/chunk-hooks.js:1436:51)\n    at callSuiteHook (file:///Users/max/LogicCastle/node_modules/@vitest/runner/dist/chunk-hooks.js:1442:25)\n    at callSuiteHook (file:///Users/max/LogicCastle/node_modules/@vitest/runner/dist/chunk-hooks.js:1429:27)\n    at callSuiteHook (file:///Users/max/LogicCastle/node_modules/@vitest/runner/dist/chunk-hooks.js:1429:27)\n    at runTest (file:///Users/max/LogicCastle/node_modules/@vitest/runner/dist/chunk-hooks.js:1566:32)","TypeError: Cannot set properties of undefined (setting 'innerHTML')\n    at /Users/max/LogicCastle/tests/vitest-setup.js:46:27\n    at file:///Users/max/LogicCastle/node_modules/@vitest/runner/dist/chunk-hooks.js:155:11\n    at file:///Users/max/LogicCastle/node_modules/@vitest/runner/dist/chunk-hooks.js:1897:20\n    at new Promise (<anonymous>)\n    at runWithTimeout (file:///Users/max/LogicCastle/node_modules/@vitest/runner/dist/chunk-hooks.js:1863:10)\n    at runHook (file:///Users/max/LogicCastle/node_modules/@vitest/runner/dist/chunk-hooks.js:1436:51)\n    at callSuiteHook (file:///Users/max/LogicCastle/node_modules/@vitest/runner/dist/chunk-hooks.js:1442:25)\n    at callSuiteHook (file:///Users/max/LogicCastle/node_modules/@vitest/runner/dist/chunk-hooks.js:1449:27)\n    at callSuiteHook (file:///Users/max/LogicCastle/node_modules/@vitest/runner/dist/chunk-hooks.js:1449:27)\n    at runTest (file:///Users/max/LogicCastle/node_modules/@vitest/runner/dist/chunk-hooks.js:1597:11)"],"meta":{}},{"ancestorTitles":["UI Bot Mode Validation","Bot Difficulty Mapping"],"fullName":"UI Bot Mode Validation Bot Difficulty Mapping should map vs-bot-easy to offensiv-gemischt (Rank #4)","status":"failed","title":"should map vs-bot-easy to offensiv-gemischt (Rank #4)","duration":0.7094999999999345,"failureMessages":["TypeError: Cannot set properties of undefined (setting 'innerHTML')\n    at /Users/max/LogicCastle/tests/vitest-setup.js:35:27\n    at file:///Users/max/LogicCastle/node_modules/@vitest/runner/dist/chunk-hooks.js:155:11\n    at file:///Users/max/LogicCastle/node_modules/@vitest/runner/dist/chunk-hooks.js:1897:20\n    at new Promise (<anonymous>)\n    at runWithTimeout (file:///Users/max/LogicCastle/node_modules/@vitest/runner/dist/chunk-hooks.js:1863:10)\n    at runHook (file:///Users/max/LogicCastle/node_modules/@vitest/runner/dist/chunk-hooks.js:1436:51)\n    at callSuiteHook (file:///Users/max/LogicCastle/node_modules/@vitest/runner/dist/chunk-hooks.js:1442:25)\n    at callSuiteHook (file:///Users/max/LogicCastle/node_modules/@vitest/runner/dist/chunk-hooks.js:1429:27)\n    at callSuiteHook (file:///Users/max/LogicCastle/node_modules/@vitest/runner/dist/chunk-hooks.js:1429:27)\n    at runTest (file:///Users/max/LogicCastle/node_modules/@vitest/runner/dist/chunk-hooks.js:1566:32)","TypeError: Cannot set properties of undefined (setting 'innerHTML')\n    at /Users/max/LogicCastle/tests/vitest-setup.js:46:27\n    at file:///Users/max/LogicCastle/node_modules/@vitest/runner/dist/chunk-hooks.js:155:11\n    at file:///Users/max/LogicCastle/node_modules/@vitest/runner/dist/chunk-hooks.js:1897:20\n    at new Promise (<anonymous>)\n    at runWithTimeout (file:///Users/max/LogicCastle/node_modules/@vitest/runner/dist/chunk-hooks.js:1863:10)\n    at runHook (file:///Users/max/LogicCastle/node_modules/@vitest/runner/dist/chunk-hooks.js:1436:51)\n    at callSuiteHook (file:///Users/max/LogicCastle/node_modules/@vitest/runner/dist/chunk-hooks.js:1442:25)\n    at callSuiteHook (file:///Users/max/LogicCastle/node_modules/@vitest/runner/dist/chunk-hooks.js:1449:27)\n    at callSuiteHook (file:///Users/max/LogicCastle/node_modules/@vitest/runner/dist/chunk-hooks.js:1449:27)\n    at runTest (file:///Users/max/LogicCastle/node_modules/@vitest/runner/dist/chunk-hooks.js:1597:11)"],"meta":{}},{"ancestorTitles":["UI Bot Mode Validation","Bot Difficulty Mapping"],"fullName":"UI Bot Mode Validation Bot Difficulty Mapping should map vs-bot-medium to enhanced-smart (Rank #2)","status":"failed","title":"should map vs-bot-medium to enhanced-smart (Rank #2)","duration":0.438083000000006,"failureMessages":["TypeError: Cannot set properties of undefined (setting 'innerHTML')\n    at /Users/max/LogicCastle/tests/vitest-setup.js:35:27\n    at file:///Users/max/LogicCastle/node_modules/@vitest/runner/dist/chunk-hooks.js:155:11\n    at file:///Users/max/LogicCastle/node_modules/@vitest/runner/dist/chunk-hooks.js:1897:20\n    at new Promise (<anonymous>)\n    at runWithTimeout (file:///Users/max/LogicCastle/node_modules/@vitest/runner/dist/chunk-hooks.js:1863:10)\n    at runHook (file:///Users/max/LogicCastle/node_modules/@vitest/runner/dist/chunk-hooks.js:1436:51)\n    at callSuiteHook (file:///Users/max/LogicCastle/node_modules/@vitest/runner/dist/chunk-hooks.js:1442:25)\n    at callSuiteHook (file:///Users/max/LogicCastle/node_modules/@vitest/runner/dist/chunk-hooks.js:1429:27)\n    at callSuiteHook (file:///Users/max/LogicCastle/node_modules/@vitest/runner/dist/chunk-hooks.js:1429:27)\n    at runTest (file:///Users/max/LogicCastle/node_modules/@vitest/runner/dist/chunk-hooks.js:1566:32)","TypeError: Cannot set properties of undefined (setting 'innerHTML')\n    at /Users/max/LogicCastle/tests/vitest-setup.js:46:27\n    at file:///Users/max/LogicCastle/node_modules/@vitest/runner/dist/chunk-hooks.js:155:11\n    at file:///Users/max/LogicCastle/node_modules/@vitest/runner/dist/chunk-hooks.js:1897:20\n    at new Promise (<anonymous>)\n    at runWithTimeout (file:///Users/max/LogicCastle/node_modules/@vitest/runner/dist/chunk-hooks.js:1863:10)\n    at runHook (file:///Users/max/LogicCastle/node_modules/@vitest/runner/dist/chunk-hooks.js:1436:51)\n    at callSuiteHook (file:///Users/max/LogicCastle/node_modules/@vitest/runner/dist/chunk-hooks.js:1442:25)\n    at callSuiteHook (file:///Users/max/LogicCastle/node_modules/@vitest/runner/dist/chunk-hooks.js:1449:27)\n    at callSuiteHook (file:///Users/max/LogicCastle/node_modules/@vitest/runner/dist/chunk-hooks.js:1449:27)\n    at runTest (file:///Users/max/LogicCastle/node_modules/@vitest/runner/dist/chunk-hooks.js:1597:11)"],"meta":{}},{"ancestorTitles":["UI Bot Mode Validation","Bot Difficulty Mapping"],"fullName":"UI Bot Mode Validation Bot Difficulty Mapping should map vs-bot-strong to defensive (Rank #1)","status":"failed","title":"should map vs-bot-strong to defensive (Rank #1)","duration":1.3563340000000608,"failureMessages":["TypeError: Cannot set properties of undefined (setting 'innerHTML')\n    at /Users/max/LogicCastle/tests/vitest-setup.js:35:27\n    at file:///Users/max/LogicCastle/node_modules/@vitest/runner/dist/chunk-hooks.js:155:11\n    at file:///Users/max/LogicCastle/node_modules/@vitest/runner/dist/chunk-hooks.js:1897:20\n    at new Promise (<anonymous>)\n    at runWithTimeout (file:///Users/max/LogicCastle/node_modules/@vitest/runner/dist/chunk-hooks.js:1863:10)\n    at runHook (file:///Users/max/LogicCastle/node_modules/@vitest/runner/dist/chunk-hooks.js:1436:51)\n    at callSuiteHook (file:///Users/max/LogicCastle/node_modules/@vitest/runner/dist/chunk-hooks.js:1442:25)\n    at callSuiteHook (file:///Users/max/LogicCastle/node_modules/@vitest/runner/dist/chunk-hooks.js:1429:27)\n    at callSuiteHook (file:///Users/max/LogicCastle/node_modules/@vitest/runner/dist/chunk-hooks.js:1429:27)\n    at runTest (file:///Users/max/LogicCastle/node_modules/@vitest/runner/dist/chunk-hooks.js:1566:32)","TypeError: Cannot set properties of undefined (setting 'innerHTML')\n    at /Users/max/LogicCastle/tests/vitest-setup.js:46:27\n    at file:///Users/max/LogicCastle/node_modules/@vitest/runner/dist/chunk-hooks.js:155:11\n    at file:///Users/max/LogicCastle/node_modules/@vitest/runner/dist/chunk-hooks.js:1897:20\n    at new Promise (<anonymous>)\n    at runWithTimeout (file:///Users/max/LogicCastle/node_modules/@vitest/runner/dist/chunk-hooks.js:1863:10)\n    at runHook (file:///Users/max/LogicCastle/node_modules/@vitest/runner/dist/chunk-hooks.js:1436:51)\n    at callSuiteHook (file:///Users/max/LogicCastle/node_modules/@vitest/runner/dist/chunk-hooks.js:1442:25)\n    at callSuiteHook (file:///Users/max/LogicCastle/node_modules/@vitest/runner/dist/chunk-hooks.js:1449:27)\n    at callSuiteHook (file:///Users/max/LogicCastle/node_modules/@vitest/runner/dist/chunk-hooks.js:1449:27)\n    at runTest (file:///Users/max/LogicCastle/node_modules/@vitest/runner/dist/chunk-hooks.js:1597:11)"],"meta":{}},{"ancestorTitles":["UI Bot Mode Validation","Bot Difficulty Mapping"],"fullName":"UI Bot Mode Validation Bot Difficulty Mapping should maintain legacy vs-bot-smart compatibility","status":"failed","title":"should maintain legacy vs-bot-smart compatibility","duration":0.7151250000000573,"failureMessages":["TypeError: Cannot set properties of undefined (setting 'innerHTML')\n    at /Users/max/LogicCastle/tests/vitest-setup.js:35:27\n    at file:///Users/max/LogicCastle/node_modules/@vitest/runner/dist/chunk-hooks.js:155:11\n    at file:///Users/max/LogicCastle/node_modules/@vitest/runner/dist/chunk-hooks.js:1897:20\n    at new Promise (<anonymous>)\n    at runWithTimeout (file:///Users/max/LogicCastle/node_modules/@vitest/runner/dist/chunk-hooks.js:1863:10)\n    at runHook (file:///Users/max/LogicCastle/node_modules/@vitest/runner/dist/chunk-hooks.js:1436:51)\n    at callSuiteHook (file:///Users/max/LogicCastle/node_modules/@vitest/runner/dist/chunk-hooks.js:1442:25)\n    at callSuiteHook (file:///Users/max/LogicCastle/node_modules/@vitest/runner/dist/chunk-hooks.js:1429:27)\n    at callSuiteHook (file:///Users/max/LogicCastle/node_modules/@vitest/runner/dist/chunk-hooks.js:1429:27)\n    at runTest (file:///Users/max/LogicCastle/node_modules/@vitest/runner/dist/chunk-hooks.js:1566:32)","TypeError: Cannot set properties of undefined (setting 'innerHTML')\n    at /Users/max/LogicCastle/tests/vitest-setup.js:46:27\n    at file:///Users/max/LogicCastle/node_modules/@vitest/runner/dist/chunk-hooks.js:155:11\n    at file:///Users/max/LogicCastle/node_modules/@vitest/runner/dist/chunk-hooks.js:1897:20\n    at new Promise (<anonymous>)\n    at runWithTimeout (file:///Users/max/LogicCastle/node_modules/@vitest/runner/dist/chunk-hooks.js:1863:10)\n    at runHook (file:///Users/max/LogicCastle/node_modules/@vitest/runner/dist/chunk-hooks.js:1436:51)\n    at callSuiteHook (file:///Users/max/LogicCastle/node_modules/@vitest/runner/dist/chunk-hooks.js:1442:25)\n    at callSuiteHook (file:///Users/max/LogicCastle/node_modules/@vitest/runner/dist/chunk-hooks.js:1449:27)\n    at callSuiteHook (file:///Users/max/LogicCastle/node_modules/@vitest/runner/dist/chunk-hooks.js:1449:27)\n    at runTest (file:///Users/max/LogicCastle/node_modules/@vitest/runner/dist/chunk-hooks.js:1597:11)"],"meta":{}},{"ancestorTitles":["UI Bot Mode Validation","Bot Strength Hierarchy"],"fullName":"UI Bot Mode Validation Bot Strength Hierarchy should implement correct strength ordering","status":"failed","title":"should implement correct strength ordering","duration":0.61262499999998,"failureMessages":["TypeError: Cannot set properties of undefined (setting 'innerHTML')\n    at /Users/max/LogicCastle/tests/vitest-setup.js:35:27\n    at file:///Users/max/LogicCastle/node_modules/@vitest/runner/dist/chunk-hooks.js:155:11\n    at file:///Users/max/LogicCastle/node_modules/@vitest/runner/dist/chunk-hooks.js:1897:20\n    at new Promise (<anonymous>)\n    at runWithTimeout (file:///Users/max/LogicCastle/node_modules/@vitest/runner/dist/chunk-hooks.js:1863:10)\n    at runHook (file:///Users/max/LogicCastle/node_modules/@vitest/runner/dist/chunk-hooks.js:1436:51)\n    at callSuiteHook (file:///Users/max/LogicCastle/node_modules/@vitest/runner/dist/chunk-hooks.js:1442:25)\n    at callSuiteHook (file:///Users/max/LogicCastle/node_modules/@vitest/runner/dist/chunk-hooks.js:1429:27)\n    at callSuiteHook (file:///Users/max/LogicCastle/node_modules/@vitest/runner/dist/chunk-hooks.js:1429:27)\n    at runTest (file:///Users/max/LogicCastle/node_modules/@vitest/runner/dist/chunk-hooks.js:1566:32)","TypeError: Cannot set properties of undefined (setting 'innerHTML')\n    at /Users/max/LogicCastle/tests/vitest-setup.js:46:27\n    at file:///Users/max/LogicCastle/node_modules/@vitest/runner/dist/chunk-hooks.js:155:11\n    at file:///Users/max/LogicCastle/node_modules/@vitest/runner/dist/chunk-hooks.js:1897:20\n    at new Promise (<anonymous>)\n    at runWithTimeout (file:///Users/max/LogicCastle/node_modules/@vitest/runner/dist/chunk-hooks.js:1863:10)\n    at runHook (file:///Users/max/LogicCastle/node_modules/@vitest/runner/dist/chunk-hooks.js:1436:51)\n    at callSuiteHook (file:///Users/max/LogicCastle/node_modules/@vitest/runner/dist/chunk-hooks.js:1442:25)\n    at callSuiteHook (file:///Users/max/LogicCastle/node_modules/@vitest/runner/dist/chunk-hooks.js:1449:27)\n    at callSuiteHook (file:///Users/max/LogicCastle/node_modules/@vitest/runner/dist/chunk-hooks.js:1449:27)\n    at runTest (file:///Users/max/LogicCastle/node_modules/@vitest/runner/dist/chunk-hooks.js:1597:11)"],"meta":{}},{"ancestorTitles":["UI Bot Mode Validation","Bot Strength Hierarchy"],"fullName":"UI Bot Mode Validation Bot Strength Hierarchy should use scientifically validated bot rankings","status":"failed","title":"should use scientifically validated bot rankings","duration":0.3608329999999569,"failureMessages":["TypeError: Cannot set properties of undefined (setting 'innerHTML')\n    at /Users/max/LogicCastle/tests/vitest-setup.js:35:27\n    at file:///Users/max/LogicCastle/node_modules/@vitest/runner/dist/chunk-hooks.js:155:11\n    at file:///Users/max/LogicCastle/node_modules/@vitest/runner/dist/chunk-hooks.js:1897:20\n    at new Promise (<anonymous>)\n    at runWithTimeout (file:///Users/max/LogicCastle/node_modules/@vitest/runner/dist/chunk-hooks.js:1863:10)\n    at runHook (file:///Users/max/LogicCastle/node_modules/@vitest/runner/dist/chunk-hooks.js:1436:51)\n    at callSuiteHook (file:///Users/max/LogicCastle/node_modules/@vitest/runner/dist/chunk-hooks.js:1442:25)\n    at callSuiteHook (file:///Users/max/LogicCastle/node_modules/@vitest/runner/dist/chunk-hooks.js:1429:27)\n    at callSuiteHook (file:///Users/max/LogicCastle/node_modules/@vitest/runner/dist/chunk-hooks.js:1429:27)\n    at runTest (file:///Users/max/LogicCastle/node_modules/@vitest/runner/dist/chunk-hooks.js:1566:32)","TypeError: Cannot set properties of undefined (setting 'innerHTML')\n    at /Users/max/LogicCastle/tests/vitest-setup.js:46:27\n    at file:///Users/max/LogicCastle/node_modules/@vitest/runner/dist/chunk-hooks.js:155:11\n    at file:///Users/max/LogicCastle/node_modules/@vitest/runner/dist/chunk-hooks.js:1897:20\n    at new Promise (<anonymous>)\n    at runWithTimeout (file:///Users/max/LogicCastle/node_modules/@vitest/runner/dist/chunk-hooks.js:1863:10)\n    at runHook (file:///Users/max/LogicCastle/node_modules/@vitest/runner/dist/chunk-hooks.js:1436:51)\n    at callSuiteHook (file:///Users/max/LogicCastle/node_modules/@vitest/runner/dist/chunk-hooks.js:1442:25)\n    at callSuiteHook (file:///Users/max/LogicCastle/node_modules/@vitest/runner/dist/chunk-hooks.js:1449:27)\n    at callSuiteHook (file:///Users/max/LogicCastle/node_modules/@vitest/runner/dist/chunk-hooks.js:1449:27)\n    at runTest (file:///Users/max/LogicCastle/node_modules/@vitest/runner/dist/chunk-hooks.js:1597:11)"],"meta":{}},{"ancestorTitles":["UI Bot Mode Validation","Player Name Configuration"],"fullName":"UI Bot Mode Validation Player Name Configuration should set correct player names for bot modes","status":"failed","title":"should set correct player names for bot modes","duration":0.5017920000000231,"failureMessages":["TypeError: Cannot set properties of undefined (setting 'innerHTML')\n    at /Users/max/LogicCastle/tests/vitest-setup.js:35:27\n    at file:///Users/max/LogicCastle/node_modules/@vitest/runner/dist/chunk-hooks.js:155:11\n    at file:///Users/max/LogicCastle/node_modules/@vitest/runner/dist/chunk-hooks.js:1897:20\n    at new Promise (<anonymous>)\n    at runWithTimeout (file:///Users/max/LogicCastle/node_modules/@vitest/runner/dist/chunk-hooks.js:1863:10)\n    at runHook (file:///Users/max/LogicCastle/node_modules/@vitest/runner/dist/chunk-hooks.js:1436:51)\n    at callSuiteHook (file:///Users/max/LogicCastle/node_modules/@vitest/runner/dist/chunk-hooks.js:1442:25)\n    at callSuiteHook (file:///Users/max/LogicCastle/node_modules/@vitest/runner/dist/chunk-hooks.js:1429:27)\n    at callSuiteHook (file:///Users/max/LogicCastle/node_modules/@vitest/runner/dist/chunk-hooks.js:1429:27)\n    at runTest (file:///Users/max/LogicCastle/node_modules/@vitest/runner/dist/chunk-hooks.js:1566:32)","TypeError: Cannot set properties of undefined (setting 'innerHTML')\n    at /Users/max/LogicCastle/tests/vitest-setup.js:46:27\n    at file:///Users/max/LogicCastle/node_modules/@vitest/runner/dist/chunk-hooks.js:155:11\n    at file:///Users/max/LogicCastle/node_modules/@vitest/runner/dist/chunk-hooks.js:1897:20\n    at new Promise (<anonymous>)\n    at runWithTimeout (file:///Users/max/LogicCastle/node_modules/@vitest/runner/dist/chunk-hooks.js:1863:10)\n    at runHook (file:///Users/max/LogicCastle/node_modules/@vitest/runner/dist/chunk-hooks.js:1436:51)\n    at callSuiteHook (file:///Users/max/LogicCastle/node_modules/@vitest/runner/dist/chunk-hooks.js:1442:25)\n    at callSuiteHook (file:///Users/max/LogicCastle/node_modules/@vitest/runner/dist/chunk-hooks.js:1449:27)\n    at callSuiteHook (file:///Users/max/LogicCastle/node_modules/@vitest/runner/dist/chunk-hooks.js:1449:27)\n    at runTest (file:///Users/max/LogicCastle/node_modules/@vitest/runner/dist/chunk-hooks.js:1597:11)"],"meta":{}},{"ancestorTitles":["UI Bot Mode Validation","Player Name Configuration"],"fullName":"UI Bot Mode Validation Player Name Configuration should reset player names for two-player mode","status":"failed","title":"should reset player names for two-player mode","duration":0.5301670000000058,"failureMessages":["TypeError: Cannot set properties of undefined (setting 'innerHTML')\n    at /Users/max/LogicCastle/tests/vitest-setup.js:35:27\n    at file:///Users/max/LogicCastle/node_modules/@vitest/runner/dist/chunk-hooks.js:155:11\n    at file:///Users/max/LogicCastle/node_modules/@vitest/runner/dist/chunk-hooks.js:1897:20\n    at new Promise (<anonymous>)\n    at runWithTimeout (file:///Users/max/LogicCastle/node_modules/@vitest/runner/dist/chunk-hooks.js:1863:10)\n    at runHook (file:///Users/max/LogicCastle/node_modules/@vitest/runner/dist/chunk-hooks.js:1436:51)\n    at callSuiteHook (file:///Users/max/LogicCastle/node_modules/@vitest/runner/dist/chunk-hooks.js:1442:25)\n    at callSuiteHook (file:///Users/max/LogicCastle/node_modules/@vitest/runner/dist/chunk-hooks.js:1429:27)\n    at callSuiteHook (file:///Users/max/LogicCastle/node_modules/@vitest/runner/dist/chunk-hooks.js:1429:27)\n    at runTest (file:///Users/max/LogicCastle/node_modules/@vitest/runner/dist/chunk-hooks.js:1566:32)","TypeError: Cannot set properties of undefined (setting 'innerHTML')\n    at /Users/max/LogicCastle/tests/vitest-setup.js:46:27\n    at file:///Users/max/LogicCastle/node_modules/@vitest/runner/dist/chunk-hooks.js:155:11\n    at file:///Users/max/LogicCastle/node_modules/@vitest/runner/dist/chunk-hooks.js:1897:20\n    at new Promise (<anonymous>)\n    at runWithTimeout (file:///Users/max/LogicCastle/node_modules/@vitest/runner/dist/chunk-hooks.js:1863:10)\n    at runHook (file:///Users/max/LogicCastle/node_modules/@vitest/runner/dist/chunk-hooks.js:1436:51)\n    at callSuiteHook (file:///Users/max/LogicCastle/node_modules/@vitest/runner/dist/chunk-hooks.js:1442:25)\n    at callSuiteHook (file:///Users/max/LogicCastle/node_modules/@vitest/runner/dist/chunk-hooks.js:1449:27)\n    at callSuiteHook (file:///Users/max/LogicCastle/node_modules/@vitest/runner/dist/chunk-hooks.js:1449:27)\n    at runTest (file:///Users/max/LogicCastle/node_modules/@vitest/runner/dist/chunk-hooks.js:1597:11)"],"meta":{}},{"ancestorTitles":["UI Bot Mode Validation","AI Move Generation"],"fullName":"UI Bot Mode Validation AI Move Generation should generate valid moves for all bot difficulties","status":"failed","title":"should generate valid moves for all bot difficulties","duration":0.47516700000005585,"failureMessages":["TypeError: Cannot set properties of undefined (setting 'innerHTML')\n    at /Users/max/LogicCastle/tests/vitest-setup.js:35:27\n    at file:///Users/max/LogicCastle/node_modules/@vitest/runner/dist/chunk-hooks.js:155:11\n    at file:///Users/max/LogicCastle/node_modules/@vitest/runner/dist/chunk-hooks.js:1897:20\n    at new Promise (<anonymous>)\n    at runWithTimeout (file:///Users/max/LogicCastle/node_modules/@vitest/runner/dist/chunk-hooks.js:1863:10)\n    at runHook (file:///Users/max/LogicCastle/node_modules/@vitest/runner/dist/chunk-hooks.js:1436:51)\n    at callSuiteHook (file:///Users/max/LogicCastle/node_modules/@vitest/runner/dist/chunk-hooks.js:1442:25)\n    at callSuiteHook (file:///Users/max/LogicCastle/node_modules/@vitest/runner/dist/chunk-hooks.js:1429:27)\n    at callSuiteHook (file:///Users/max/LogicCastle/node_modules/@vitest/runner/dist/chunk-hooks.js:1429:27)\n    at runTest (file:///Users/max/LogicCastle/node_modules/@vitest/runner/dist/chunk-hooks.js:1566:32)","TypeError: Cannot set properties of undefined (setting 'innerHTML')\n    at /Users/max/LogicCastle/tests/vitest-setup.js:46:27\n    at file:///Users/max/LogicCastle/node_modules/@vitest/runner/dist/chunk-hooks.js:155:11\n    at file:///Users/max/LogicCastle/node_modules/@vitest/runner/dist/chunk-hooks.js:1897:20\n    at new Promise (<anonymous>)\n    at runWithTimeout (file:///Users/max/LogicCastle/node_modules/@vitest/runner/dist/chunk-hooks.js:1863:10)\n    at runHook (file:///Users/max/LogicCastle/node_modules/@vitest/runner/dist/chunk-hooks.js:1436:51)\n    at callSuiteHook (file:///Users/max/LogicCastle/node_modules/@vitest/runner/dist/chunk-hooks.js:1442:25)\n    at callSuiteHook (file:///Users/max/LogicCastle/node_modules/@vitest/runner/dist/chunk-hooks.js:1449:27)\n    at callSuiteHook (file:///Users/max/LogicCastle/node_modules/@vitest/runner/dist/chunk-hooks.js:1449:27)\n    at runTest (file:///Users/max/LogicCastle/node_modules/@vitest/runner/dist/chunk-hooks.js:1597:11)"],"meta":{}},{"ancestorTitles":["UI Bot Mode Validation","AI Move Generation"],"fullName":"UI Bot Mode Validation AI Move Generation should handle empty board scenarios","status":"failed","title":"should handle empty board scenarios","duration":0.3439589999999271,"failureMessages":["TypeError: Cannot set properties of undefined (setting 'innerHTML')\n    at /Users/max/LogicCastle/tests/vitest-setup.js:35:27\n    at file:///Users/max/LogicCastle/node_modules/@vitest/runner/dist/chunk-hooks.js:155:11\n    at file:///Users/max/LogicCastle/node_modules/@vitest/runner/dist/chunk-hooks.js:1897:20\n    at new Promise (<anonymous>)\n    at runWithTimeout (file:///Users/max/LogicCastle/node_modules/@vitest/runner/dist/chunk-hooks.js:1863:10)\n    at runHook (file:///Users/max/LogicCastle/node_modules/@vitest/runner/dist/chunk-hooks.js:1436:51)\n    at callSuiteHook (file:///Users/max/LogicCastle/node_modules/@vitest/runner/dist/chunk-hooks.js:1442:25)\n    at callSuiteHook (file:///Users/max/LogicCastle/node_modules/@vitest/runner/dist/chunk-hooks.js:1429:27)\n    at callSuiteHook (file:///Users/max/LogicCastle/node_modules/@vitest/runner/dist/chunk-hooks.js:1429:27)\n    at runTest (file:///Users/max/LogicCastle/node_modules/@vitest/runner/dist/chunk-hooks.js:1566:32)","TypeError: Cannot set properties of undefined (setting 'innerHTML')\n    at /Users/max/LogicCastle/tests/vitest-setup.js:46:27\n    at file:///Users/max/LogicCastle/node_modules/@vitest/runner/dist/chunk-hooks.js:155:11\n    at file:///Users/max/LogicCastle/node_modules/@vitest/runner/dist/chunk-hooks.js:1897:20\n    at new Promise (<anonymous>)\n    at runWithTimeout (file:///Users/max/LogicCastle/node_modules/@vitest/runner/dist/chunk-hooks.js:1863:10)\n    at runHook (file:///Users/max/LogicCastle/node_modules/@vitest/runner/dist/chunk-hooks.js:1436:51)\n    at callSuiteHook (file:///Users/max/LogicCastle/node_modules/@vitest/runner/dist/chunk-hooks.js:1442:25)\n    at callSuiteHook (file:///Users/max/LogicCastle/node_modules/@vitest/runner/dist/chunk-hooks.js:1449:27)\n    at callSuiteHook (file:///Users/max/LogicCastle/node_modules/@vitest/runner/dist/chunk-hooks.js:1449:27)\n    at runTest (file:///Users/max/LogicCastle/node_modules/@vitest/runner/dist/chunk-hooks.js:1597:11)"],"meta":{}},{"ancestorTitles":["UI Bot Mode Validation","Legacy Compatibility"],"fullName":"UI Bot Mode Validation Legacy Compatibility should maintain backward compatibility with existing modes","status":"failed","title":"should maintain backward compatibility with existing modes","duration":0.21550000000002,"failureMessages":["TypeError: Cannot set properties of undefined (setting 'innerHTML')\n    at /Users/max/LogicCastle/tests/vitest-setup.js:35:27\n    at file:///Users/max/LogicCastle/node_modules/@vitest/runner/dist/chunk-hooks.js:155:11\n    at file:///Users/max/LogicCastle/node_modules/@vitest/runner/dist/chunk-hooks.js:1897:20\n    at new Promise (<anonymous>)\n    at runWithTimeout (file:///Users/max/LogicCastle/node_modules/@vitest/runner/dist/chunk-hooks.js:1863:10)\n    at runHook (file:///Users/max/LogicCastle/node_modules/@vitest/runner/dist/chunk-hooks.js:1436:51)\n    at callSuiteHook (file:///Users/max/LogicCastle/node_modules/@vitest/runner/dist/chunk-hooks.js:1442:25)\n    at callSuiteHook (file:///Users/max/LogicCastle/node_modules/@vitest/runner/dist/chunk-hooks.js:1429:27)\n    at callSuiteHook (file:///Users/max/LogicCastle/node_modules/@vitest/runner/dist/chunk-hooks.js:1429:27)\n    at runTest (file:///Users/max/LogicCastle/node_modules/@vitest/runner/dist/chunk-hooks.js:1566:32)","TypeError: Cannot set properties of undefined (setting 'innerHTML')\n    at /Users/max/LogicCastle/tests/vitest-setup.js:46:27\n    at file:///Users/max/LogicCastle/node_modules/@vitest/runner/dist/chunk-hooks.js:155:11\n    at file:///Users/max/LogicCastle/node_modules/@vitest/runner/dist/chunk-hooks.js:1897:20\n    at new Promise (<anonymous>)\n    at runWithTimeout (file:///Users/max/LogicCastle/node_modules/@vitest/runner/dist/chunk-hooks.js:1863:10)\n    at runHook (file:///Users/max/LogicCastle/node_modules/@vitest/runner/dist/chunk-hooks.js:1436:51)\n    at callSuiteHook (file:///Users/max/LogicCastle/node_modules/@vitest/runner/dist/chunk-hooks.js:1442:25)\n    at callSuiteHook (file:///Users/max/LogicCastle/node_modules/@vitest/runner/dist/chunk-hooks.js:1449:27)\n    at callSuiteHook (file:///Users/max/LogicCastle/node_modules/@vitest/runner/dist/chunk-hooks.js:1449:27)\n    at runTest (file:///Users/max/LogicCastle/node_modules/@vitest/runner/dist/chunk-hooks.js:1597:11)"],"meta":{}},{"ancestorTitles":["UI Bot Mode Validation","Legacy Compatibility"],"fullName":"UI Bot Mode Validation Legacy Compatibility should handle unknown modes gracefully","status":"failed","title":"should handle unknown modes gracefully","duration":0.14199999999993906,"failureMessages":["TypeError: Cannot set properties of undefined (setting 'innerHTML')\n    at /Users/max/LogicCastle/tests/vitest-setup.js:35:27\n    at file:///Users/max/LogicCastle/node_modules/@vitest/runner/dist/chunk-hooks.js:155:11\n    at file:///Users/max/LogicCastle/node_modules/@vitest/runner/dist/chunk-hooks.js:1897:20\n    at new Promise (<anonymous>)\n    at runWithTimeout (file:///Users/max/LogicCastle/node_modules/@vitest/runner/dist/chunk-hooks.js:1863:10)\n    at runHook (file:///Users/max/LogicCastle/node_modules/@vitest/runner/dist/chunk-hooks.js:1436:51)\n    at callSuiteHook (file:///Users/max/LogicCastle/node_modules/@vitest/runner/dist/chunk-hooks.js:1442:25)\n    at callSuiteHook (file:///Users/max/LogicCastle/node_modules/@vitest/runner/dist/chunk-hooks.js:1429:27)\n    at callSuiteHook (file:///Users/max/LogicCastle/node_modules/@vitest/runner/dist/chunk-hooks.js:1429:27)\n    at runTest (file:///Users/max/LogicCastle/node_modules/@vitest/runner/dist/chunk-hooks.js:1566:32)","TypeError: Cannot set properties of undefined (setting 'innerHTML')\n    at /Users/max/LogicCastle/tests/vitest-setup.js:46:27\n    at file:///Users/max/LogicCastle/node_modules/@vitest/runner/dist/chunk-hooks.js:155:11\n    at file:///Users/max/LogicCastle/node_modules/@vitest/runner/dist/chunk-hooks.js:1897:20\n    at new Promise (<anonymous>)\n    at runWithTimeout (file:///Users/max/LogicCastle/node_modules/@vitest/runner/dist/chunk-hooks.js:1863:10)\n    at runHook (file:///Users/max/LogicCastle/node_modules/@vitest/runner/dist/chunk-hooks.js:1436:51)\n    at callSuiteHook (file:///Users/max/LogicCastle/node_modules/@vitest/runner/dist/chunk-hooks.js:1442:25)\n    at callSuiteHook (file:///Users/max/LogicCastle/node_modules/@vitest/runner/dist/chunk-hooks.js:1449:27)\n    at callSuiteHook (file:///Users/max/LogicCastle/node_modules/@vitest/runner/dist/chunk-hooks.js:1449:27)\n    at runTest (file:///Users/max/LogicCastle/node_modules/@vitest/runner/dist/chunk-hooks.js:1597:11)"],"meta":{}},{"ancestorTitles":["Bot Mode Performance Validation"],"fullName":"Bot Mode Performance Validation should validate that chosen bots are performance-tested","status":"failed","title":"should validate that chosen bots are performance-tested","duration":0.20899999999994634,"failureMessages":["TypeError: Cannot set properties of undefined (setting 'innerHTML')\n    at /Users/max/LogicCastle/tests/vitest-setup.js:35:27\n    at file:///Users/max/LogicCastle/node_modules/@vitest/runner/dist/chunk-hooks.js:155:11\n    at file:///Users/max/LogicCastle/node_modules/@vitest/runner/dist/chunk-hooks.js:1897:20\n    at new Promise (<anonymous>)\n    at runWithTimeout (file:///Users/max/LogicCastle/node_modules/@vitest/runner/dist/chunk-hooks.js:1863:10)\n    at runHook (file:///Users/max/LogicCastle/node_modules/@vitest/runner/dist/chunk-hooks.js:1436:51)\n    at callSuiteHook (file:///Users/max/LogicCastle/node_modules/@vitest/runner/dist/chunk-hooks.js:1442:25)\n    at callSuiteHook (file:///Users/max/LogicCastle/node_modules/@vitest/runner/dist/chunk-hooks.js:1429:27)\n    at runTest (file:///Users/max/LogicCastle/node_modules/@vitest/runner/dist/chunk-hooks.js:1566:32)\n    at processTicksAndRejections (node:internal/process/task_queues:105:5)","TypeError: Cannot set properties of undefined (setting 'innerHTML')\n    at /Users/max/LogicCastle/tests/vitest-setup.js:46:27\n    at file:///Users/max/LogicCastle/node_modules/@vitest/runner/dist/chunk-hooks.js:155:11\n    at file:///Users/max/LogicCastle/node_modules/@vitest/runner/dist/chunk-hooks.js:1897:20\n    at new Promise (<anonymous>)\n    at runWithTimeout (file:///Users/max/LogicCastle/node_modules/@vitest/runner/dist/chunk-hooks.js:1863:10)\n    at runHook (file:///Users/max/LogicCastle/node_modules/@vitest/runner/dist/chunk-hooks.js:1436:51)\n    at callSuiteHook (file:///Users/max/LogicCastle/node_modules/@vitest/runner/dist/chunk-hooks.js:1442:25)\n    at callSuiteHook (file:///Users/max/LogicCastle/node_modules/@vitest/runner/dist/chunk-hooks.js:1449:27)\n    at runTest (file:///Users/max/LogicCastle/node_modules/@vitest/runner/dist/chunk-hooks.js:1597:11)\n    at processTicksAndRejections (node:internal/process/task_queues:105:5)"],"meta":{}}],"startTime":1750709412600,"endTime":1750709412618.209,"status":"failed","message":"","name":"/Users/max/LogicCastle/tests/vitest/ui-bot-mode-validation.vitest.js"},{"assertionResults":[{"ancestorTitles":["UI Hints Modal Integration Tests"],"fullName":"UI Hints Modal Integration Tests Hints button should exist and have correct styling","status":"passed","title":"Hints button should exist and have correct styling","duration":37.48608300000001,"failureMessages":[],"meta":{}},{"ancestorTitles":["UI Hints Modal Integration Tests"],"fullName":"UI Hints Modal Integration Tests Hints modal should toggle on button click","status":"passed","title":"Hints modal should toggle on button click","duration":13.2790829999999,"failureMessages":[],"meta":{}},{"ancestorTitles":["UI Hints Modal Integration Tests"],"fullName":"UI Hints Modal Integration Tests F2 keyboard shortcut should toggle hints modal","status":"passed","title":"F2 keyboard shortcut should toggle hints modal","duration":6.600583000000029,"failureMessages":[],"meta":{}},{"ancestorTitles":["UI Hints Modal Integration Tests"],"fullName":"UI Hints Modal Integration Tests F1 keyboard shortcut should still work for help modal","status":"passed","title":"F1 keyboard shortcut should still work for help modal","duration":16.901665999999977,"failureMessages":[],"meta":{}},{"ancestorTitles":["UI Hints Modal Integration Tests"],"fullName":"UI Hints Modal Integration Tests Close button should close hints modal","status":"passed","title":"Close button should close hints modal","duration":12.537500000000023,"failureMessages":[],"meta":{}},{"ancestorTitles":["UI Hints Modal Integration Tests"],"fullName":"UI Hints Modal Integration Tests Click outside modal should close it","status":"passed","title":"Click outside modal should close it","duration":5.0116669999999885,"failureMessages":[],"meta":{}},{"ancestorTitles":["UI Hints Modal Integration Tests"],"fullName":"UI Hints Modal Integration Tests All help checkboxes should be present in modal","status":"passed","title":"All help checkboxes should be present in modal","duration":6.439999999999941,"failureMessages":[],"meta":{}},{"ancestorTitles":["UI Hints Modal Integration Tests"],"fullName":"UI Hints Modal Integration Tests Modal structure should be correct","status":"passed","title":"Modal structure should be correct","duration":4.534375000000068,"failureMessages":[],"meta":{}},{"ancestorTitles":["UI Hints Modal Integration Tests"],"fullName":"UI Hints Modal Integration Tests Modal should not interfere with game functionality","status":"passed","title":"Modal should not interfere with game functionality","duration":8.39108299999998,"failureMessages":[],"meta":{}},{"ancestorTitles":["UI Hints Modal Integration Tests"],"fullName":"UI Hints Modal Integration Tests Both modals should be able to coexist","status":"passed","title":"Both modals should be able to coexist","duration":7.010416999999961,"failureMessages":[],"meta":{}},{"ancestorTitles":["UI Hints Modal Integration Tests"],"fullName":"UI Hints Modal Integration Tests Checkbox states should persist across modal toggles","status":"passed","title":"Checkbox states should persist across modal toggles","duration":3.9756249999999227,"failureMessages":[],"meta":{}},{"ancestorTitles":["UI Hints Modal Integration Tests"],"fullName":"UI Hints Modal Integration Tests Event listeners should be properly attached","status":"passed","title":"Event listeners should be properly attached","duration":1.426541000000043,"failureMessages":[],"meta":{}}],"startTime":1750709412595,"endTime":1750709412718.4265,"status":"passed","message":"","name":"/Users/max/LogicCastle/tests/vitest/ui-hints-modal-integration.vitest.js"},{"assertionResults":[{"ancestorTitles":["UI Undo Conditional (Vitest Integration)"],"fullName":"UI Undo Conditional (Vitest Integration) should initialize undo state as disabled for both players","status":"passed","title":"should initialize undo state as disabled for both players","duration":21.597833999999978,"failureMessages":[],"meta":{}},{"ancestorTitles":["UI Undo Conditional (Vitest Integration)"],"fullName":"UI Undo Conditional (Vitest Integration) should bind undo checkbox elements correctly","status":"passed","title":"should bind undo checkbox elements correctly","duration":40.37362500000006,"failureMessages":[],"meta":{}},{"ancestorTitles":["UI Undo Conditional (Vitest Integration)"],"fullName":"UI Undo Conditional (Vitest Integration) should update undo state when Player 1 checkbox is toggled","status":"passed","title":"should update undo state when Player 1 checkbox is toggled","duration":8.622624999999971,"failureMessages":[],"meta":{}},{"ancestorTitles":["UI Undo Conditional (Vitest Integration)"],"fullName":"UI Undo Conditional (Vitest Integration) should update undo state when Player 2 checkbox is toggled","status":"passed","title":"should update undo state when Player 2 checkbox is toggled","duration":3.337582999999995,"failureMessages":[],"meta":{}},{"ancestorTitles":["UI Undo Conditional (Vitest Integration)"],"fullName":"UI Undo Conditional (Vitest Integration) should disable undo button when current player has undo disabled","status":"passed","title":"should disable undo button when current player has undo disabled","duration":2.068499999999972,"failureMessages":[],"meta":{}},{"ancestorTitles":["UI Undo Conditional (Vitest Integration)"],"fullName":"UI Undo Conditional (Vitest Integration) should enable undo button when current player has undo enabled","status":"passed","title":"should enable undo button when current player has undo enabled","duration":3.3326250000000073,"failureMessages":[],"meta":{}},{"ancestorTitles":["UI Undo Conditional (Vitest Integration)"],"fullName":"UI Undo Conditional (Vitest Integration) should prevent undo when current player has undo disabled","status":"passed","title":"should prevent undo when current player has undo disabled","duration":10.335541999999919,"failureMessages":[],"meta":{}},{"ancestorTitles":["UI Undo Conditional (Vitest Integration)"],"fullName":"UI Undo Conditional (Vitest Integration) should allow undo when current player has undo enabled","status":"passed","title":"should allow undo when current player has undo enabled","duration":2.4664999999999964,"failureMessages":[],"meta":{}},{"ancestorTitles":["UI Undo Conditional (Vitest Integration)"],"fullName":"UI Undo Conditional (Vitest Integration) should work independently for different players","status":"passed","title":"should work independently for different players","duration":1.7339170000000195,"failureMessages":[],"meta":{}},{"ancestorTitles":["UI Undo Conditional (Vitest Integration)"],"fullName":"UI Undo Conditional (Vitest Integration) should persist checkbox states correctly","status":"passed","title":"should persist checkbox states correctly","duration":4.648834000000079,"failureMessages":[],"meta":{}},{"ancestorTitles":["UI Undo Conditional (Vitest Integration)"],"fullName":"UI Undo Conditional (Vitest Integration) should respect undo settings during game state changes","status":"passed","title":"should respect undo settings during game state changes","duration":4.766542000000072,"failureMessages":[],"meta":{}},{"ancestorTitles":["UI Undo Conditional (Vitest Integration)"],"fullName":"UI Undo Conditional (Vitest Integration) should handle AI thinking state correctly","status":"passed","title":"should handle AI thinking state correctly","duration":1.2284170000000358,"failureMessages":[],"meta":{}}],"startTime":1750709413195,"endTime":1750709413300.2285,"status":"passed","message":"","name":"/Users/max/LogicCastle/tests/vitest/ui-undo-conditional.vitest.js"},{"assertionResults":[{"ancestorTitles":["Ultimate 5x5 Bot Matrix - 1000 Games with \"Verlierer beginnt\" Logic"],"fullName":"Ultimate 5x5 Bot Matrix - 1000 Games with \"Verlierer beginnt\" Logic should run complete 5x5 matrix with all bots and generate comprehensive analysis","status":"passed","title":"should run complete 5x5 matrix with all bots and generate comprehensive analysis","duration":2250.799459,"failureMessages":[],"meta":{}}],"startTime":1750709412595,"endTime":1750709414845.7996,"status":"passed","message":"","name":"/Users/max/LogicCastle/tests/vitest/ultimate-bot-matrix-1000.vitest.js"},{"assertionResults":[{"ancestorTitles":["Universal Bot Logic (4-Stage System)","STAGE 1: Direct Win Detection"],"fullName":"Universal Bot Logic (4-Stage System) STAGE 1: Direct Win Detection should detect horizontal winning move","status":"passed","title":"should detect horizontal winning move","duration":7.552708999999993,"failureMessages":[],"meta":{}},{"ancestorTitles":["Universal Bot Logic (4-Stage System)","STAGE 1: Direct Win Detection"],"fullName":"Universal Bot Logic (4-Stage System) STAGE 1: Direct Win Detection should detect vertical winning move","status":"passed","title":"should detect vertical winning move","duration":0.9964579999999614,"failureMessages":[],"meta":{}},{"ancestorTitles":["Universal Bot Logic (4-Stage System)","STAGE 1: Direct Win Detection"],"fullName":"Universal Bot Logic (4-Stage System) STAGE 1: Direct Win Detection should return null when no winning move exists","status":"passed","title":"should return null when no winning move exists","duration":0.7715829999999642,"failureMessages":[],"meta":{}},{"ancestorTitles":["Universal Bot Logic (4-Stage System)","STAGE 2: Comprehensive Blocking (includes _ x _ x _ pattern)"],"fullName":"Universal Bot Logic (4-Stage System) STAGE 2: Comprehensive Blocking (includes _ x _ x _ pattern) should block immediate opponent winning move","status":"passed","title":"should block immediate opponent winning move","duration":0.8154999999999859,"failureMessages":[],"meta":{}},{"ancestorTitles":["Universal Bot Logic (4-Stage System)","STAGE 2: Comprehensive Blocking (includes _ x _ x _ pattern)"],"fullName":"Universal Bot Logic (4-Stage System) STAGE 2: Comprehensive Blocking (includes _ x _ x _ pattern) should block dangerous fork pattern _ x _ x","status":"passed","title":"should block dangerous fork pattern _ x _ x","duration":0.9104999999999563,"failureMessages":[],"meta":{}},{"ancestorTitles":["Universal Bot Logic (4-Stage System)","STAGE 2: Comprehensive Blocking (includes _ x _ x _ pattern)"],"fullName":"Universal Bot Logic (4-Stage System) STAGE 2: Comprehensive Blocking (includes _ x _ x _ pattern) should return null when no blocking needed","status":"passed","title":"should return null when no blocking needed","duration":0.306459000000018,"failureMessages":[],"meta":{}},{"ancestorTitles":["Universal Bot Logic (4-Stage System)","STAGE 3: Safe Column Identification"],"fullName":"Universal Bot Logic (4-Stage System) STAGE 3: Safe Column Identification should identify safe columns (no traps)","status":"passed","title":"should identify safe columns (no traps)","duration":0.383041999999989,"failureMessages":[],"meta":{}},{"ancestorTitles":["Universal Bot Logic (4-Stage System)","STAGE 3: Safe Column Identification"],"fullName":"Universal Bot Logic (4-Stage System) STAGE 3: Safe Column Identification should return all moves if no safe moves exist","status":"passed","title":"should return all moves if no safe moves exist","duration":0.5854579999999601,"failureMessages":[],"meta":{}},{"ancestorTitles":["Universal Bot Logic (4-Stage System)","STAGE 4: Bot-Specific Selection"],"fullName":"Universal Bot Logic (4-Stage System) STAGE 4: Bot-Specific Selection easy bot should select randomly from safe columns","status":"passed","title":"easy bot should select randomly from safe columns","duration":10.777290999999991,"failureMessages":[],"meta":{}},{"ancestorTitles":["Universal Bot Logic (4-Stage System)","STAGE 4: Bot-Specific Selection"],"fullName":"Universal Bot Logic (4-Stage System) STAGE 4: Bot-Specific Selection medium bot should prefer center columns","status":"passed","title":"medium bot should prefer center columns","duration":0.625583000000006,"failureMessages":[],"meta":{}},{"ancestorTitles":["Universal Bot Logic (4-Stage System)","STAGE 4: Bot-Specific Selection"],"fullName":"Universal Bot Logic (4-Stage System) STAGE 4: Bot-Specific Selection should handle single safe column","status":"passed","title":"should handle single safe column","duration":0.2465829999999869,"failureMessages":[],"meta":{}},{"ancestorTitles":["Universal Bot Logic (4-Stage System)","STAGE 4: Bot-Specific Selection"],"fullName":"Universal Bot Logic (4-Stage System) STAGE 4: Bot-Specific Selection should return null for empty safe columns","status":"passed","title":"should return null for empty safe columns","duration":0.23124999999998863,"failureMessages":[],"meta":{}},{"ancestorTitles":["Universal Bot Logic (4-Stage System)","Universal Bot Logic Integration"],"fullName":"Universal Bot Logic (4-Stage System) Universal Bot Logic Integration all bot difficulties should follow 4-stage process","status":"passed","title":"all bot difficulties should follow 4-stage process","duration":2.423249999999996,"failureMessages":[],"meta":{}},{"ancestorTitles":["Universal Bot Logic (4-Stage System)","Universal Bot Logic Integration"],"fullName":"Universal Bot Logic (4-Stage System) Universal Bot Logic Integration should prioritize winning over blocking","status":"passed","title":"should prioritize winning over blocking","duration":0.37741700000003675,"failureMessages":[],"meta":{}},{"ancestorTitles":["Universal Bot Logic (4-Stage System)","Universal Bot Logic Integration"],"fullName":"Universal Bot Logic (4-Stage System) Universal Bot Logic Integration should prioritize blocking over safe random moves","status":"passed","title":"should prioritize blocking over safe random moves","duration":2.623166000000026,"failureMessages":[],"meta":{}},{"ancestorTitles":["Bot Performance Validation"],"fullName":"Bot Performance Validation should run game series between bots without errors","status":"passed","title":"should run game series between bots without errors","duration":12.628584000000046,"failureMessages":[],"meta":{}}],"startTime":1750709413223,"endTime":1750709413265.6287,"status":"passed","message":"","name":"/Users/max/LogicCastle/tests/vitest/universal-bot-logic.vitest.js"}]}