{"numTotalTestSuites":99,"numPassedTestSuites":96,"numFailedTestSuites":3,"numPendingTestSuites":0,"numTotalTests":199,"numPassedTests":197,"numFailedTests":1,"numPendingTests":1,"numTodoTests":0,"snapshot":{"added":0,"failure":false,"filesAdded":0,"filesRemoved":0,"filesRemovedList":[],"filesUnmatched":0,"filesUpdated":0,"matched":0,"total":0,"unchecked":0,"uncheckedKeysByFile":[],"unmatched":0,"updated":0,"didUpdate":false},"startTime":1750796498578,"success":false,"testResults":[{"assertionResults":[{"ancestorTitles":["AI Strategy Enhanced Smart (DOM-dependent)"],"fullName":"AI Strategy Enhanced Smart (DOM-dependent) should handle strategic analysis integration","status":"passed","title":"should handle strategic analysis integration","duration":226.17299999999977,"failureMessages":[],"meta":{}},{"ancestorTitles":["AI Strategy Enhanced Smart (DOM-dependent)"],"fullName":"AI Strategy Enhanced Smart (DOM-dependent) should handle multiple consecutive moves without corruption","status":"passed","title":"should handle multiple consecutive moves without corruption","duration":50.073208000000704,"failureMessages":[],"meta":{}},{"ancestorTitles":["AI Strategy Enhanced Smart (DOM-dependent)"],"fullName":"AI Strategy Enhanced Smart (DOM-dependent) should apply even/odd strategy with DOM feedback","status":"passed","title":"should apply even/odd strategy with DOM feedback","duration":36.69566699999996,"failureMessages":[],"meta":{}},{"ancestorTitles":["AI Strategy Enhanced Smart (DOM-dependent)"],"fullName":"AI Strategy Enhanced Smart (DOM-dependent) should detect Zugzwang situations with UI integration","status":"passed","title":"should detect Zugzwang situations with UI integration","duration":43.737333000000035,"failureMessages":[],"meta":{}},{"ancestorTitles":["AI Strategy Enhanced Smart (DOM-dependent)"],"fullName":"AI Strategy Enhanced Smart (DOM-dependent) should analyze fork opportunities with DOM updates","status":"passed","title":"should analyze fork opportunities with DOM updates","duration":38.303374999999505,"failureMessages":[],"meta":{}},{"ancestorTitles":["AI Strategy Enhanced Smart (DOM-dependent)"],"fullName":"AI Strategy Enhanced Smart (DOM-dependent) should fallback to safe random with DOM state","status":"passed","title":"should fallback to safe random with DOM state","duration":50.28912500000024,"failureMessages":[],"meta":{}},{"ancestorTitles":["AI Strategy Enhanced Smart (DOM-dependent)"],"fullName":"AI Strategy Enhanced Smart (DOM-dependent) should maintain performance under complex board states","status":"passed","title":"should maintain performance under complex board states","duration":23.295000000000073,"failureMessages":[],"meta":{}},{"ancestorTitles":["AI Strategy Consistency (DOM-dependent)"],"fullName":"AI Strategy Consistency (DOM-dependent) should maintain move determinism for identical states","status":"passed","title":"should maintain move determinism for identical states","duration":44.17750000000069,"failureMessages":[],"meta":{}},{"ancestorTitles":["AI Strategy Consistency (DOM-dependent)"],"fullName":"AI Strategy Consistency (DOM-dependent) should show differences between random vs strategic bots","status":"passed","title":"should show differences between random vs strategic bots","duration":46.89149999999972,"failureMessages":[],"meta":{}},{"ancestorTitles":["AI Strategy Consistency (DOM-dependent)"],"fullName":"AI Strategy Consistency (DOM-dependent) should show defensive vs offensive preferences","status":"passed","title":"should show defensive vs offensive preferences","duration":20.48304199999984,"failureMessages":[],"meta":{}},{"ancestorTitles":["AI Strategy Consistency (DOM-dependent)"],"fullName":"AI Strategy Consistency (DOM-dependent) should prevent state corruption during analysis","status":"passed","title":"should prevent state corruption during analysis","duration":20.198083999999653,"failureMessages":[],"meta":{}},{"ancestorTitles":["AI Strategy Consistency (DOM-dependent)"],"fullName":"AI Strategy Consistency (DOM-dependent) should handle cross-bot performance in complex positions","status":"passed","title":"should handle cross-bot performance in complex positions","duration":47.11466599999949,"failureMessages":[],"meta":{}},{"ancestorTitles":["AI Strategy Smart Random (DOM-dependent)"],"fullName":"AI Strategy Smart Random (DOM-dependent) should handle random fallback behavior with DOM","status":"passed","title":"should handle random fallback behavior with DOM","duration":31.951833999999508,"failureMessages":[],"meta":{}},{"ancestorTitles":["AI Strategy Smart Random (DOM-dependent)"],"fullName":"AI Strategy Smart Random (DOM-dependent) should maintain multiple move sequence consistency","status":"passed","title":"should maintain multiple move sequence consistency","duration":23.046875,"failureMessages":[],"meta":{}},{"ancestorTitles":["AI Strategy Smart Random (DOM-dependent)"],"fullName":"AI Strategy Smart Random (DOM-dependent) should perform well with helper analysis integration","status":"passed","title":"should perform well with helper analysis integration","duration":12.981166999999914,"failureMessages":[],"meta":{}},{"ancestorTitles":["AI Strategy Smart Random (DOM-dependent)"],"fullName":"AI Strategy Smart Random (DOM-dependent) should handle state isolation across multiple calls","status":"passed","title":"should handle state isolation across multiple calls","duration":30.800457999999708,"failureMessages":[],"meta":{}}],"startTime":1750796510187,"endTime":1750796510939.8005,"status":"passed","message":"","name":"/Users/max/LogicCastle/tests/vitest/ai-strategy-dom-tests.vitest.js"},{"assertionResults":[{"ancestorTitles":["Bot Matrix Demo Tests"],"fullName":"Bot Matrix Demo Tests Demo: 50-Game Bot Matrix with \"Verlierer beginnt\" Logic","status":"passed","title":"Demo: 50-Game Bot Matrix with \"Verlierer beginnt\" Logic","duration":384.86991599999965,"failureMessages":[],"meta":{}}],"startTime":1750796515562,"endTime":1750796515946.8699,"status":"passed","message":"","name":"/Users/max/LogicCastle/tests/vitest/bot-matrix-demo.vitest.js"},{"assertionResults":[{"ancestorTitles":["Bot Performance Validation - 100 Game Series","Universal Logic Consistency"],"fullName":"Bot Performance Validation - 100 Game Series Universal Logic Consistency should complete 100 games without errors (Easy vs Medium)","status":"passed","title":"should complete 100 games without errors (Easy vs Medium)","duration":724.8576670000002,"failureMessages":[],"meta":{}},{"ancestorTitles":["Bot Performance Validation - 100 Game Series","Universal Logic Consistency"],"fullName":"Bot Performance Validation - 100 Game Series Universal Logic Consistency should complete 100 games without errors (Medium vs Hard)","status":"passed","title":"should complete 100 games without errors (Medium vs Hard)","duration":259.5893329999999,"failureMessages":[],"meta":{}},{"ancestorTitles":["Bot Performance Validation - 100 Game Series","Universal Logic Consistency"],"fullName":"Bot Performance Validation - 100 Game Series Universal Logic Consistency should show skill differential (Hard vs Easy)","status":"passed","title":"should show skill differential (Hard vs Easy)","duration":355.16812500000015,"failureMessages":[],"meta":{}},{"ancestorTitles":["Bot Performance Validation - 100 Game Series","Universal Logic Implementation Validation"],"fullName":"Bot Performance Validation - 100 Game Series Universal Logic Implementation Validation all bots should follow 4-stage decision process","status":"passed","title":"all bots should follow 4-stage decision process","duration":88.86437500000011,"failureMessages":[],"meta":{}},{"ancestorTitles":["Bot Performance Validation - 100 Game Series","Universal Logic Implementation Validation"],"fullName":"Bot Performance Validation - 100 Game Series Universal Logic Implementation Validation no bot should make illegal moves in extended play","status":"passed","title":"no bot should make illegal moves in extended play","duration":80.06545800000004,"failureMessages":[],"meta":{}},{"ancestorTitles":["Bot Performance Validation - 100 Game Series","Performance Metrics"],"fullName":"Bot Performance Validation - 100 Game Series Performance Metrics game completion rate should be 100%","status":"passed","title":"game completion rate should be 100%","duration":235.22441700000036,"failureMessages":[],"meta":{}}],"startTime":1750796503539,"endTime":1750796505285.2244,"status":"passed","message":"","name":"/Users/max/LogicCastle/tests/vitest/bot-performance-100-series.vitest.js"},{"assertionResults":[{"ancestorTitles":["Bot Strength Comparison Tests"],"fullName":"Bot Strength Comparison Tests Enhanced Smart Bot should beat Smart Random Bot majority of time","status":"passed","title":"Enhanced Smart Bot should beat Smart Random Bot majority of time","duration":202.7918749999999,"failureMessages":[],"meta":{}},{"ancestorTitles":["Bot Strength Comparison Tests"],"fullName":"Bot Strength Comparison Tests Enhanced Smart Bot should dominate Easy Bot","status":"passed","title":"Enhanced Smart Bot should dominate Easy Bot","duration":59.03720799999974,"failureMessages":[],"meta":{}},{"ancestorTitles":["Bot Strength Comparison Tests"],"fullName":"Bot Strength Comparison Tests Smart Random Bot should beat Easy Bot","status":"passed","title":"Smart Random Bot should beat Easy Bot","duration":27.55987499999992,"failureMessages":[],"meta":{}},{"ancestorTitles":["Bot Strength Comparison Tests"],"fullName":"Bot Strength Comparison Tests Enhanced Smart Bot should have higher strategic move ratio","status":"passed","title":"Enhanced Smart Bot should have higher strategic move ratio","duration":50.299958000000515,"failureMessages":[],"meta":{}},{"ancestorTitles":["Bot Strength Comparison Tests"],"fullName":"Bot Strength Comparison Tests All bots should prefer strategic opening moves","status":"passed","title":"All bots should prefer strategic opening moves","duration":28.609166999999616,"failureMessages":[],"meta":{}},{"ancestorTitles":["Bot Strength Comparison Tests"],"fullName":"Bot Strength Comparison Tests Bots should handle complex board states without crashing","status":"passed","title":"Bots should handle complex board states without crashing","duration":54.61308399999962,"failureMessages":[],"meta":{}},{"ancestorTitles":["Bot Strength Comparison Tests"],"fullName":"Bot Strength Comparison Tests Bot strength hierarchy should be maintained","status":"passed","title":"Bot strength hierarchy should be maintained","duration":38.904999999999745,"failureMessages":[],"meta":{}},{"ancestorTitles":["Bot Strength Comparison Tests"],"fullName":"Bot Strength Comparison Tests 1000-Game Bot Matrix Analysis with \"Verlierer beginnt\" Logic","status":"skipped","title":"1000-Game Bot Matrix Analysis with \"Verlierer beginnt\" Logic","failureMessages":[],"meta":{}}],"startTime":1750796515312,"endTime":1750796515774.905,"status":"passed","message":"","name":"/Users/max/LogicCastle/tests/vitest/bot-strength-comparison.vitest.js"},{"assertionResults":[{"ancestorTitles":["Bot Tournament System"],"fullName":"Bot Tournament System should run complete tournament and establish rankings","status":"passed","title":"should run complete tournament and establish rankings","duration":253.73929099999987,"failureMessages":[],"meta":{}},{"ancestorTitles":["Bot Tournament System"],"fullName":"Bot Tournament System should validate Enhanced Smart Bot performance metrics","status":"passed","title":"should validate Enhanced Smart Bot performance metrics","duration":84.38008300000001,"failureMessages":[],"meta":{}},{"ancestorTitles":["Bot Tournament System"],"fullName":"Bot Tournament System should demonstrate strategic improvement over time","status":"passed","title":"should demonstrate strategic improvement over time","duration":84.80020799999966,"failureMessages":[],"meta":{}}],"startTime":1750796515414,"endTime":1750796515849.8003,"status":"passed","message":"","name":"/Users/max/LogicCastle/tests/vitest/bot-tournament.vitest.js"},{"assertionResults":[{"ancestorTitles":["Comprehensive 5x5 Bot Matrix - 100 Game Series"],"fullName":"Comprehensive 5x5 Bot Matrix - 100 Game Series should run complete 5x5 matrix and generate performance table","status":"passed","title":"should run complete 5x5 matrix and generate performance table","duration":3808.137042000001,"failureMessages":[],"meta":{}}],"startTime":1750796503641,"endTime":1750796507449.137,"status":"passed","message":"","name":"/Users/max/LogicCastle/tests/vitest/comprehensive-bot-matrix-5x5.vitest.js"},{"assertionResults":[{"ancestorTitles":["Debug Bot Matrix"],"fullName":"Debug Bot Matrix should count all games correctly","status":"passed","title":"should count all games correctly","duration":68.76066700000001,"failureMessages":[],"meta":{}},{"ancestorTitles":["Debug Bot Matrix"],"fullName":"Debug Bot Matrix should run small matrix without errors","status":"passed","title":"should run small matrix without errors","duration":10.485041999999794,"failureMessages":[],"meta":{}}],"startTime":1750796518032,"endTime":1750796518111.485,"status":"passed","message":"","name":"/Users/max/LogicCastle/tests/vitest/debug-bot-matrix.vitest.js"},{"assertionResults":[{"ancestorTitles":["Dependency Injection System","ServiceContainer Core Functionality"],"fullName":"Dependency Injection System ServiceContainer Core Functionality should register and resolve simple services","status":"passed","title":"should register and resolve simple services","duration":691.2754999999997,"failureMessages":[],"meta":{}},{"ancestorTitles":["Dependency Injection System","ServiceContainer Core Functionality"],"fullName":"Dependency Injection System ServiceContainer Core Functionality should support singleton services","status":"passed","title":"should support singleton services","duration":64.66466700000001,"failureMessages":[],"meta":{}},{"ancestorTitles":["Dependency Injection System","ServiceContainer Core Functionality"],"fullName":"Dependency Injection System ServiceContainer Core Functionality should handle factory functions","status":"passed","title":"should handle factory functions","duration":43.37437500000033,"failureMessages":[],"meta":{}},{"ancestorTitles":["Dependency Injection System","ServiceContainer Core Functionality"],"fullName":"Dependency Injection System ServiceContainer Core Functionality should inject dependencies correctly","status":"passed","title":"should inject dependencies correctly","duration":54.867708000000675,"failureMessages":[],"meta":{}},{"ancestorTitles":["Dependency Injection System","ServiceContainer Core Functionality"],"fullName":"Dependency Injection System ServiceContainer Core Functionality should throw error for unregistered services","status":"passed","title":"should throw error for unregistered services","duration":18.895042000000103,"failureMessages":[],"meta":{}},{"ancestorTitles":["Dependency Injection System","ServiceContainer Core Functionality"],"fullName":"Dependency Injection System ServiceContainer Core Functionality should support child containers","status":"passed","title":"should support child containers","duration":26.078125,"failureMessages":[],"meta":{}},{"ancestorTitles":["Dependency Injection System","Interface Validation"],"fullName":"Dependency Injection System Interface Validation should validate objects against interfaces","status":"passed","title":"should validate objects against interfaces","duration":25.534875000000284,"failureMessages":[],"meta":{}},{"ancestorTitles":["Dependency Injection System","Interface Validation"],"fullName":"Dependency Injection System Interface Validation should create interface proxies for runtime validation","status":"passed","title":"should create interface proxies for runtime validation","duration":51.81354200000078,"failureMessages":[],"meta":{}},{"ancestorTitles":["Dependency Injection System","Interface Validation"],"fullName":"Dependency Injection System Interface Validation should validate known service interfaces","status":"passed","title":"should validate known service interfaces","duration":25.577291000000514,"failureMessages":[],"meta":{}},{"ancestorTitles":["Dependency Injection System","GameFactory Configuration"],"fullName":"Dependency Injection System GameFactory Configuration should configure for testing environment","status":"passed","title":"should configure for testing environment","duration":17.75458399999934,"failureMessages":[],"meta":{}},{"ancestorTitles":["Dependency Injection System","GameFactory Configuration"],"fullName":"Dependency Injection System GameFactory Configuration should create bots with different difficulties","status":"passed","title":"should create bots with different difficulties","duration":5.658790999999837,"failureMessages":[],"meta":{}},{"ancestorTitles":["Dependency Injection System","GameFactory Configuration"],"fullName":"Dependency Injection System GameFactory Configuration should handle configuration errors gracefully","status":"passed","title":"should handle configuration errors gracefully","duration":20.69537500000024,"failureMessages":[],"meta":{}},{"ancestorTitles":["Dependency Injection System","GameFactory Configuration"],"fullName":"Dependency Injection System GameFactory Configuration should not reconfigure when already configured","status":"passed","title":"should not reconfigure when already configured","duration":82.12625000000025,"failureMessages":[],"meta":{}},{"ancestorTitles":["Dependency Injection System","GameFactory Configuration"],"fullName":"Dependency Injection System GameFactory Configuration should reset configuration properly","status":"passed","title":"should reset configuration properly","duration":81.53687499999978,"failureMessages":[],"meta":{}},{"ancestorTitles":["Dependency Injection System","Game Instance Creation"],"fullName":"Dependency Injection System Game Instance Creation should create functional game instances","status":"passed","title":"should create functional game instances","duration":39.16675000000032,"failureMessages":[],"meta":{}},{"ancestorTitles":["Dependency Injection System","Game Instance Creation"],"fullName":"Dependency Injection System Game Instance Creation should create game with UI when DOM element provided","status":"passed","title":"should create game with UI when DOM element provided","duration":24.63158299999941,"failureMessages":[],"meta":{}},{"ancestorTitles":["Dependency Injection System","Game Instance Creation"],"fullName":"Dependency Injection System Game Instance Creation should validate interfaces when requested","status":"passed","title":"should validate interfaces when requested","duration":40.682582999999795,"failureMessages":[],"meta":{}},{"ancestorTitles":["Dependency Injection System","Integration with Legacy Code"],"fullName":"Dependency Injection System Integration with Legacy Code should maintain backward compatibility","status":"passed","title":"should maintain backward compatibility","duration":8.324416999999812,"failureMessages":[],"meta":{}},{"ancestorTitles":["Dependency Injection System","Integration with Legacy Code"],"fullName":"Dependency Injection System Integration with Legacy Code should support asynchronous service resolution","status":"passed","title":"should support asynchronous service resolution","duration":28.844500000000153,"failureMessages":[],"meta":{}},{"ancestorTitles":["Dependency Injection System","Error Handling and Edge Cases"],"fullName":"Dependency Injection System Error Handling and Edge Cases should handle circular dependencies gracefully","status":"passed","title":"should handle circular dependencies gracefully","duration":32.98462500000005,"failureMessages":[],"meta":{}},{"ancestorTitles":["Dependency Injection System","Error Handling and Edge Cases"],"fullName":"Dependency Injection System Error Handling and Edge Cases should handle malformed service registrations","status":"passed","title":"should handle malformed service registrations","duration":24.271208000000115,"failureMessages":[],"meta":{}},{"ancestorTitles":["Dependency Injection System","Error Handling and Edge Cases"],"fullName":"Dependency Injection System Error Handling and Edge Cases should clear all services properly","status":"passed","title":"should clear all services properly","duration":28.841875000000073,"failureMessages":[],"meta":{}}],"startTime":1750796503686,"endTime":1750796505171.8418,"status":"passed","message":"","name":"/Users/max/LogicCastle/tests/vitest/dependency-injection.vitest.js"},{"assertionResults":[{"ancestorTitles":["Expert Bot Integration Tests","UI Mode Mapping"],"fullName":"Expert Bot Integration Tests UI Mode Mapping Expert mode should map to monte-carlo difficulty","status":"passed","title":"Expert mode should map to monte-carlo difficulty","duration":95.3887909999994,"failureMessages":[],"meta":{}},{"ancestorTitles":["Expert Bot Integration Tests","UI Mode Mapping"],"fullName":"Expert Bot Integration Tests UI Mode Mapping Expert should use enhanced Monte Carlo configuration","status":"passed","title":"Expert should use enhanced Monte Carlo configuration","duration":10.739959000000454,"failureMessages":[],"meta":{}},{"ancestorTitles":["Expert Bot Integration Tests","Performance Validation"],"fullName":"Expert Bot Integration Tests Performance Validation Monte Carlo bot should make strategic moves","status":"passed","title":"Monte Carlo bot should make strategic moves","duration":16.986540999999306,"failureMessages":[],"meta":{}},{"ancestorTitles":["Expert Bot Integration Tests","Performance Validation"],"fullName":"Expert Bot Integration Tests Performance Validation Expert bot should show center preference in opening","status":"passed","title":"Expert bot should show center preference in opening","duration":7.2653330000002825,"failureMessages":[],"meta":{}},{"ancestorTitles":["Expert Bot Integration Tests","Performance Validation"],"fullName":"Expert Bot Integration Tests Performance Validation Expert bot should handle complex positions","status":"passed","title":"Expert bot should handle complex positions","duration":12.294834000000264,"failureMessages":[],"meta":{}},{"ancestorTitles":["Expert Bot Integration Tests","Bot Hierarchy Validation"],"fullName":"Expert Bot Integration Tests Bot Hierarchy Validation Bot difficulty progression should be logical","status":"passed","title":"Bot difficulty progression should be logical","duration":7.640959000000294,"failureMessages":[],"meta":{}},{"ancestorTitles":["Expert Bot Integration Tests","Bot Hierarchy Validation"],"fullName":"Expert Bot Integration Tests Bot Hierarchy Validation Expert should be the highest difficulty available in UI","status":"passed","title":"Expert should be the highest difficulty available in UI","duration":10.125417000000198,"failureMessages":[],"meta":{}},{"ancestorTitles":["Expert Bot Integration Tests","Monte Carlo Implementation Access"],"fullName":"Expert Bot Integration Tests Monte Carlo Implementation Access Monte Carlo should use enhanced simulation count","status":"passed","title":"Monte Carlo should use enhanced simulation count","duration":3.543166000000383,"failureMessages":[],"meta":{}}],"startTime":1750796517383,"endTime":1750796517551.5432,"status":"passed","message":"","name":"/Users/max/LogicCastle/tests/vitest/expert-bot-quick-test.vitest.js"},{"assertionResults":[{"ancestorTitles":["Expert vs Strategic Bots Performance Tests","Monte Carlo vs Strategic Bots"],"fullName":"Expert vs Strategic Bots Performance Tests Monte Carlo vs Strategic Bots Monte Carlo should outperform Defensive bot","status":"passed","title":"Monte Carlo should outperform Defensive bot","duration":167.09958300000017,"failureMessages":[],"meta":{}},{"ancestorTitles":["Expert vs Strategic Bots Performance Tests","Monte Carlo vs Strategic Bots"],"fullName":"Expert vs Strategic Bots Performance Tests Monte Carlo vs Strategic Bots Monte Carlo should outperform Enhanced Smart bot","status":"passed","title":"Monte Carlo should outperform Enhanced Smart bot","duration":28.936249999999745,"failureMessages":[],"meta":{}},{"ancestorTitles":["Expert vs Strategic Bots Performance Tests","Monte Carlo vs Strategic Bots"],"fullName":"Expert vs Strategic Bots Performance Tests Monte Carlo vs Strategic Bots Monte Carlo should dominate Smart Random bot","status":"passed","title":"Monte Carlo should dominate Smart Random bot","duration":26.603084000000308,"failureMessages":[],"meta":{}},{"ancestorTitles":["Expert vs Strategic Bots Performance Tests","Expert Mode Validation"],"fullName":"Expert vs Strategic Bots Performance Tests Expert Mode Validation Expert should be strongest available bot in UI hierarchy","status":"passed","title":"Expert should be strongest available bot in UI hierarchy","duration":45.082416000000194,"failureMessages":[],"meta":{}},{"ancestorTitles":["Expert vs Strategic Bots Performance Tests","Expert Mode Validation"],"fullName":"Expert vs Strategic Bots Performance Tests Expert Mode Validation Monte Carlo should show consistent performance advantage","status":"passed","title":"Monte Carlo should show consistent performance advantage","duration":46.7274580000003,"failureMessages":[],"meta":{}},{"ancestorTitles":["Expert vs Strategic Bots Performance Tests","Strategic Depth Comparison"],"fullName":"Expert vs Strategic Bots Performance Tests Strategic Depth Comparison Monte Carlo should show better opening play","status":"passed","title":"Monte Carlo should show better opening play","duration":18.029375000000073,"failureMessages":[],"meta":{}},{"ancestorTitles":["Expert vs Strategic Bots Performance Tests","Strategic Depth Comparison"],"fullName":"Expert vs Strategic Bots Performance Tests Strategic Depth Comparison Monte Carlo should handle complex positions better","status":"passed","title":"Monte Carlo should handle complex positions better","duration":27.47833300000002,"failureMessages":[],"meta":{}}],"startTime":1750796510195,"endTime":1750796510558.4783,"status":"passed","message":"","name":"/Users/max/LogicCastle/tests/vitest/expert-vs-strategic-quick.vitest.js"},{"assertionResults":[{"ancestorTitles":["Fork Detection Core Logic","Classic Fork Pattern Detection"],"fullName":"Fork Detection Core Logic Classic Fork Pattern Detection should detect _ x _ x _ pattern (user example)","status":"failed","title":"should detect _ x _ x _ pattern (user example)","duration":403.42454199999975,"failureMessages":["AssertionError: expected 0 to be greater than or equal to 1\n    at /Users/max/LogicCastle/tests/vitest/fork-detection.vitest.js:161:28\n    at file:///Users/max/LogicCastle/node_modules/@vitest/runner/dist/chunk-hooks.js:155:11\n    at file:///Users/max/LogicCastle/node_modules/@vitest/runner/dist/chunk-hooks.js:752:26\n    at file:///Users/max/LogicCastle/node_modules/@vitest/runner/dist/chunk-hooks.js:1897:20\n    at new Promise (<anonymous>)\n    at runWithTimeout (file:///Users/max/LogicCastle/node_modules/@vitest/runner/dist/chunk-hooks.js:1863:10)\n    at runTest (file:///Users/max/LogicCastle/node_modules/@vitest/runner/dist/chunk-hooks.js:1574:12)\n    at processTicksAndRejections (node:internal/process/task_queues:105:5)\n    at runSuite (file:///Users/max/LogicCastle/node_modules/@vitest/runner/dist/chunk-hooks.js:1729:8)\n    at runSuite (file:///Users/max/LogicCastle/node_modules/@vitest/runner/dist/chunk-hooks.js:1729:8)"],"meta":{}},{"ancestorTitles":["Fork Detection Core Logic","Classic Fork Pattern Detection"],"fullName":"Fork Detection Core Logic Classic Fork Pattern Detection should detect _ x _ x pattern","status":"passed","title":"should detect _ x _ x pattern","duration":55.8306249999996,"failureMessages":[],"meta":{}},{"ancestorTitles":["Fork Detection Core Logic","Classic Fork Pattern Detection"],"fullName":"Fork Detection Core Logic Classic Fork Pattern Detection should detect x _ x _ pattern","status":"passed","title":"should detect x _ x _ pattern","duration":38.663542000000234,"failureMessages":[],"meta":{}},{"ancestorTitles":["Fork Detection Core Logic","Classic Fork Pattern Detection"],"fullName":"Fork Detection Core Logic Classic Fork Pattern Detection should detect _ x x _ pattern","status":"passed","title":"should detect _ x x _ pattern","duration":60.56212500000038,"failureMessages":[],"meta":{}},{"ancestorTitles":["Fork Detection Core Logic","Fork Counter-Move Calculation"],"fullName":"Fork Detection Core Logic Fork Counter-Move Calculation should calculate correct counter moves for _ x _ x pattern","status":"passed","title":"should calculate correct counter moves for _ x _ x pattern","duration":50.90229100000033,"failureMessages":[],"meta":{}},{"ancestorTitles":["Fork Detection Core Logic","Fork Counter-Move Calculation"],"fullName":"Fork Detection Core Logic Fork Counter-Move Calculation should prioritize center positions in counter moves","status":"passed","title":"should prioritize center positions in counter moves","duration":48.2455829999999,"failureMessages":[],"meta":{}},{"ancestorTitles":["Fork Detection Core Logic","Critical Fork Defense"],"fullName":"Fork Detection Core Logic Critical Fork Defense should identify opponent forks as critical threats","status":"passed","title":"should identify opponent forks as critical threats","duration":53.066749999999956,"failureMessages":[],"meta":{}},{"ancestorTitles":["Fork Detection Core Logic","Critical Fork Defense"],"fullName":"Fork Detection Core Logic Critical Fork Defense should provide specific columns for counter-moves","status":"passed","title":"should provide specific columns for counter-moves","duration":41.30841599999985,"failureMessages":[],"meta":{}},{"ancestorTitles":["Fork Detection Core Logic","Fork Opportunity Detection"],"fullName":"Fork Detection Core Logic Fork Opportunity Detection should find opportunities to create our own forks","status":"passed","title":"should find opportunities to create our own forks","duration":78.32758299999932,"failureMessages":[],"meta":{}},{"ancestorTitles":["Fork Detection Core Logic","Edge Cases and Validation"],"fullName":"Fork Detection Core Logic Edge Cases and Validation should not detect forks when opponent pieces block pattern","status":"passed","title":"should not detect forks when opponent pieces block pattern","duration":42.44875000000047,"failureMessages":[],"meta":{}},{"ancestorTitles":["Fork Detection Core Logic","Edge Cases and Validation"],"fullName":"Fork Detection Core Logic Edge Cases and Validation should handle empty board gracefully","status":"passed","title":"should handle empty board gracefully","duration":10.6684580000001,"failureMessages":[],"meta":{}},{"ancestorTitles":["Fork Detection Core Logic","Edge Cases and Validation"],"fullName":"Fork Detection Core Logic Edge Cases and Validation should handle full board gracefully","status":"passed","title":"should handle full board gracefully","duration":42.85508300000038,"failureMessages":[],"meta":{}},{"ancestorTitles":["Fork Detection Core Logic","Real Game Scenario Testing"],"fullName":"Fork Detection Core Logic Real Game Scenario Testing should solve the user reported problem: _ _ x x x _ _","status":"passed","title":"should solve the user reported problem: _ _ x x x _ _","duration":14.40966600000047,"failureMessages":[],"meta":{}},{"ancestorTitles":["Fork Detection Core Logic","Real Game Scenario Testing"],"fullName":"Fork Detection Core Logic Real Game Scenario Testing should recognize when player X can create winning fork","status":"passed","title":"should recognize when player X can create winning fork","duration":23.524625000000015,"failureMessages":[],"meta":{}}],"startTime":1750796503776,"endTime":1750796504750.5247,"status":"failed","message":"","name":"/Users/max/LogicCastle/tests/vitest/fork-detection.vitest.js"},{"assertionResults":[{"ancestorTitles":["Enhanced Monte Carlo Bot Tests","Performance Improvements"],"fullName":"Enhanced Monte Carlo Bot Tests Performance Improvements should use 1000 simulations instead of 100","status":"passed","title":"should use 1000 simulations instead of 100","duration":328.91166599999997,"failureMessages":[],"meta":{}},{"ancestorTitles":["Enhanced Monte Carlo Bot Tests","Performance Improvements"],"fullName":"Enhanced Monte Carlo Bot Tests Performance Improvements should have time-boxing enabled","status":"passed","title":"should have time-boxing enabled","duration":38.371249999999236,"failureMessages":[],"meta":{}},{"ancestorTitles":["Enhanced Monte Carlo Bot Tests","Performance Improvements"],"fullName":"Enhanced Monte Carlo Bot Tests Performance Improvements should complete thinking within time limit","status":"passed","title":"should complete thinking within time limit","duration":191.21362500000032,"failureMessages":[],"meta":{}},{"ancestorTitles":["Enhanced Monte Carlo Bot Tests","Adaptive Simulation Counts"],"fullName":"Enhanced Monte Carlo Bot Tests Adaptive Simulation Counts should adjust simulations based on game phase","status":"passed","title":"should adjust simulations based on game phase","duration":8.094583000000057,"failureMessages":[],"meta":{}},{"ancestorTitles":["Enhanced Monte Carlo Bot Tests","Adaptive Simulation Counts"],"fullName":"Enhanced Monte Carlo Bot Tests Adaptive Simulation Counts should use more simulations in mid-game","status":"passed","title":"should use more simulations in mid-game","duration":57.17291699999987,"failureMessages":[],"meta":{}},{"ancestorTitles":["Enhanced Monte Carlo Bot Tests","Adaptive Simulation Counts"],"fullName":"Enhanced Monte Carlo Bot Tests Adaptive Simulation Counts should respect minimum simulations","status":"passed","title":"should respect minimum simulations","duration":41.76324999999997,"failureMessages":[],"meta":{}},{"ancestorTitles":["Enhanced Monte Carlo Bot Tests","Adaptive Simulation Counts"],"fullName":"Enhanced Monte Carlo Bot Tests Adaptive Simulation Counts should respect maximum simulations","status":"passed","title":"should respect maximum simulations","duration":40.87366699999984,"failureMessages":[],"meta":{}},{"ancestorTitles":["Enhanced Monte Carlo Bot Tests","UCB1 Selection Strategy"],"fullName":"Enhanced Monte Carlo Bot Tests UCB1 Selection Strategy should explore unvisited columns first","status":"passed","title":"should explore unvisited columns first","duration":23.8012090000002,"failureMessages":[],"meta":{}},{"ancestorTitles":["Enhanced Monte Carlo Bot Tests","UCB1 Selection Strategy"],"fullName":"Enhanced Monte Carlo Bot Tests UCB1 Selection Strategy should balance exploitation and exploration","status":"passed","title":"should balance exploitation and exploration","duration":27.96520799999962,"failureMessages":[],"meta":{}},{"ancestorTitles":["Enhanced Monte Carlo Bot Tests","Confidence Weighting"],"fullName":"Enhanced Monte Carlo Bot Tests Confidence Weighting should apply confidence bonus to well-explored columns","status":"passed","title":"should apply confidence bonus to well-explored columns","duration":11.781167000000096,"failureMessages":[],"meta":{}},{"ancestorTitles":["Enhanced Monte Carlo Bot Tests","Strategic Strength"],"fullName":"Enhanced Monte Carlo Bot Tests Strategic Strength should prefer winning moves in tactical positions","status":"passed","title":"should prefer winning moves in tactical positions","duration":211.38608399999976,"failureMessages":[],"meta":{}},{"ancestorTitles":["Enhanced Monte Carlo Bot Tests","Strategic Strength"],"fullName":"Enhanced Monte Carlo Bot Tests Strategic Strength should avoid losing moves when possible","status":"passed","title":"should avoid losing moves when possible","duration":9.801958000000013,"failureMessages":[],"meta":{}},{"ancestorTitles":["Enhanced Monte Carlo Bot Tests","Performance Benchmarks"],"fullName":"Enhanced Monte Carlo Bot Tests Performance Benchmarks should run significantly more simulations than basic bot","status":"passed","title":"should run significantly more simulations than basic bot","duration":113.78699999999935,"failureMessages":[],"meta":{}},{"ancestorTitles":["Enhanced Monte Carlo Bot Tests","Performance Benchmarks"],"fullName":"Enhanced Monte Carlo Bot Tests Performance Benchmarks should maintain good performance under time pressure","status":"passed","title":"should maintain good performance under time pressure","duration":88.13945799999965,"failureMessages":[],"meta":{}},{"ancestorTitles":["Enhanced Monte Carlo Bot Tests","Integration with Universal 4-Stage Logic"],"fullName":"Enhanced Monte Carlo Bot Tests Integration with Universal 4-Stage Logic should work as Stage 4 strategy within safe columns only","status":"passed","title":"should work as Stage 4 strategy within safe columns only","duration":119.32741700000042,"failureMessages":[],"meta":{}},{"ancestorTitles":["Enhanced Monte Carlo Bot Tests","Integration with Universal 4-Stage Logic"],"fullName":"Enhanced Monte Carlo Bot Tests Integration with Universal 4-Stage Logic should handle empty safe columns gracefully","status":"passed","title":"should handle empty safe columns gracefully","duration":37.0127080000002,"failureMessages":[],"meta":{}},{"ancestorTitles":["Enhanced Monte Carlo Bot Tests","Integration with Universal 4-Stage Logic"],"fullName":"Enhanced Monte Carlo Bot Tests Integration with Universal 4-Stage Logic should handle single safe column efficiently","status":"passed","title":"should handle single safe column efficiently","duration":10.887291999999434,"failureMessages":[],"meta":{}}],"startTime":1750796503945,"endTime":1750796505329.8872,"status":"passed","message":"","name":"/Users/max/LogicCastle/tests/vitest/monte-carlo-enhanced.vitest.js"},{"assertionResults":[{"ancestorTitles":["Updated Bot Mapping Tests","3-Tier Bot Progression"],"fullName":"Updated Bot Mapping Tests 3-Tier Bot Progression Easy bot should map to smart-random","status":"passed","title":"Easy bot should map to smart-random","duration":186.89008300000023,"failureMessages":[],"meta":{}},{"ancestorTitles":["Updated Bot Mapping Tests","3-Tier Bot Progression"],"fullName":"Updated Bot Mapping Tests 3-Tier Bot Progression Medium bot should map to offensiv-gemischt","status":"passed","title":"Medium bot should map to offensiv-gemischt","duration":15.236457999999402,"failureMessages":[],"meta":{}},{"ancestorTitles":["Updated Bot Mapping Tests","3-Tier Bot Progression"],"fullName":"Updated Bot Mapping Tests 3-Tier Bot Progression Strong bot should map to monte-carlo","status":"passed","title":"Strong bot should map to monte-carlo","duration":22.816624999999476,"failureMessages":[],"meta":{}},{"ancestorTitles":["Updated Bot Mapping Tests","Bot Strength Progression"],"fullName":"Updated Bot Mapping Tests Bot Strength Progression Should have clear win rate progression","status":"passed","title":"Should have clear win rate progression","duration":16.32854199999929,"failureMessages":[],"meta":{}},{"ancestorTitles":["Updated Bot Mapping Tests","Bot Strength Progression"],"fullName":"Updated Bot Mapping Tests Bot Strength Progression Should have meaningful difficulty gaps","status":"passed","title":"Should have meaningful difficulty gaps","duration":20.675083000000086,"failureMessages":[],"meta":{}},{"ancestorTitles":["Updated Bot Mapping Tests","UI Options Validation"],"fullName":"Updated Bot Mapping Tests UI Options Validation Should have exactly 4 game modes (including 2-player)","status":"passed","title":"Should have exactly 4 game modes (including 2-player)","duration":27.00745900000038,"failureMessages":[],"meta":{}},{"ancestorTitles":["Updated Bot Mapping Tests","UI Options Validation"],"fullName":"Updated Bot Mapping Tests UI Options Validation Should have clear bot names","status":"passed","title":"Should have clear bot names","duration":21.167709000000286,"failureMessages":[],"meta":{}},{"ancestorTitles":["Updated Bot Mapping Tests","Expected Performance Ranges"],"fullName":"Updated Bot Mapping Tests Expected Performance Ranges Easy bot should be beginner-friendly","status":"passed","title":"Easy bot should be beginner-friendly","duration":20.53529200000048,"failureMessages":[],"meta":{}},{"ancestorTitles":["Updated Bot Mapping Tests","Expected Performance Ranges"],"fullName":"Updated Bot Mapping Tests Expected Performance Ranges Medium bot should provide balanced challenge","status":"passed","title":"Medium bot should provide balanced challenge","duration":20.077707999999802,"failureMessages":[],"meta":{}},{"ancestorTitles":["Updated Bot Mapping Tests","Expected Performance Ranges"],"fullName":"Updated Bot Mapping Tests Expected Performance Ranges Strong bot should be challenging for experienced players","status":"passed","title":"Strong bot should be challenging for experienced players","duration":49.89933299999939,"failureMessages":[],"meta":{}}],"startTime":1750796510237,"endTime":1750796510641.8994,"status":"passed","message":"","name":"/Users/max/LogicCastle/tests/vitest/new-bot-mapping.vitest.js"},{"assertionResults":[{"ancestorTitles":["Simple Math Tests (Vitest Demo)"],"fullName":"Simple Math Tests (Vitest Demo) should perform basic calculations","status":"passed","title":"should perform basic calculations","duration":162.43808400000034,"failureMessages":[],"meta":{}},{"ancestorTitles":["Simple Math Tests (Vitest Demo)"],"fullName":"Simple Math Tests (Vitest Demo) should work with DOM elements","status":"passed","title":"should work with DOM elements","duration":33.263708000000406,"failureMessages":[],"meta":{}},{"ancestorTitles":["Simple Math Tests (Vitest Demo)"],"fullName":"Simple Math Tests (Vitest Demo) should handle async operations","status":"passed","title":"should handle async operations","duration":46.01025000000027,"failureMessages":[],"meta":{}},{"ancestorTitles":["Simple Math Tests (Vitest Demo)"],"fullName":"Simple Math Tests (Vitest Demo) should provide performance timing","status":"passed","title":"should provide performance timing","duration":49.15295799999967,"failureMessages":[],"meta":{}},{"ancestorTitles":["Array and Object Tests"],"fullName":"Array and Object Tests should handle array operations","status":"passed","title":"should handle array operations","duration":29.216084000000592,"failureMessages":[],"meta":{}},{"ancestorTitles":["Array and Object Tests"],"fullName":"Array and Object Tests should handle object operations","status":"passed","title":"should handle object operations","duration":28.637042000000292,"failureMessages":[],"meta":{}},{"ancestorTitles":["Array and Object Tests"],"fullName":"Array and Object Tests should handle deep equality","status":"passed","title":"should handle deep equality","duration":19.306290999999874,"failureMessages":[],"meta":{}},{"ancestorTitles":["Error Handling Tests"],"fullName":"Error Handling Tests should catch thrown errors","status":"passed","title":"should catch thrown errors","duration":30.420790999999554,"failureMessages":[],"meta":{}},{"ancestorTitles":["Error Handling Tests"],"fullName":"Error Handling Tests should handle function calls that should not throw","status":"passed","title":"should handle function calls that should not throw","duration":4.143374999999651,"failureMessages":[],"meta":{}},{"ancestorTitles":["Game Logic Simulation (without actual classes)"],"fullName":"Game Logic Simulation (without actual classes) should simulate board operations","status":"passed","title":"should simulate board operations","duration":47.582917000000634,"failureMessages":[],"meta":{}},{"ancestorTitles":["Game Logic Simulation (without actual classes)"],"fullName":"Game Logic Simulation (without actual classes) should simulate win detection logic","status":"passed","title":"should simulate win detection logic","duration":30.633959000000687,"failureMessages":[],"meta":{}},{"ancestorTitles":["Game Logic Simulation (without actual classes)"],"fullName":"Game Logic Simulation (without actual classes) should simulate valid moves checking","status":"passed","title":"should simulate valid moves checking","duration":19.83729200000016,"failureMessages":[],"meta":{}}],"startTime":1750796515417,"endTime":1750796515929.8374,"status":"passed","message":"","name":"/Users/max/LogicCastle/tests/vitest/simple-backend.vitest.js"},{"assertionResults":[{"ancestorTitles":["Strategic Bot Fix Validation"],"fullName":"Strategic Bot Fix Validation Each strategic bot type uses distinct implementation","status":"passed","title":"Each strategic bot type uses distinct implementation","duration":170.51183299999957,"failureMessages":[],"meta":{}},{"ancestorTitles":["Strategic Bot Fix Validation"],"fullName":"Strategic Bot Fix Validation getBestMove routes to specific strategy methods","status":"passed","title":"getBestMove routes to specific strategy methods","duration":40.07158299999992,"failureMessages":[],"meta":{}},{"ancestorTitles":["Strategic Bot Fix Validation"],"fullName":"Strategic Bot Fix Validation Strategic bots show different move preferences","status":"passed","title":"Strategic bots show different move preferences","duration":47.50766599999952,"failureMessages":[],"meta":{}},{"ancestorTitles":["Strategic Bot Fix Validation"],"fullName":"Strategic Bot Fix Validation Universal logic fallback works for unknown bot types","status":"passed","title":"Universal logic fallback works for unknown bot types","duration":17.0438750000003,"failureMessages":[],"meta":{}},{"ancestorTitles":["Performance Impact Assessment"],"fullName":"Performance Impact Assessment Strategic routing does not significantly impact performance","status":"passed","title":"Strategic routing does not significantly impact performance","duration":24.153416999999536,"failureMessages":[],"meta":{}}],"startTime":1750796514767,"endTime":1750796515068.1533,"status":"passed","message":"","name":"/Users/max/LogicCastle/tests/vitest/strategic-bot-fix-validation.vitest.js"},{"assertionResults":[{"ancestorTitles":["UI Bot Mapping Logic","Bot Difficulty Mapping"],"fullName":"UI Bot Mapping Logic Bot Difficulty Mapping should map vs-bot-easy to offensiv-gemischt (Rank #4)","status":"passed","title":"should map vs-bot-easy to offensiv-gemischt (Rank #4)","duration":195.15799999999945,"failureMessages":[],"meta":{}},{"ancestorTitles":["UI Bot Mapping Logic","Bot Difficulty Mapping"],"fullName":"UI Bot Mapping Logic Bot Difficulty Mapping should map vs-bot-medium to enhanced-smart (Rank #2)","status":"passed","title":"should map vs-bot-medium to enhanced-smart (Rank #2)","duration":27.892791000000216,"failureMessages":[],"meta":{}},{"ancestorTitles":["UI Bot Mapping Logic","Bot Difficulty Mapping"],"fullName":"UI Bot Mapping Logic Bot Difficulty Mapping should map vs-bot-strong to defensive (Rank #1)","status":"passed","title":"should map vs-bot-strong to defensive (Rank #1)","duration":31.35229200000049,"failureMessages":[],"meta":{}},{"ancestorTitles":["UI Bot Mapping Logic","Bot Difficulty Mapping"],"fullName":"UI Bot Mapping Logic Bot Difficulty Mapping should maintain legacy vs-bot-smart compatibility","status":"passed","title":"should maintain legacy vs-bot-smart compatibility","duration":26.4540420000003,"failureMessages":[],"meta":{}},{"ancestorTitles":["UI Bot Mapping Logic","Bot Difficulty Mapping"],"fullName":"UI Bot Mapping Logic Bot Difficulty Mapping should default to easy for unknown modes","status":"passed","title":"should default to easy for unknown modes","duration":29.89624999999978,"failureMessages":[],"meta":{}},{"ancestorTitles":["UI Bot Mapping Logic","AI Mode Detection"],"fullName":"UI Bot Mapping Logic AI Mode Detection should correctly identify AI modes","status":"passed","title":"should correctly identify AI modes","duration":38.427332999999635,"failureMessages":[],"meta":{}},{"ancestorTitles":["UI Bot Mapping Logic","Player Name Configuration"],"fullName":"UI Bot Mapping Logic Player Name Configuration should set correct player names for bot modes","status":"passed","title":"should set correct player names for bot modes","duration":17.736542000000554,"failureMessages":[],"meta":{}},{"ancestorTitles":["UI Bot Mapping Logic","Player Name Configuration"],"fullName":"UI Bot Mapping Logic Player Name Configuration should return default name for non-bot modes","status":"passed","title":"should return default name for non-bot modes","duration":19.54229200000009,"failureMessages":[],"meta":{}},{"ancestorTitles":["UI Bot Mapping Logic","Bot Strength Hierarchy Validation"],"fullName":"UI Bot Mapping Logic Bot Strength Hierarchy Validation should implement correct strength ordering based on scientific analysis","status":"passed","title":"should implement correct strength ordering based on scientific analysis","duration":25.014541999999892,"failureMessages":[],"meta":{}},{"ancestorTitles":["UI Bot Mapping Logic","Bot Strength Hierarchy Validation"],"fullName":"UI Bot Mapping Logic Bot Strength Hierarchy Validation should provide meaningful difficulty progression","status":"passed","title":"should provide meaningful difficulty progression","duration":24.834499999999935,"failureMessages":[],"meta":{}},{"ancestorTitles":["UI Bot Mapping Logic","Performance Validation Documentation"],"fullName":"UI Bot Mapping Logic Performance Validation Documentation should document that bot selection is scientifically validated","status":"passed","title":"should document that bot selection is scientifically validated","duration":60.79341699999986,"failureMessages":[],"meta":{}},{"ancestorTitles":["UI Bot Mapping Logic","Performance Validation Documentation"],"fullName":"UI Bot Mapping Logic Performance Validation Documentation should validate available bot modes match HTML select options","status":"passed","title":"should validate available bot modes match HTML select options","duration":17.210041999999703,"failureMessages":[],"meta":{}}],"startTime":1750796510277,"endTime":1750796510795.21,"status":"passed","message":"","name":"/Users/max/LogicCastle/tests/vitest/ui-bot-mapping-simple.vitest.js"},{"assertionResults":[{"ancestorTitles":["UI Bot Mode Validation","Bot Mode Detection"],"fullName":"UI Bot Mode Validation Bot Mode Detection should correctly identify AI modes","status":"passed","title":"should correctly identify AI modes","duration":6.741167000000132,"failureMessages":[],"meta":{}},{"ancestorTitles":["UI Bot Mode Validation","Bot Difficulty Mapping"],"fullName":"UI Bot Mode Validation Bot Difficulty Mapping should map vs-bot-easy to offensiv-gemischt (Rank #4)","status":"passed","title":"should map vs-bot-easy to offensiv-gemischt (Rank #4)","duration":1.0615830000001552,"failureMessages":[],"meta":{}},{"ancestorTitles":["UI Bot Mode Validation","Bot Difficulty Mapping"],"fullName":"UI Bot Mode Validation Bot Difficulty Mapping should map vs-bot-medium to enhanced-smart (Rank #2)","status":"passed","title":"should map vs-bot-medium to enhanced-smart (Rank #2)","duration":0.9835000000002765,"failureMessages":[],"meta":{}},{"ancestorTitles":["UI Bot Mode Validation","Bot Difficulty Mapping"],"fullName":"UI Bot Mode Validation Bot Difficulty Mapping should map vs-bot-strong to defensive (Rank #1)","status":"passed","title":"should map vs-bot-strong to defensive (Rank #1)","duration":0.4532920000001468,"failureMessages":[],"meta":{}},{"ancestorTitles":["UI Bot Mode Validation","Bot Difficulty Mapping"],"fullName":"UI Bot Mode Validation Bot Difficulty Mapping should maintain legacy vs-bot-smart compatibility","status":"passed","title":"should maintain legacy vs-bot-smart compatibility","duration":0.6396669999999176,"failureMessages":[],"meta":{}},{"ancestorTitles":["UI Bot Mode Validation","Bot Strength Hierarchy"],"fullName":"UI Bot Mode Validation Bot Strength Hierarchy should implement correct strength ordering","status":"passed","title":"should implement correct strength ordering","duration":0.24787500000002183,"failureMessages":[],"meta":{}},{"ancestorTitles":["UI Bot Mode Validation","Bot Strength Hierarchy"],"fullName":"UI Bot Mode Validation Bot Strength Hierarchy should use scientifically validated bot rankings","status":"passed","title":"should use scientifically validated bot rankings","duration":0.23070800000004965,"failureMessages":[],"meta":{}},{"ancestorTitles":["UI Bot Mode Validation","Player Name Configuration"],"fullName":"UI Bot Mode Validation Player Name Configuration should set correct player names for bot modes","status":"passed","title":"should set correct player names for bot modes","duration":0.5102499999998145,"failureMessages":[],"meta":{}},{"ancestorTitles":["UI Bot Mode Validation","Player Name Configuration"],"fullName":"UI Bot Mode Validation Player Name Configuration should reset player names for two-player mode","status":"passed","title":"should reset player names for two-player mode","duration":0.5344159999999647,"failureMessages":[],"meta":{}},{"ancestorTitles":["UI Bot Mode Validation","AI Move Generation"],"fullName":"UI Bot Mode Validation AI Move Generation should generate valid moves for all bot difficulties","status":"passed","title":"should generate valid moves for all bot difficulties","duration":0.5988330000000133,"failureMessages":[],"meta":{}},{"ancestorTitles":["UI Bot Mode Validation","AI Move Generation"],"fullName":"UI Bot Mode Validation AI Move Generation should handle empty board scenarios","status":"passed","title":"should handle empty board scenarios","duration":0.19087499999977808,"failureMessages":[],"meta":{}},{"ancestorTitles":["UI Bot Mode Validation","Legacy Compatibility"],"fullName":"UI Bot Mode Validation Legacy Compatibility should maintain backward compatibility with existing modes","status":"passed","title":"should maintain backward compatibility with existing modes","duration":0.14887499999986176,"failureMessages":[],"meta":{}},{"ancestorTitles":["UI Bot Mode Validation","Legacy Compatibility"],"fullName":"UI Bot Mode Validation Legacy Compatibility should handle unknown modes gracefully","status":"passed","title":"should handle unknown modes gracefully","duration":0.09970900000007532,"failureMessages":[],"meta":{}},{"ancestorTitles":["Bot Mode Performance Validation"],"fullName":"Bot Mode Performance Validation should validate that chosen bots are performance-tested","status":"passed","title":"should validate that chosen bots are performance-tested","duration":0.9611250000002656,"failureMessages":[],"meta":{}}],"startTime":1750796518300,"endTime":1750796518315.9612,"status":"passed","message":"","name":"/Users/max/LogicCastle/tests/vitest/ui-bot-mode-validation.vitest.js"},{"assertionResults":[{"ancestorTitles":["UI Hints Modal Integration Tests"],"fullName":"UI Hints Modal Integration Tests Hints button should exist and have correct styling","status":"passed","title":"Hints button should exist and have correct styling","duration":503.2189580000004,"failureMessages":[],"meta":{}},{"ancestorTitles":["UI Hints Modal Integration Tests"],"fullName":"UI Hints Modal Integration Tests Hints modal should toggle on button click","status":"passed","title":"Hints modal should toggle on button click","duration":122.39233300000069,"failureMessages":[],"meta":{}},{"ancestorTitles":["UI Hints Modal Integration Tests"],"fullName":"UI Hints Modal Integration Tests F2 keyboard shortcut should toggle hints modal","status":"passed","title":"F2 keyboard shortcut should toggle hints modal","duration":117.53870800000004,"failureMessages":[],"meta":{}},{"ancestorTitles":["UI Hints Modal Integration Tests"],"fullName":"UI Hints Modal Integration Tests F1 keyboard shortcut should still work for help modal","status":"passed","title":"F1 keyboard shortcut should still work for help modal","duration":130.33650000000034,"failureMessages":[],"meta":{}},{"ancestorTitles":["UI Hints Modal Integration Tests"],"fullName":"UI Hints Modal Integration Tests Close button should close hints modal","status":"passed","title":"Close button should close hints modal","duration":67.56620900000053,"failureMessages":[],"meta":{}},{"ancestorTitles":["UI Hints Modal Integration Tests"],"fullName":"UI Hints Modal Integration Tests Click outside modal should close it","status":"passed","title":"Click outside modal should close it","duration":76.09516699999949,"failureMessages":[],"meta":{}},{"ancestorTitles":["UI Hints Modal Integration Tests"],"fullName":"UI Hints Modal Integration Tests All help checkboxes should be present in modal","status":"passed","title":"All help checkboxes should be present in modal","duration":106.38612499999999,"failureMessages":[],"meta":{}},{"ancestorTitles":["UI Hints Modal Integration Tests"],"fullName":"UI Hints Modal Integration Tests Modal structure should be correct","status":"passed","title":"Modal structure should be correct","duration":124.20041599999968,"failureMessages":[],"meta":{}},{"ancestorTitles":["UI Hints Modal Integration Tests"],"fullName":"UI Hints Modal Integration Tests Modal should not interfere with game functionality","status":"passed","title":"Modal should not interfere with game functionality","duration":102.56462499999998,"failureMessages":[],"meta":{}},{"ancestorTitles":["UI Hints Modal Integration Tests"],"fullName":"UI Hints Modal Integration Tests Both modals should be able to coexist","status":"passed","title":"Both modals should be able to coexist","duration":47.42683399999987,"failureMessages":[],"meta":{}},{"ancestorTitles":["UI Hints Modal Integration Tests"],"fullName":"UI Hints Modal Integration Tests Checkbox states should persist across modal toggles","status":"passed","title":"Checkbox states should persist across modal toggles","duration":40.45770799999991,"failureMessages":[],"meta":{}},{"ancestorTitles":["UI Hints Modal Integration Tests"],"fullName":"UI Hints Modal Integration Tests Event listeners should be properly attached","status":"passed","title":"Event listeners should be properly attached","duration":45.251500000000306,"failureMessages":[],"meta":{}}],"startTime":1750796503729,"endTime":1750796505214.2515,"status":"passed","message":"","name":"/Users/max/LogicCastle/tests/vitest/ui-hints-modal-integration.vitest.js"},{"assertionResults":[{"ancestorTitles":["UI Undo Conditional (Vitest Integration)"],"fullName":"UI Undo Conditional (Vitest Integration) should initialize undo state as disabled for both players","status":"passed","title":"should initialize undo state as disabled for both players","duration":260.3911670000007,"failureMessages":[],"meta":{}},{"ancestorTitles":["UI Undo Conditional (Vitest Integration)"],"fullName":"UI Undo Conditional (Vitest Integration) should bind undo checkbox elements correctly","status":"passed","title":"should bind undo checkbox elements correctly","duration":69.77629200000047,"failureMessages":[],"meta":{}},{"ancestorTitles":["UI Undo Conditional (Vitest Integration)"],"fullName":"UI Undo Conditional (Vitest Integration) should update undo state when Player 1 checkbox is toggled","status":"passed","title":"should update undo state when Player 1 checkbox is toggled","duration":72.36737499999981,"failureMessages":[],"meta":{}},{"ancestorTitles":["UI Undo Conditional (Vitest Integration)"],"fullName":"UI Undo Conditional (Vitest Integration) should update undo state when Player 2 checkbox is toggled","status":"passed","title":"should update undo state when Player 2 checkbox is toggled","duration":54.30804199999966,"failureMessages":[],"meta":{}},{"ancestorTitles":["UI Undo Conditional (Vitest Integration)"],"fullName":"UI Undo Conditional (Vitest Integration) should disable undo button when current player has undo disabled","status":"passed","title":"should disable undo button when current player has undo disabled","duration":45.74962499999947,"failureMessages":[],"meta":{}},{"ancestorTitles":["UI Undo Conditional (Vitest Integration)"],"fullName":"UI Undo Conditional (Vitest Integration) should enable undo button when current player has undo enabled","status":"passed","title":"should enable undo button when current player has undo enabled","duration":46.80066700000043,"failureMessages":[],"meta":{}},{"ancestorTitles":["UI Undo Conditional (Vitest Integration)"],"fullName":"UI Undo Conditional (Vitest Integration) should prevent undo when current player has undo disabled","status":"passed","title":"should prevent undo when current player has undo disabled","duration":27.83824999999979,"failureMessages":[],"meta":{}},{"ancestorTitles":["UI Undo Conditional (Vitest Integration)"],"fullName":"UI Undo Conditional (Vitest Integration) should allow undo when current player has undo enabled","status":"passed","title":"should allow undo when current player has undo enabled","duration":34.880833999999595,"failureMessages":[],"meta":{}},{"ancestorTitles":["UI Undo Conditional (Vitest Integration)"],"fullName":"UI Undo Conditional (Vitest Integration) should work independently for different players","status":"passed","title":"should work independently for different players","duration":40.05674999999974,"failureMessages":[],"meta":{}},{"ancestorTitles":["UI Undo Conditional (Vitest Integration)"],"fullName":"UI Undo Conditional (Vitest Integration) should persist checkbox states correctly","status":"passed","title":"should persist checkbox states correctly","duration":63.3931249999996,"failureMessages":[],"meta":{}},{"ancestorTitles":["UI Undo Conditional (Vitest Integration)"],"fullName":"UI Undo Conditional (Vitest Integration) should respect undo settings during game state changes","status":"passed","title":"should respect undo settings during game state changes","duration":36.94350000000031,"failureMessages":[],"meta":{}},{"ancestorTitles":["UI Undo Conditional (Vitest Integration)"],"fullName":"UI Undo Conditional (Vitest Integration) should handle AI thinking state correctly","status":"passed","title":"should handle AI thinking state correctly","duration":45.19445799999994,"failureMessages":[],"meta":{}}],"startTime":1750796509362,"endTime":1750796510164.1943,"status":"passed","message":"","name":"/Users/max/LogicCastle/tests/vitest/ui-undo-conditional.vitest.js"},{"assertionResults":[{"ancestorTitles":["Ultimate 5x5 Bot Matrix - 1000 Games with \"Verlierer beginnt\" Logic"],"fullName":"Ultimate 5x5 Bot Matrix - 1000 Games with \"Verlierer beginnt\" Logic should run complete 5x5 matrix with all bots and generate comprehensive analysis","status":"passed","title":"should run complete 5x5 matrix with all bots and generate comprehensive analysis","duration":18262.581875000003,"failureMessages":[],"meta":{}}],"startTime":1750796503859,"endTime":1750796522121.5818,"status":"passed","message":"","name":"/Users/max/LogicCastle/tests/vitest/ultimate-bot-matrix-1000.vitest.js"},{"assertionResults":[{"ancestorTitles":["Universal Bot Logic (4-Stage System)","STAGE 1: Direct Win Detection"],"fullName":"Universal Bot Logic (4-Stage System) STAGE 1: Direct Win Detection should detect horizontal winning move","status":"passed","title":"should detect horizontal winning move","duration":202.60766700000022,"failureMessages":[],"meta":{}},{"ancestorTitles":["Universal Bot Logic (4-Stage System)","STAGE 1: Direct Win Detection"],"fullName":"Universal Bot Logic (4-Stage System) STAGE 1: Direct Win Detection should detect vertical winning move","status":"passed","title":"should detect vertical winning move","duration":19.693624999999884,"failureMessages":[],"meta":{}},{"ancestorTitles":["Universal Bot Logic (4-Stage System)","STAGE 1: Direct Win Detection"],"fullName":"Universal Bot Logic (4-Stage System) STAGE 1: Direct Win Detection should return null when no winning move exists","status":"passed","title":"should return null when no winning move exists","duration":16.667583000000377,"failureMessages":[],"meta":{}},{"ancestorTitles":["Universal Bot Logic (4-Stage System)","STAGE 2: Comprehensive Blocking (includes _ x _ x _ pattern)"],"fullName":"Universal Bot Logic (4-Stage System) STAGE 2: Comprehensive Blocking (includes _ x _ x _ pattern) should block immediate opponent winning move","status":"passed","title":"should block immediate opponent winning move","duration":20.67645900000025,"failureMessages":[],"meta":{}},{"ancestorTitles":["Universal Bot Logic (4-Stage System)","STAGE 2: Comprehensive Blocking (includes _ x _ x _ pattern)"],"fullName":"Universal Bot Logic (4-Stage System) STAGE 2: Comprehensive Blocking (includes _ x _ x _ pattern) should block dangerous fork pattern _ x _ x","status":"passed","title":"should block dangerous fork pattern _ x _ x","duration":23.56745899999987,"failureMessages":[],"meta":{}},{"ancestorTitles":["Universal Bot Logic (4-Stage System)","STAGE 2: Comprehensive Blocking (includes _ x _ x _ pattern)"],"fullName":"Universal Bot Logic (4-Stage System) STAGE 2: Comprehensive Blocking (includes _ x _ x _ pattern) should return null when no blocking needed","status":"passed","title":"should return null when no blocking needed","duration":98.03354199999922,"failureMessages":[],"meta":{}},{"ancestorTitles":["Universal Bot Logic (4-Stage System)","STAGE 3: Safe Column Identification"],"fullName":"Universal Bot Logic (4-Stage System) STAGE 3: Safe Column Identification should identify safe columns (no traps)","status":"passed","title":"should identify safe columns (no traps)","duration":50.74449999999979,"failureMessages":[],"meta":{}},{"ancestorTitles":["Universal Bot Logic (4-Stage System)","STAGE 3: Safe Column Identification"],"fullName":"Universal Bot Logic (4-Stage System) STAGE 3: Safe Column Identification should return all moves if no safe moves exist","status":"passed","title":"should return all moves if no safe moves exist","duration":13.317291999999725,"failureMessages":[],"meta":{}},{"ancestorTitles":["Universal Bot Logic (4-Stage System)","STAGE 4: Bot-Specific Selection"],"fullName":"Universal Bot Logic (4-Stage System) STAGE 4: Bot-Specific Selection easy bot should select randomly from safe columns","status":"passed","title":"easy bot should select randomly from safe columns","duration":7.759167000000161,"failureMessages":[],"meta":{}},{"ancestorTitles":["Universal Bot Logic (4-Stage System)","STAGE 4: Bot-Specific Selection"],"fullName":"Universal Bot Logic (4-Stage System) STAGE 4: Bot-Specific Selection medium bot should prefer center columns","status":"passed","title":"medium bot should prefer center columns","duration":19.005334000000403,"failureMessages":[],"meta":{}},{"ancestorTitles":["Universal Bot Logic (4-Stage System)","STAGE 4: Bot-Specific Selection"],"fullName":"Universal Bot Logic (4-Stage System) STAGE 4: Bot-Specific Selection should handle single safe column","status":"passed","title":"should handle single safe column","duration":18.90270799999962,"failureMessages":[],"meta":{}},{"ancestorTitles":["Universal Bot Logic (4-Stage System)","STAGE 4: Bot-Specific Selection"],"fullName":"Universal Bot Logic (4-Stage System) STAGE 4: Bot-Specific Selection should return null for empty safe columns","status":"passed","title":"should return null for empty safe columns","duration":10.420749999999316,"failureMessages":[],"meta":{}},{"ancestorTitles":["Universal Bot Logic (4-Stage System)","Universal Bot Logic Integration"],"fullName":"Universal Bot Logic (4-Stage System) Universal Bot Logic Integration all bot difficulties should follow 4-stage process","status":"passed","title":"all bot difficulties should follow 4-stage process","duration":41.61045800000011,"failureMessages":[],"meta":{}},{"ancestorTitles":["Universal Bot Logic (4-Stage System)","Universal Bot Logic Integration"],"fullName":"Universal Bot Logic (4-Stage System) Universal Bot Logic Integration should prioritize winning over blocking","status":"passed","title":"should prioritize winning over blocking","duration":10.789874999999483,"failureMessages":[],"meta":{}},{"ancestorTitles":["Universal Bot Logic (4-Stage System)","Universal Bot Logic Integration"],"fullName":"Universal Bot Logic (4-Stage System) Universal Bot Logic Integration should prioritize blocking over safe random moves","status":"passed","title":"should prioritize blocking over safe random moves","duration":15.067583999999442,"failureMessages":[],"meta":{}},{"ancestorTitles":["Bot Performance Validation"],"fullName":"Bot Performance Validation should run game series between bots without errors","status":"passed","title":"should run game series between bots without errors","duration":99.9638329999998,"failureMessages":[],"meta":{}}],"startTime":1750796512350,"endTime":1750796513029.9639,"status":"passed","message":"","name":"/Users/max/LogicCastle/tests/vitest/universal-bot-logic.vitest.js"}]}