{"numTotalTestSuites":3,"numPassedTestSuites":3,"numFailedTestSuites":0,"numPendingTestSuites":0,"numTotalTests":5,"numPassedTests":5,"numFailedTests":0,"numPendingTests":0,"numTodoTests":0,"snapshot":{"added":0,"failure":false,"filesAdded":0,"filesRemoved":0,"filesRemovedList":[],"filesUnmatched":0,"filesUpdated":0,"matched":0,"total":0,"unchecked":0,"uncheckedKeysByFile":[],"unmatched":0,"updated":0,"didUpdate":false},"startTime":1750674129923,"success":true,"testResults":[{"assertionResults":[{"ancestorTitles":["Strategic Bot Fix Validation"],"fullName":"Strategic Bot Fix Validation Each strategic bot type uses distinct implementation","status":"passed","title":"Each strategic bot type uses distinct implementation","duration":8.211584000000016,"failureMessages":[],"meta":{}},{"ancestorTitles":["Strategic Bot Fix Validation"],"fullName":"Strategic Bot Fix Validation getBestMove routes to specific strategy methods","status":"passed","title":"getBestMove routes to specific strategy methods","duration":3.195875000000001,"failureMessages":[],"meta":{}},{"ancestorTitles":["Strategic Bot Fix Validation"],"fullName":"Strategic Bot Fix Validation Strategic bots show different move preferences","status":"passed","title":"Strategic bots show different move preferences","duration":2.549250000000029,"failureMessages":[],"meta":{}},{"ancestorTitles":["Strategic Bot Fix Validation"],"fullName":"Strategic Bot Fix Validation Universal logic fallback works for unknown bot types","status":"passed","title":"Universal logic fallback works for unknown bot types","duration":0.819417000000044,"failureMessages":[],"meta":{}},{"ancestorTitles":["Performance Impact Assessment"],"fullName":"Performance Impact Assessment Strategic routing does not significantly impact performance","status":"passed","title":"Strategic routing does not significantly impact performance","duration":1.2357920000000604,"failureMessages":[],"meta":{}}],"startTime":1750674130957,"endTime":1750674130973.2358,"status":"passed","message":"","name":"/Users/max/LogicCastle/tests/vitest/strategic-bot-fix-validation.vitest.js"}]}