{"numTotalTestSuites":99,"numPassedTestSuites":96,"numFailedTestSuites":3,"numPendingTestSuites":0,"numTotalTests":199,"numPassedTests":197,"numFailedTests":1,"numPendingTests":1,"numTodoTests":0,"snapshot":{"added":0,"failure":false,"filesAdded":0,"filesRemoved":0,"filesRemovedList":[],"filesUnmatched":0,"filesUpdated":0,"matched":0,"total":0,"unchecked":0,"uncheckedKeysByFile":[],"unmatched":0,"updated":0,"didUpdate":false},"startTime":1750765747562,"success":false,"testResults":[{"assertionResults":[{"ancestorTitles":["AI Strategy Enhanced Smart (DOM-dependent)"],"fullName":"AI Strategy Enhanced Smart (DOM-dependent) should handle strategic analysis integration","status":"passed","title":"should handle strategic analysis integration","duration":89.10233400000004,"failureMessages":[],"meta":{}},{"ancestorTitles":["AI Strategy Enhanced Smart (DOM-dependent)"],"fullName":"AI Strategy Enhanced Smart (DOM-dependent) should handle multiple consecutive moves without corruption","status":"passed","title":"should handle multiple consecutive moves without corruption","duration":9.241457999999966,"failureMessages":[],"meta":{}},{"ancestorTitles":["AI Strategy Enhanced Smart (DOM-dependent)"],"fullName":"AI Strategy Enhanced Smart (DOM-dependent) should apply even/odd strategy with DOM feedback","status":"passed","title":"should apply even/odd strategy with DOM feedback","duration":2.0882910000000265,"failureMessages":[],"meta":{}},{"ancestorTitles":["AI Strategy Enhanced Smart (DOM-dependent)"],"fullName":"AI Strategy Enhanced Smart (DOM-dependent) should detect Zugzwang situations with UI integration","status":"passed","title":"should detect Zugzwang situations with UI integration","duration":7.673750000000041,"failureMessages":[],"meta":{}},{"ancestorTitles":["AI Strategy Enhanced Smart (DOM-dependent)"],"fullName":"AI Strategy Enhanced Smart (DOM-dependent) should analyze fork opportunities with DOM updates","status":"passed","title":"should analyze fork opportunities with DOM updates","duration":6.251416999999947,"failureMessages":[],"meta":{}},{"ancestorTitles":["AI Strategy Enhanced Smart (DOM-dependent)"],"fullName":"AI Strategy Enhanced Smart (DOM-dependent) should fallback to safe random with DOM state","status":"passed","title":"should fallback to safe random with DOM state","duration":2.1377499999999827,"failureMessages":[],"meta":{}},{"ancestorTitles":["AI Strategy Enhanced Smart (DOM-dependent)"],"fullName":"AI Strategy Enhanced Smart (DOM-dependent) should maintain performance under complex board states","status":"passed","title":"should maintain performance under complex board states","duration":1.2923749999999927,"failureMessages":[],"meta":{}},{"ancestorTitles":["AI Strategy Consistency (DOM-dependent)"],"fullName":"AI Strategy Consistency (DOM-dependent) should maintain move determinism for identical states","status":"passed","title":"should maintain move determinism for identical states","duration":1.1711669999999685,"failureMessages":[],"meta":{}},{"ancestorTitles":["AI Strategy Consistency (DOM-dependent)"],"fullName":"AI Strategy Consistency (DOM-dependent) should show differences between random vs strategic bots","status":"passed","title":"should show differences between random vs strategic bots","duration":2.406333000000018,"failureMessages":[],"meta":{}},{"ancestorTitles":["AI Strategy Consistency (DOM-dependent)"],"fullName":"AI Strategy Consistency (DOM-dependent) should show defensive vs offensive preferences","status":"passed","title":"should show defensive vs offensive preferences","duration":6.042915999999991,"failureMessages":[],"meta":{}},{"ancestorTitles":["AI Strategy Consistency (DOM-dependent)"],"fullName":"AI Strategy Consistency (DOM-dependent) should prevent state corruption during analysis","status":"passed","title":"should prevent state corruption during analysis","duration":1.0018749999999272,"failureMessages":[],"meta":{}},{"ancestorTitles":["AI Strategy Consistency (DOM-dependent)"],"fullName":"AI Strategy Consistency (DOM-dependent) should handle cross-bot performance in complex positions","status":"passed","title":"should handle cross-bot performance in complex positions","duration":1.202541999999994,"failureMessages":[],"meta":{}},{"ancestorTitles":["AI Strategy Smart Random (DOM-dependent)"],"fullName":"AI Strategy Smart Random (DOM-dependent) should handle random fallback behavior with DOM","status":"passed","title":"should handle random fallback behavior with DOM","duration":7.085500000000025,"failureMessages":[],"meta":{}},{"ancestorTitles":["AI Strategy Smart Random (DOM-dependent)"],"fullName":"AI Strategy Smart Random (DOM-dependent) should maintain multiple move sequence consistency","status":"passed","title":"should maintain multiple move sequence consistency","duration":1.1954580000000306,"failureMessages":[],"meta":{}},{"ancestorTitles":["AI Strategy Smart Random (DOM-dependent)"],"fullName":"AI Strategy Smart Random (DOM-dependent) should perform well with helper analysis integration","status":"passed","title":"should perform well with helper analysis integration","duration":1.2474169999999276,"failureMessages":[],"meta":{}},{"ancestorTitles":["AI Strategy Smart Random (DOM-dependent)"],"fullName":"AI Strategy Smart Random (DOM-dependent) should handle state isolation across multiple calls","status":"passed","title":"should handle state isolation across multiple calls","duration":0.7694999999999936,"failureMessages":[],"meta":{}}],"startTime":1750765749625,"endTime":1750765749767.7695,"status":"passed","message":"","name":"/Users/max/LogicCastle/tests/vitest/ai-strategy-dom-tests.vitest.js"},{"assertionResults":[{"ancestorTitles":["Bot Matrix Demo Tests"],"fullName":"Bot Matrix Demo Tests Demo: 50-Game Bot Matrix with \"Verlierer beginnt\" Logic","status":"passed","title":"Demo: 50-Game Bot Matrix with \"Verlierer beginnt\" Logic","duration":39.33070799999996,"failureMessages":[],"meta":{}}],"startTime":1750765750398,"endTime":1750765750437.3308,"status":"passed","message":"","name":"/Users/max/LogicCastle/tests/vitest/bot-matrix-demo.vitest.js"},{"assertionResults":[{"ancestorTitles":["Bot Performance Validation - 100 Game Series","Universal Logic Consistency"],"fullName":"Bot Performance Validation - 100 Game Series Universal Logic Consistency should complete 100 games without errors (Easy vs Medium)","status":"passed","title":"should complete 100 games without errors (Easy vs Medium)","duration":64.83712500000001,"failureMessages":[],"meta":{}},{"ancestorTitles":["Bot Performance Validation - 100 Game Series","Universal Logic Consistency"],"fullName":"Bot Performance Validation - 100 Game Series Universal Logic Consistency should complete 100 games without errors (Medium vs Hard)","status":"passed","title":"should complete 100 games without errors (Medium vs Hard)","duration":98.25962500000014,"failureMessages":[],"meta":{}},{"ancestorTitles":["Bot Performance Validation - 100 Game Series","Universal Logic Consistency"],"fullName":"Bot Performance Validation - 100 Game Series Universal Logic Consistency should show skill differential (Hard vs Easy)","status":"passed","title":"should show skill differential (Hard vs Easy)","duration":56.000708999999915,"failureMessages":[],"meta":{}},{"ancestorTitles":["Bot Performance Validation - 100 Game Series","Universal Logic Implementation Validation"],"fullName":"Bot Performance Validation - 100 Game Series Universal Logic Implementation Validation all bots should follow 4-stage decision process","status":"passed","title":"all bots should follow 4-stage decision process","duration":11.402290999999877,"failureMessages":[],"meta":{}},{"ancestorTitles":["Bot Performance Validation - 100 Game Series","Universal Logic Implementation Validation"],"fullName":"Bot Performance Validation - 100 Game Series Universal Logic Implementation Validation no bot should make illegal moves in extended play","status":"passed","title":"no bot should make illegal moves in extended play","duration":14.642209000000094,"failureMessages":[],"meta":{}},{"ancestorTitles":["Bot Performance Validation - 100 Game Series","Performance Metrics"],"fullName":"Bot Performance Validation - 100 Game Series Performance Metrics game completion rate should be 100%","status":"passed","title":"game completion rate should be 100%","duration":18.023583000000144,"failureMessages":[],"meta":{}}],"startTime":1750765748643,"endTime":1750765748907.0237,"status":"passed","message":"","name":"/Users/max/LogicCastle/tests/vitest/bot-performance-100-series.vitest.js"},{"assertionResults":[{"ancestorTitles":["Bot Strength Comparison Tests"],"fullName":"Bot Strength Comparison Tests Enhanced Smart Bot should beat Smart Random Bot majority of time","status":"passed","title":"Enhanced Smart Bot should beat Smart Random Bot majority of time","duration":52.763833999999974,"failureMessages":[],"meta":{}},{"ancestorTitles":["Bot Strength Comparison Tests"],"fullName":"Bot Strength Comparison Tests Enhanced Smart Bot should dominate Easy Bot","status":"passed","title":"Enhanced Smart Bot should dominate Easy Bot","duration":4.293999999999869,"failureMessages":[],"meta":{}},{"ancestorTitles":["Bot Strength Comparison Tests"],"fullName":"Bot Strength Comparison Tests Smart Random Bot should beat Easy Bot","status":"passed","title":"Smart Random Bot should beat Easy Bot","duration":2.6625830000000406,"failureMessages":[],"meta":{}},{"ancestorTitles":["Bot Strength Comparison Tests"],"fullName":"Bot Strength Comparison Tests Enhanced Smart Bot should have higher strategic move ratio","status":"passed","title":"Enhanced Smart Bot should have higher strategic move ratio","duration":10.783374999999978,"failureMessages":[],"meta":{}},{"ancestorTitles":["Bot Strength Comparison Tests"],"fullName":"Bot Strength Comparison Tests All bots should prefer strategic opening moves","status":"passed","title":"All bots should prefer strategic opening moves","duration":9.388749999999845,"failureMessages":[],"meta":{}},{"ancestorTitles":["Bot Strength Comparison Tests"],"fullName":"Bot Strength Comparison Tests Bots should handle complex board states without crashing","status":"passed","title":"Bots should handle complex board states without crashing","duration":10.673042000000123,"failureMessages":[],"meta":{}},{"ancestorTitles":["Bot Strength Comparison Tests"],"fullName":"Bot Strength Comparison Tests Bot strength hierarchy should be maintained","status":"passed","title":"Bot strength hierarchy should be maintained","duration":1.8744580000000042,"failureMessages":[],"meta":{}},{"ancestorTitles":["Bot Strength Comparison Tests"],"fullName":"Bot Strength Comparison Tests 1000-Game Bot Matrix Analysis with \"Verlierer beginnt\" Logic","status":"skipped","title":"1000-Game Bot Matrix Analysis with \"Verlierer beginnt\" Logic","failureMessages":[],"meta":{}}],"startTime":1750765748583,"endTime":1750765748674.8745,"status":"passed","message":"","name":"/Users/max/LogicCastle/tests/vitest/bot-strength-comparison.vitest.js"},{"assertionResults":[{"ancestorTitles":["Bot Tournament System"],"fullName":"Bot Tournament System should run complete tournament and establish rankings","status":"passed","title":"should run complete tournament and establish rankings","duration":29.94108399999982,"failureMessages":[],"meta":{}},{"ancestorTitles":["Bot Tournament System"],"fullName":"Bot Tournament System should validate Enhanced Smart Bot performance metrics","status":"passed","title":"should validate Enhanced Smart Bot performance metrics","duration":39.92812499999991,"failureMessages":[],"meta":{}},{"ancestorTitles":["Bot Tournament System"],"fullName":"Bot Tournament System should demonstrate strategic improvement over time","status":"passed","title":"should demonstrate strategic improvement over time","duration":15.195584000000053,"failureMessages":[],"meta":{}}],"startTime":1750765748646,"endTime":1750765748731.1956,"status":"passed","message":"","name":"/Users/max/LogicCastle/tests/vitest/bot-tournament.vitest.js"},{"assertionResults":[{"ancestorTitles":["Comprehensive 5x5 Bot Matrix - 100 Game Series"],"fullName":"Comprehensive 5x5 Bot Matrix - 100 Game Series should run complete 5x5 matrix and generate performance table","status":"passed","title":"should run complete 5x5 matrix and generate performance table","duration":685.6681249999999,"failureMessages":[],"meta":{}}],"startTime":1750765748495,"endTime":1750765749180.6682,"status":"passed","message":"","name":"/Users/max/LogicCastle/tests/vitest/comprehensive-bot-matrix-5x5.vitest.js"},{"assertionResults":[{"ancestorTitles":["Debug Bot Matrix"],"fullName":"Debug Bot Matrix should count all games correctly","status":"passed","title":"should count all games correctly","duration":21.673082999999906,"failureMessages":[],"meta":{}},{"ancestorTitles":["Debug Bot Matrix"],"fullName":"Debug Bot Matrix should run small matrix without errors","status":"passed","title":"should run small matrix without errors","duration":1.6977500000000418,"failureMessages":[],"meta":{}}],"startTime":1750765750998,"endTime":1750765751021.6978,"status":"passed","message":"","name":"/Users/max/LogicCastle/tests/vitest/debug-bot-matrix.vitest.js"},{"assertionResults":[{"ancestorTitles":["Dependency Injection System","ServiceContainer Core Functionality"],"fullName":"Dependency Injection System ServiceContainer Core Functionality should register and resolve simple services","status":"passed","title":"should register and resolve simple services","duration":81.13087500000006,"failureMessages":[],"meta":{}},{"ancestorTitles":["Dependency Injection System","ServiceContainer Core Functionality"],"fullName":"Dependency Injection System ServiceContainer Core Functionality should support singleton services","status":"passed","title":"should support singleton services","duration":3.2260410000000093,"failureMessages":[],"meta":{}},{"ancestorTitles":["Dependency Injection System","ServiceContainer Core Functionality"],"fullName":"Dependency Injection System ServiceContainer Core Functionality should handle factory functions","status":"passed","title":"should handle factory functions","duration":3.518167000000062,"failureMessages":[],"meta":{}},{"ancestorTitles":["Dependency Injection System","ServiceContainer Core Functionality"],"fullName":"Dependency Injection System ServiceContainer Core Functionality should inject dependencies correctly","status":"passed","title":"should inject dependencies correctly","duration":2.862792000000013,"failureMessages":[],"meta":{}},{"ancestorTitles":["Dependency Injection System","ServiceContainer Core Functionality"],"fullName":"Dependency Injection System ServiceContainer Core Functionality should throw error for unregistered services","status":"passed","title":"should throw error for unregistered services","duration":2.5199590000000853,"failureMessages":[],"meta":{}},{"ancestorTitles":["Dependency Injection System","ServiceContainer Core Functionality"],"fullName":"Dependency Injection System ServiceContainer Core Functionality should support child containers","status":"passed","title":"should support child containers","duration":2.1716669999999567,"failureMessages":[],"meta":{}},{"ancestorTitles":["Dependency Injection System","Interface Validation"],"fullName":"Dependency Injection System Interface Validation should validate objects against interfaces","status":"passed","title":"should validate objects against interfaces","duration":2.104332999999997,"failureMessages":[],"meta":{}},{"ancestorTitles":["Dependency Injection System","Interface Validation"],"fullName":"Dependency Injection System Interface Validation should create interface proxies for runtime validation","status":"passed","title":"should create interface proxies for runtime validation","duration":0.9099999999999682,"failureMessages":[],"meta":{}},{"ancestorTitles":["Dependency Injection System","Interface Validation"],"fullName":"Dependency Injection System Interface Validation should validate known service interfaces","status":"passed","title":"should validate known service interfaces","duration":4.374084000000039,"failureMessages":[],"meta":{}},{"ancestorTitles":["Dependency Injection System","GameFactory Configuration"],"fullName":"Dependency Injection System GameFactory Configuration should configure for testing environment","status":"passed","title":"should configure for testing environment","duration":8.09783399999992,"failureMessages":[],"meta":{}},{"ancestorTitles":["Dependency Injection System","GameFactory Configuration"],"fullName":"Dependency Injection System GameFactory Configuration should create bots with different difficulties","status":"passed","title":"should create bots with different difficulties","duration":1.9955839999998943,"failureMessages":[],"meta":{}},{"ancestorTitles":["Dependency Injection System","GameFactory Configuration"],"fullName":"Dependency Injection System GameFactory Configuration should handle configuration errors gracefully","status":"passed","title":"should handle configuration errors gracefully","duration":0.8429169999999431,"failureMessages":[],"meta":{}},{"ancestorTitles":["Dependency Injection System","GameFactory Configuration"],"fullName":"Dependency Injection System GameFactory Configuration should not reconfigure when already configured","status":"passed","title":"should not reconfigure when already configured","duration":0.7130409999999756,"failureMessages":[],"meta":{}},{"ancestorTitles":["Dependency Injection System","GameFactory Configuration"],"fullName":"Dependency Injection System GameFactory Configuration should reset configuration properly","status":"passed","title":"should reset configuration properly","duration":0.7442499999999654,"failureMessages":[],"meta":{}},{"ancestorTitles":["Dependency Injection System","Game Instance Creation"],"fullName":"Dependency Injection System Game Instance Creation should create functional game instances","status":"passed","title":"should create functional game instances","duration":2.806959000000006,"failureMessages":[],"meta":{}},{"ancestorTitles":["Dependency Injection System","Game Instance Creation"],"fullName":"Dependency Injection System Game Instance Creation should create game with UI when DOM element provided","status":"passed","title":"should create game with UI when DOM element provided","duration":0.7286250000000791,"failureMessages":[],"meta":{}},{"ancestorTitles":["Dependency Injection System","Game Instance Creation"],"fullName":"Dependency Injection System Game Instance Creation should validate interfaces when requested","status":"passed","title":"should validate interfaces when requested","duration":0.7539580000000115,"failureMessages":[],"meta":{}},{"ancestorTitles":["Dependency Injection System","Integration with Legacy Code"],"fullName":"Dependency Injection System Integration with Legacy Code should maintain backward compatibility","status":"passed","title":"should maintain backward compatibility","duration":1.1552910000000338,"failureMessages":[],"meta":{}},{"ancestorTitles":["Dependency Injection System","Integration with Legacy Code"],"fullName":"Dependency Injection System Integration with Legacy Code should support asynchronous service resolution","status":"passed","title":"should support asynchronous service resolution","duration":15.263750000000073,"failureMessages":[],"meta":{}},{"ancestorTitles":["Dependency Injection System","Error Handling and Edge Cases"],"fullName":"Dependency Injection System Error Handling and Edge Cases should handle circular dependencies gracefully","status":"passed","title":"should handle circular dependencies gracefully","duration":2.0643749999999272,"failureMessages":[],"meta":{}},{"ancestorTitles":["Dependency Injection System","Error Handling and Edge Cases"],"fullName":"Dependency Injection System Error Handling and Edge Cases should handle malformed service registrations","status":"passed","title":"should handle malformed service registrations","duration":1.571292000000085,"failureMessages":[],"meta":{}},{"ancestorTitles":["Dependency Injection System","Error Handling and Edge Cases"],"fullName":"Dependency Injection System Error Handling and Edge Cases should clear all services properly","status":"passed","title":"should clear all services properly","duration":4.12341699999979,"failureMessages":[],"meta":{}}],"startTime":1750765748518,"endTime":1750765748712.1235,"status":"passed","message":"","name":"/Users/max/LogicCastle/tests/vitest/dependency-injection.vitest.js"},{"assertionResults":[{"ancestorTitles":["Expert Bot Integration Tests","UI Mode Mapping"],"fullName":"Expert Bot Integration Tests UI Mode Mapping Expert mode should map to monte-carlo difficulty","status":"passed","title":"Expert mode should map to monte-carlo difficulty","duration":14.893833000000086,"failureMessages":[],"meta":{}},{"ancestorTitles":["Expert Bot Integration Tests","UI Mode Mapping"],"fullName":"Expert Bot Integration Tests UI Mode Mapping Expert should use enhanced Monte Carlo configuration","status":"passed","title":"Expert should use enhanced Monte Carlo configuration","duration":1.2654999999999745,"failureMessages":[],"meta":{}},{"ancestorTitles":["Expert Bot Integration Tests","Performance Validation"],"fullName":"Expert Bot Integration Tests Performance Validation Monte Carlo bot should make strategic moves","status":"passed","title":"Monte Carlo bot should make strategic moves","duration":1.9547910000000002,"failureMessages":[],"meta":{}},{"ancestorTitles":["Expert Bot Integration Tests","Performance Validation"],"fullName":"Expert Bot Integration Tests Performance Validation Expert bot should show center preference in opening","status":"passed","title":"Expert bot should show center preference in opening","duration":2.433084000000008,"failureMessages":[],"meta":{}},{"ancestorTitles":["Expert Bot Integration Tests","Performance Validation"],"fullName":"Expert Bot Integration Tests Performance Validation Expert bot should handle complex positions","status":"passed","title":"Expert bot should handle complex positions","duration":3.654708000000028,"failureMessages":[],"meta":{}},{"ancestorTitles":["Expert Bot Integration Tests","Bot Hierarchy Validation"],"fullName":"Expert Bot Integration Tests Bot Hierarchy Validation Bot difficulty progression should be logical","status":"passed","title":"Bot difficulty progression should be logical","duration":0.9762080000000424,"failureMessages":[],"meta":{}},{"ancestorTitles":["Expert Bot Integration Tests","Bot Hierarchy Validation"],"fullName":"Expert Bot Integration Tests Bot Hierarchy Validation Expert should be the highest difficulty available in UI","status":"passed","title":"Expert should be the highest difficulty available in UI","duration":0.7890409999999974,"failureMessages":[],"meta":{}},{"ancestorTitles":["Expert Bot Integration Tests","Monte Carlo Implementation Access"],"fullName":"Expert Bot Integration Tests Monte Carlo Implementation Access Monte Carlo should use enhanced simulation count","status":"passed","title":"Monte Carlo should use enhanced simulation count","duration":0.9227080000000569,"failureMessages":[],"meta":{}}],"startTime":1750765750818,"endTime":1750765750844.9226,"status":"passed","message":"","name":"/Users/max/LogicCastle/tests/vitest/expert-bot-quick-test.vitest.js"},{"assertionResults":[{"ancestorTitles":["Expert vs Strategic Bots Performance Tests","Monte Carlo vs Strategic Bots"],"fullName":"Expert vs Strategic Bots Performance Tests Monte Carlo vs Strategic Bots Monte Carlo should outperform Defensive bot","status":"passed","title":"Monte Carlo should outperform Defensive bot","duration":64.20641699999999,"failureMessages":[],"meta":{}},{"ancestorTitles":["Expert vs Strategic Bots Performance Tests","Monte Carlo vs Strategic Bots"],"fullName":"Expert vs Strategic Bots Performance Tests Monte Carlo vs Strategic Bots Monte Carlo should outperform Enhanced Smart bot","status":"passed","title":"Monte Carlo should outperform Enhanced Smart bot","duration":11.020624999999995,"failureMessages":[],"meta":{}},{"ancestorTitles":["Expert vs Strategic Bots Performance Tests","Monte Carlo vs Strategic Bots"],"fullName":"Expert vs Strategic Bots Performance Tests Monte Carlo vs Strategic Bots Monte Carlo should dominate Smart Random bot","status":"passed","title":"Monte Carlo should dominate Smart Random bot","duration":7.481957999999963,"failureMessages":[],"meta":{}},{"ancestorTitles":["Expert vs Strategic Bots Performance Tests","Expert Mode Validation"],"fullName":"Expert vs Strategic Bots Performance Tests Expert Mode Validation Expert should be strongest available bot in UI hierarchy","status":"passed","title":"Expert should be strongest available bot in UI hierarchy","duration":1.1728329999999687,"failureMessages":[],"meta":{}},{"ancestorTitles":["Expert vs Strategic Bots Performance Tests","Expert Mode Validation"],"fullName":"Expert vs Strategic Bots Performance Tests Expert Mode Validation Monte Carlo should show consistent performance advantage","status":"passed","title":"Monte Carlo should show consistent performance advantage","duration":10.868249999999989,"failureMessages":[],"meta":{}},{"ancestorTitles":["Expert vs Strategic Bots Performance Tests","Strategic Depth Comparison"],"fullName":"Expert vs Strategic Bots Performance Tests Strategic Depth Comparison Monte Carlo should show better opening play","status":"passed","title":"Monte Carlo should show better opening play","duration":0.9816250000000082,"failureMessages":[],"meta":{}},{"ancestorTitles":["Expert vs Strategic Bots Performance Tests","Strategic Depth Comparison"],"fullName":"Expert vs Strategic Bots Performance Tests Strategic Depth Comparison Monte Carlo should handle complex positions better","status":"passed","title":"Monte Carlo should handle complex positions better","duration":36.48245900000006,"failureMessages":[],"meta":{}}],"startTime":1750765750463,"endTime":1750765750595.4824,"status":"passed","message":"","name":"/Users/max/LogicCastle/tests/vitest/expert-vs-strategic-quick.vitest.js"},{"assertionResults":[{"ancestorTitles":["Fork Detection Core Logic","Classic Fork Pattern Detection"],"fullName":"Fork Detection Core Logic Classic Fork Pattern Detection should detect _ x _ x _ pattern (user example)","status":"failed","title":"should detect _ x _ x _ pattern (user example)","duration":41.657375,"failureMessages":["AssertionError: expected 0 to be greater than or equal to 1\n    at /Users/max/LogicCastle/tests/vitest/fork-detection.vitest.js:161:34\n    at file:///Users/max/LogicCastle/node_modules/@vitest/runner/dist/chunk-hooks.js:155:11\n    at file:///Users/max/LogicCastle/node_modules/@vitest/runner/dist/chunk-hooks.js:752:26\n    at file:///Users/max/LogicCastle/node_modules/@vitest/runner/dist/chunk-hooks.js:1897:20\n    at new Promise (<anonymous>)\n    at runWithTimeout (file:///Users/max/LogicCastle/node_modules/@vitest/runner/dist/chunk-hooks.js:1863:10)\n    at runTest (file:///Users/max/LogicCastle/node_modules/@vitest/runner/dist/chunk-hooks.js:1574:12)\n    at processTicksAndRejections (node:internal/process/task_queues:105:5)\n    at runSuite (file:///Users/max/LogicCastle/node_modules/@vitest/runner/dist/chunk-hooks.js:1729:8)\n    at runSuite (file:///Users/max/LogicCastle/node_modules/@vitest/runner/dist/chunk-hooks.js:1729:8)"],"meta":{}},{"ancestorTitles":["Fork Detection Core Logic","Classic Fork Pattern Detection"],"fullName":"Fork Detection Core Logic Classic Fork Pattern Detection should detect _ x _ x pattern","status":"passed","title":"should detect _ x _ x pattern","duration":1.452666000000022,"failureMessages":[],"meta":{}},{"ancestorTitles":["Fork Detection Core Logic","Classic Fork Pattern Detection"],"fullName":"Fork Detection Core Logic Classic Fork Pattern Detection should detect x _ x _ pattern","status":"passed","title":"should detect x _ x _ pattern","duration":9.717041000000108,"failureMessages":[],"meta":{}},{"ancestorTitles":["Fork Detection Core Logic","Classic Fork Pattern Detection"],"fullName":"Fork Detection Core Logic Classic Fork Pattern Detection should detect _ x x _ pattern","status":"passed","title":"should detect _ x x _ pattern","duration":1.2192499999999882,"failureMessages":[],"meta":{}},{"ancestorTitles":["Fork Detection Core Logic","Fork Counter-Move Calculation"],"fullName":"Fork Detection Core Logic Fork Counter-Move Calculation should calculate correct counter moves for _ x _ x pattern","status":"passed","title":"should calculate correct counter moves for _ x _ x pattern","duration":10.763625000000047,"failureMessages":[],"meta":{}},{"ancestorTitles":["Fork Detection Core Logic","Fork Counter-Move Calculation"],"fullName":"Fork Detection Core Logic Fork Counter-Move Calculation should prioritize center positions in counter moves","status":"passed","title":"should prioritize center positions in counter moves","duration":5.158416000000102,"failureMessages":[],"meta":{}},{"ancestorTitles":["Fork Detection Core Logic","Critical Fork Defense"],"fullName":"Fork Detection Core Logic Critical Fork Defense should identify opponent forks as critical threats","status":"passed","title":"should identify opponent forks as critical threats","duration":4.041832999999997,"failureMessages":[],"meta":{}},{"ancestorTitles":["Fork Detection Core Logic","Critical Fork Defense"],"fullName":"Fork Detection Core Logic Critical Fork Defense should provide specific columns for counter-moves","status":"passed","title":"should provide specific columns for counter-moves","duration":4.6226669999999785,"failureMessages":[],"meta":{}},{"ancestorTitles":["Fork Detection Core Logic","Fork Opportunity Detection"],"fullName":"Fork Detection Core Logic Fork Opportunity Detection should find opportunities to create our own forks","status":"passed","title":"should find opportunities to create our own forks","duration":4.806166000000076,"failureMessages":[],"meta":{}},{"ancestorTitles":["Fork Detection Core Logic","Edge Cases and Validation"],"fullName":"Fork Detection Core Logic Edge Cases and Validation should not detect forks when opponent pieces block pattern","status":"passed","title":"should not detect forks when opponent pieces block pattern","duration":4.434750000000008,"failureMessages":[],"meta":{}},{"ancestorTitles":["Fork Detection Core Logic","Edge Cases and Validation"],"fullName":"Fork Detection Core Logic Edge Cases and Validation should handle empty board gracefully","status":"passed","title":"should handle empty board gracefully","duration":0.762833999999998,"failureMessages":[],"meta":{}},{"ancestorTitles":["Fork Detection Core Logic","Edge Cases and Validation"],"fullName":"Fork Detection Core Logic Edge Cases and Validation should handle full board gracefully","status":"passed","title":"should handle full board gracefully","duration":1.6124579999999469,"failureMessages":[],"meta":{}},{"ancestorTitles":["Fork Detection Core Logic","Real Game Scenario Testing"],"fullName":"Fork Detection Core Logic Real Game Scenario Testing should solve the user reported problem: _ _ x x x _ _","status":"passed","title":"should solve the user reported problem: _ _ x x x _ _","duration":6.44704200000001,"failureMessages":[],"meta":{}},{"ancestorTitles":["Fork Detection Core Logic","Real Game Scenario Testing"],"fullName":"Fork Detection Core Logic Real Game Scenario Testing should recognize when player X can create winning fork","status":"passed","title":"should recognize when player X can create winning fork","duration":0.7090829999999642,"failureMessages":[],"meta":{}}],"startTime":1750765749697,"endTime":1750765749801.709,"status":"failed","message":"","name":"/Users/max/LogicCastle/tests/vitest/fork-detection.vitest.js"},{"assertionResults":[{"ancestorTitles":["Enhanced Monte Carlo Bot Tests","Performance Improvements"],"fullName":"Enhanced Monte Carlo Bot Tests Performance Improvements should use 1000 simulations instead of 100","status":"passed","title":"should use 1000 simulations instead of 100","duration":49.51145799999995,"failureMessages":[],"meta":{}},{"ancestorTitles":["Enhanced Monte Carlo Bot Tests","Performance Improvements"],"fullName":"Enhanced Monte Carlo Bot Tests Performance Improvements should have time-boxing enabled","status":"passed","title":"should have time-boxing enabled","duration":1.6856659999998556,"failureMessages":[],"meta":{}},{"ancestorTitles":["Enhanced Monte Carlo Bot Tests","Performance Improvements"],"fullName":"Enhanced Monte Carlo Bot Tests Performance Improvements should complete thinking within time limit","status":"passed","title":"should complete thinking within time limit","duration":17.860291999999845,"failureMessages":[],"meta":{}},{"ancestorTitles":["Enhanced Monte Carlo Bot Tests","Adaptive Simulation Counts"],"fullName":"Enhanced Monte Carlo Bot Tests Adaptive Simulation Counts should adjust simulations based on game phase","status":"passed","title":"should adjust simulations based on game phase","duration":1.1116250000000036,"failureMessages":[],"meta":{}},{"ancestorTitles":["Enhanced Monte Carlo Bot Tests","Adaptive Simulation Counts"],"fullName":"Enhanced Monte Carlo Bot Tests Adaptive Simulation Counts should use more simulations in mid-game","status":"passed","title":"should use more simulations in mid-game","duration":5.260041999999885,"failureMessages":[],"meta":{}},{"ancestorTitles":["Enhanced Monte Carlo Bot Tests","Adaptive Simulation Counts"],"fullName":"Enhanced Monte Carlo Bot Tests Adaptive Simulation Counts should respect minimum simulations","status":"passed","title":"should respect minimum simulations","duration":0.8588750000001255,"failureMessages":[],"meta":{}},{"ancestorTitles":["Enhanced Monte Carlo Bot Tests","Adaptive Simulation Counts"],"fullName":"Enhanced Monte Carlo Bot Tests Adaptive Simulation Counts should respect maximum simulations","status":"passed","title":"should respect maximum simulations","duration":1.2309580000001006,"failureMessages":[],"meta":{}},{"ancestorTitles":["Enhanced Monte Carlo Bot Tests","UCB1 Selection Strategy"],"fullName":"Enhanced Monte Carlo Bot Tests UCB1 Selection Strategy should explore unvisited columns first","status":"passed","title":"should explore unvisited columns first","duration":3.8994590000002063,"failureMessages":[],"meta":{}},{"ancestorTitles":["Enhanced Monte Carlo Bot Tests","UCB1 Selection Strategy"],"fullName":"Enhanced Monte Carlo Bot Tests UCB1 Selection Strategy should balance exploitation and exploration","status":"passed","title":"should balance exploitation and exploration","duration":1.0231250000001637,"failureMessages":[],"meta":{}},{"ancestorTitles":["Enhanced Monte Carlo Bot Tests","Confidence Weighting"],"fullName":"Enhanced Monte Carlo Bot Tests Confidence Weighting should apply confidence bonus to well-explored columns","status":"passed","title":"should apply confidence bonus to well-explored columns","duration":0.7361670000000231,"failureMessages":[],"meta":{}},{"ancestorTitles":["Enhanced Monte Carlo Bot Tests","Strategic Strength"],"fullName":"Enhanced Monte Carlo Bot Tests Strategic Strength should prefer winning moves in tactical positions","status":"passed","title":"should prefer winning moves in tactical positions","duration":92.71737499999995,"failureMessages":[],"meta":{}},{"ancestorTitles":["Enhanced Monte Carlo Bot Tests","Strategic Strength"],"fullName":"Enhanced Monte Carlo Bot Tests Strategic Strength should avoid losing moves when possible","status":"passed","title":"should avoid losing moves when possible","duration":12.282249999999976,"failureMessages":[],"meta":{}},{"ancestorTitles":["Enhanced Monte Carlo Bot Tests","Performance Benchmarks"],"fullName":"Enhanced Monte Carlo Bot Tests Performance Benchmarks should run significantly more simulations than basic bot","status":"passed","title":"should run significantly more simulations than basic bot","duration":9.858666999999969,"failureMessages":[],"meta":{}},{"ancestorTitles":["Enhanced Monte Carlo Bot Tests","Performance Benchmarks"],"fullName":"Enhanced Monte Carlo Bot Tests Performance Benchmarks should maintain good performance under time pressure","status":"passed","title":"should maintain good performance under time pressure","duration":15.629166999999825,"failureMessages":[],"meta":{}},{"ancestorTitles":["Enhanced Monte Carlo Bot Tests","Integration with Universal 4-Stage Logic"],"fullName":"Enhanced Monte Carlo Bot Tests Integration with Universal 4-Stage Logic should work as Stage 4 strategy within safe columns only","status":"passed","title":"should work as Stage 4 strategy within safe columns only","duration":7.300666999999976,"failureMessages":[],"meta":{}},{"ancestorTitles":["Enhanced Monte Carlo Bot Tests","Integration with Universal 4-Stage Logic"],"fullName":"Enhanced Monte Carlo Bot Tests Integration with Universal 4-Stage Logic should handle empty safe columns gracefully","status":"passed","title":"should handle empty safe columns gracefully","duration":0.681041999999934,"failureMessages":[],"meta":{}},{"ancestorTitles":["Enhanced Monte Carlo Bot Tests","Integration with Universal 4-Stage Logic"],"fullName":"Enhanced Monte Carlo Bot Tests Integration with Universal 4-Stage Logic should handle single safe column efficiently","status":"passed","title":"should handle single safe column efficiently","duration":0.5626250000000255,"failureMessages":[],"meta":{}}],"startTime":1750765748675,"endTime":1750765748897.6812,"status":"passed","message":"","name":"/Users/max/LogicCastle/tests/vitest/monte-carlo-enhanced.vitest.js"},{"assertionResults":[{"ancestorTitles":["Updated Bot Mapping Tests","3-Tier Bot Progression"],"fullName":"Updated Bot Mapping Tests 3-Tier Bot Progression Easy bot should map to smart-random","status":"passed","title":"Easy bot should map to smart-random","duration":18.905500000000075,"failureMessages":[],"meta":{}},{"ancestorTitles":["Updated Bot Mapping Tests","3-Tier Bot Progression"],"fullName":"Updated Bot Mapping Tests 3-Tier Bot Progression Medium bot should map to offensiv-gemischt","status":"passed","title":"Medium bot should map to offensiv-gemischt","duration":1.2141659999999774,"failureMessages":[],"meta":{}},{"ancestorTitles":["Updated Bot Mapping Tests","3-Tier Bot Progression"],"fullName":"Updated Bot Mapping Tests 3-Tier Bot Progression Strong bot should map to monte-carlo","status":"passed","title":"Strong bot should map to monte-carlo","duration":1.1464160000000447,"failureMessages":[],"meta":{}},{"ancestorTitles":["Updated Bot Mapping Tests","Bot Strength Progression"],"fullName":"Updated Bot Mapping Tests Bot Strength Progression Should have clear win rate progression","status":"passed","title":"Should have clear win rate progression","duration":45.46279199999992,"failureMessages":[],"meta":{}},{"ancestorTitles":["Updated Bot Mapping Tests","Bot Strength Progression"],"fullName":"Updated Bot Mapping Tests Bot Strength Progression Should have meaningful difficulty gaps","status":"passed","title":"Should have meaningful difficulty gaps","duration":2.60187499999995,"failureMessages":[],"meta":{}},{"ancestorTitles":["Updated Bot Mapping Tests","UI Options Validation"],"fullName":"Updated Bot Mapping Tests UI Options Validation Should have exactly 4 game modes (including 2-player)","status":"passed","title":"Should have exactly 4 game modes (including 2-player)","duration":4.731333000000063,"failureMessages":[],"meta":{}},{"ancestorTitles":["Updated Bot Mapping Tests","UI Options Validation"],"fullName":"Updated Bot Mapping Tests UI Options Validation Should have clear bot names","status":"passed","title":"Should have clear bot names","duration":3.945541999999932,"failureMessages":[],"meta":{}},{"ancestorTitles":["Updated Bot Mapping Tests","Expected Performance Ranges"],"fullName":"Updated Bot Mapping Tests Expected Performance Ranges Easy bot should be beginner-friendly","status":"passed","title":"Easy bot should be beginner-friendly","duration":3.546459000000027,"failureMessages":[],"meta":{}},{"ancestorTitles":["Updated Bot Mapping Tests","Expected Performance Ranges"],"fullName":"Updated Bot Mapping Tests Expected Performance Ranges Medium bot should provide balanced challenge","status":"passed","title":"Medium bot should provide balanced challenge","duration":2.973208999999997,"failureMessages":[],"meta":{}},{"ancestorTitles":["Updated Bot Mapping Tests","Expected Performance Ranges"],"fullName":"Updated Bot Mapping Tests Expected Performance Ranges Strong bot should be challenging for experienced players","status":"passed","title":"Strong bot should be challenging for experienced players","duration":1.6134170000000267,"failureMessages":[],"meta":{}}],"startTime":1750765750368,"endTime":1750765750505.6135,"status":"passed","message":"","name":"/Users/max/LogicCastle/tests/vitest/new-bot-mapping.vitest.js"},{"assertionResults":[{"ancestorTitles":["Simple Math Tests (Vitest Demo)"],"fullName":"Simple Math Tests (Vitest Demo) should perform basic calculations","status":"passed","title":"should perform basic calculations","duration":28.035624999999982,"failureMessages":[],"meta":{}},{"ancestorTitles":["Simple Math Tests (Vitest Demo)"],"fullName":"Simple Math Tests (Vitest Demo) should work with DOM elements","status":"passed","title":"should work with DOM elements","duration":1.7587919999999713,"failureMessages":[],"meta":{}},{"ancestorTitles":["Simple Math Tests (Vitest Demo)"],"fullName":"Simple Math Tests (Vitest Demo) should handle async operations","status":"passed","title":"should handle async operations","duration":16.271292000000017,"failureMessages":[],"meta":{}},{"ancestorTitles":["Simple Math Tests (Vitest Demo)"],"fullName":"Simple Math Tests (Vitest Demo) should provide performance timing","status":"passed","title":"should provide performance timing","duration":4.043083000000024,"failureMessages":[],"meta":{}},{"ancestorTitles":["Array and Object Tests"],"fullName":"Array and Object Tests should handle array operations","status":"passed","title":"should handle array operations","duration":1.574124999999981,"failureMessages":[],"meta":{}},{"ancestorTitles":["Array and Object Tests"],"fullName":"Array and Object Tests should handle object operations","status":"passed","title":"should handle object operations","duration":2.3529590000000553,"failureMessages":[],"meta":{}},{"ancestorTitles":["Array and Object Tests"],"fullName":"Array and Object Tests should handle deep equality","status":"passed","title":"should handle deep equality","duration":0.9479579999999714,"failureMessages":[],"meta":{}},{"ancestorTitles":["Error Handling Tests"],"fullName":"Error Handling Tests should catch thrown errors","status":"passed","title":"should catch thrown errors","duration":0.9689590000000408,"failureMessages":[],"meta":{}},{"ancestorTitles":["Error Handling Tests"],"fullName":"Error Handling Tests should handle function calls that should not throw","status":"passed","title":"should handle function calls that should not throw","duration":0.8820000000000618,"failureMessages":[],"meta":{}},{"ancestorTitles":["Game Logic Simulation (without actual classes)"],"fullName":"Game Logic Simulation (without actual classes) should simulate board operations","status":"passed","title":"should simulate board operations","duration":3.9293330000000424,"failureMessages":[],"meta":{}},{"ancestorTitles":["Game Logic Simulation (without actual classes)"],"fullName":"Game Logic Simulation (without actual classes) should simulate win detection logic","status":"passed","title":"should simulate win detection logic","duration":0.7163749999999709,"failureMessages":[],"meta":{}},{"ancestorTitles":["Game Logic Simulation (without actual classes)"],"fullName":"Game Logic Simulation (without actual classes) should simulate valid moves checking","status":"passed","title":"should simulate valid moves checking","duration":0.8232910000000402,"failureMessages":[],"meta":{}}],"startTime":1750765749962,"endTime":1750765750024.8232,"status":"passed","message":"","name":"/Users/max/LogicCastle/tests/vitest/simple-backend.vitest.js"},{"assertionResults":[{"ancestorTitles":["Strategic Bot Fix Validation"],"fullName":"Strategic Bot Fix Validation Each strategic bot type uses distinct implementation","status":"passed","title":"Each strategic bot type uses distinct implementation","duration":61.62583399999994,"failureMessages":[],"meta":{}},{"ancestorTitles":["Strategic Bot Fix Validation"],"fullName":"Strategic Bot Fix Validation getBestMove routes to specific strategy methods","status":"passed","title":"getBestMove routes to specific strategy methods","duration":9.765416999999957,"failureMessages":[],"meta":{}},{"ancestorTitles":["Strategic Bot Fix Validation"],"fullName":"Strategic Bot Fix Validation Strategic bots show different move preferences","status":"passed","title":"Strategic bots show different move preferences","duration":2.968833000000018,"failureMessages":[],"meta":{}},{"ancestorTitles":["Strategic Bot Fix Validation"],"fullName":"Strategic Bot Fix Validation Universal logic fallback works for unknown bot types","status":"passed","title":"Universal logic fallback works for unknown bot types","duration":1.0195420000000013,"failureMessages":[],"meta":{}},{"ancestorTitles":["Performance Impact Assessment"],"fullName":"Performance Impact Assessment Strategic routing does not significantly impact performance","status":"passed","title":"Strategic routing does not significantly impact performance","duration":7.625749999999925,"failureMessages":[],"meta":{}}],"startTime":1750765750469,"endTime":1750765750552.6257,"status":"passed","message":"","name":"/Users/max/LogicCastle/tests/vitest/strategic-bot-fix-validation.vitest.js"},{"assertionResults":[{"ancestorTitles":["UI Bot Mapping Logic","Bot Difficulty Mapping"],"fullName":"UI Bot Mapping Logic Bot Difficulty Mapping should map vs-bot-easy to offensiv-gemischt (Rank #4)","status":"passed","title":"should map vs-bot-easy to offensiv-gemischt (Rank #4)","duration":89.10304200000007,"failureMessages":[],"meta":{}},{"ancestorTitles":["UI Bot Mapping Logic","Bot Difficulty Mapping"],"fullName":"UI Bot Mapping Logic Bot Difficulty Mapping should map vs-bot-medium to enhanced-smart (Rank #2)","status":"passed","title":"should map vs-bot-medium to enhanced-smart (Rank #2)","duration":1.1827910000000657,"failureMessages":[],"meta":{}},{"ancestorTitles":["UI Bot Mapping Logic","Bot Difficulty Mapping"],"fullName":"UI Bot Mapping Logic Bot Difficulty Mapping should map vs-bot-strong to defensive (Rank #1)","status":"passed","title":"should map vs-bot-strong to defensive (Rank #1)","duration":8.383083000000056,"failureMessages":[],"meta":{}},{"ancestorTitles":["UI Bot Mapping Logic","Bot Difficulty Mapping"],"fullName":"UI Bot Mapping Logic Bot Difficulty Mapping should maintain legacy vs-bot-smart compatibility","status":"passed","title":"should maintain legacy vs-bot-smart compatibility","duration":2.639124999999922,"failureMessages":[],"meta":{}},{"ancestorTitles":["UI Bot Mapping Logic","Bot Difficulty Mapping"],"fullName":"UI Bot Mapping Logic Bot Difficulty Mapping should default to easy for unknown modes","status":"passed","title":"should default to easy for unknown modes","duration":6.459916000000021,"failureMessages":[],"meta":{}},{"ancestorTitles":["UI Bot Mapping Logic","AI Mode Detection"],"fullName":"UI Bot Mapping Logic AI Mode Detection should correctly identify AI modes","status":"passed","title":"should correctly identify AI modes","duration":4.967957999999953,"failureMessages":[],"meta":{}},{"ancestorTitles":["UI Bot Mapping Logic","Player Name Configuration"],"fullName":"UI Bot Mapping Logic Player Name Configuration should set correct player names for bot modes","status":"passed","title":"should set correct player names for bot modes","duration":1.8718340000000353,"failureMessages":[],"meta":{}},{"ancestorTitles":["UI Bot Mapping Logic","Player Name Configuration"],"fullName":"UI Bot Mapping Logic Player Name Configuration should return default name for non-bot modes","status":"passed","title":"should return default name for non-bot modes","duration":1.537916999999993,"failureMessages":[],"meta":{}},{"ancestorTitles":["UI Bot Mapping Logic","Bot Strength Hierarchy Validation"],"fullName":"UI Bot Mapping Logic Bot Strength Hierarchy Validation should implement correct strength ordering based on scientific analysis","status":"passed","title":"should implement correct strength ordering based on scientific analysis","duration":1.384708000000046,"failureMessages":[],"meta":{}},{"ancestorTitles":["UI Bot Mapping Logic","Bot Strength Hierarchy Validation"],"fullName":"UI Bot Mapping Logic Bot Strength Hierarchy Validation should provide meaningful difficulty progression","status":"passed","title":"should provide meaningful difficulty progression","duration":0.8985830000000306,"failureMessages":[],"meta":{}},{"ancestorTitles":["UI Bot Mapping Logic","Performance Validation Documentation"],"fullName":"UI Bot Mapping Logic Performance Validation Documentation should document that bot selection is scientifically validated","status":"passed","title":"should document that bot selection is scientifically validated","duration":1.3646669999999403,"failureMessages":[],"meta":{}},{"ancestorTitles":["UI Bot Mapping Logic","Performance Validation Documentation"],"fullName":"UI Bot Mapping Logic Performance Validation Documentation should validate available bot modes match HTML select options","status":"passed","title":"should validate available bot modes match HTML select options","duration":0.8125410000000102,"failureMessages":[],"meta":{}}],"startTime":1750765750372,"endTime":1750765750493.8125,"status":"passed","message":"","name":"/Users/max/LogicCastle/tests/vitest/ui-bot-mapping-simple.vitest.js"},{"assertionResults":[{"ancestorTitles":["UI Bot Mode Validation","Bot Mode Detection"],"fullName":"UI Bot Mode Validation Bot Mode Detection should correctly identify AI modes","status":"passed","title":"should correctly identify AI modes","duration":1.0986669999999776,"failureMessages":[],"meta":{}},{"ancestorTitles":["UI Bot Mode Validation","Bot Difficulty Mapping"],"fullName":"UI Bot Mode Validation Bot Difficulty Mapping should map vs-bot-easy to offensiv-gemischt (Rank #4)","status":"passed","title":"should map vs-bot-easy to offensiv-gemischt (Rank #4)","duration":0.1546669999999608,"failureMessages":[],"meta":{}},{"ancestorTitles":["UI Bot Mode Validation","Bot Difficulty Mapping"],"fullName":"UI Bot Mode Validation Bot Difficulty Mapping should map vs-bot-medium to enhanced-smart (Rank #2)","status":"passed","title":"should map vs-bot-medium to enhanced-smart (Rank #2)","duration":0.17337500000002137,"failureMessages":[],"meta":{}},{"ancestorTitles":["UI Bot Mode Validation","Bot Difficulty Mapping"],"fullName":"UI Bot Mode Validation Bot Difficulty Mapping should map vs-bot-strong to defensive (Rank #1)","status":"passed","title":"should map vs-bot-strong to defensive (Rank #1)","duration":0.07066600000001699,"failureMessages":[],"meta":{}},{"ancestorTitles":["UI Bot Mode Validation","Bot Difficulty Mapping"],"fullName":"UI Bot Mode Validation Bot Difficulty Mapping should maintain legacy vs-bot-smart compatibility","status":"passed","title":"should maintain legacy vs-bot-smart compatibility","duration":0.10287499999998317,"failureMessages":[],"meta":{}},{"ancestorTitles":["UI Bot Mode Validation","Bot Strength Hierarchy"],"fullName":"UI Bot Mode Validation Bot Strength Hierarchy should implement correct strength ordering","status":"passed","title":"should implement correct strength ordering","duration":0.10004199999997354,"failureMessages":[],"meta":{}},{"ancestorTitles":["UI Bot Mode Validation","Bot Strength Hierarchy"],"fullName":"UI Bot Mode Validation Bot Strength Hierarchy should use scientifically validated bot rankings","status":"passed","title":"should use scientifically validated bot rankings","duration":0.09533299999998235,"failureMessages":[],"meta":{}},{"ancestorTitles":["UI Bot Mode Validation","Player Name Configuration"],"fullName":"UI Bot Mode Validation Player Name Configuration should set correct player names for bot modes","status":"passed","title":"should set correct player names for bot modes","duration":0.13229200000000674,"failureMessages":[],"meta":{}},{"ancestorTitles":["UI Bot Mode Validation","Player Name Configuration"],"fullName":"UI Bot Mode Validation Player Name Configuration should reset player names for two-player mode","status":"passed","title":"should reset player names for two-player mode","duration":0.17483400000003257,"failureMessages":[],"meta":{}},{"ancestorTitles":["UI Bot Mode Validation","AI Move Generation"],"fullName":"UI Bot Mode Validation AI Move Generation should generate valid moves for all bot difficulties","status":"passed","title":"should generate valid moves for all bot difficulties","duration":0.1608749999999759,"failureMessages":[],"meta":{}},{"ancestorTitles":["UI Bot Mode Validation","AI Move Generation"],"fullName":"UI Bot Mode Validation AI Move Generation should handle empty board scenarios","status":"passed","title":"should handle empty board scenarios","duration":0.05750000000000455,"failureMessages":[],"meta":{}},{"ancestorTitles":["UI Bot Mode Validation","Legacy Compatibility"],"fullName":"UI Bot Mode Validation Legacy Compatibility should maintain backward compatibility with existing modes","status":"passed","title":"should maintain backward compatibility with existing modes","duration":0.045083000000033735,"failureMessages":[],"meta":{}},{"ancestorTitles":["UI Bot Mode Validation","Legacy Compatibility"],"fullName":"UI Bot Mode Validation Legacy Compatibility should handle unknown modes gracefully","status":"passed","title":"should handle unknown modes gracefully","duration":0.03279199999997218,"failureMessages":[],"meta":{}},{"ancestorTitles":["Bot Mode Performance Validation"],"fullName":"Bot Mode Performance Validation should validate that chosen bots are performance-tested","status":"passed","title":"should validate that chosen bots are performance-tested","duration":0.09154100000000653,"failureMessages":[],"meta":{}}],"startTime":1750765751002,"endTime":1750765751005.161,"status":"passed","message":"","name":"/Users/max/LogicCastle/tests/vitest/ui-bot-mode-validation.vitest.js"},{"assertionResults":[{"ancestorTitles":["UI Hints Modal Integration Tests"],"fullName":"UI Hints Modal Integration Tests Hints button should exist and have correct styling","status":"passed","title":"Hints button should exist and have correct styling","duration":103.23908299999994,"failureMessages":[],"meta":{}},{"ancestorTitles":["UI Hints Modal Integration Tests"],"fullName":"UI Hints Modal Integration Tests Hints modal should toggle on button click","status":"passed","title":"Hints modal should toggle on button click","duration":10.447666000000027,"failureMessages":[],"meta":{}},{"ancestorTitles":["UI Hints Modal Integration Tests"],"fullName":"UI Hints Modal Integration Tests F2 keyboard shortcut should toggle hints modal","status":"passed","title":"F2 keyboard shortcut should toggle hints modal","duration":5.6774580000000014,"failureMessages":[],"meta":{}},{"ancestorTitles":["UI Hints Modal Integration Tests"],"fullName":"UI Hints Modal Integration Tests F1 keyboard shortcut should still work for help modal","status":"passed","title":"F1 keyboard shortcut should still work for help modal","duration":7.987333000000035,"failureMessages":[],"meta":{}},{"ancestorTitles":["UI Hints Modal Integration Tests"],"fullName":"UI Hints Modal Integration Tests Close button should close hints modal","status":"passed","title":"Close button should close hints modal","duration":22.262875000000008,"failureMessages":[],"meta":{}},{"ancestorTitles":["UI Hints Modal Integration Tests"],"fullName":"UI Hints Modal Integration Tests Click outside modal should close it","status":"passed","title":"Click outside modal should close it","duration":2.9395419999999604,"failureMessages":[],"meta":{}},{"ancestorTitles":["UI Hints Modal Integration Tests"],"fullName":"UI Hints Modal Integration Tests All help checkboxes should be present in modal","status":"passed","title":"All help checkboxes should be present in modal","duration":5.700207999999975,"failureMessages":[],"meta":{}},{"ancestorTitles":["UI Hints Modal Integration Tests"],"fullName":"UI Hints Modal Integration Tests Modal structure should be correct","status":"passed","title":"Modal structure should be correct","duration":5.047542000000021,"failureMessages":[],"meta":{}},{"ancestorTitles":["UI Hints Modal Integration Tests"],"fullName":"UI Hints Modal Integration Tests Modal should not interfere with game functionality","status":"passed","title":"Modal should not interfere with game functionality","duration":8.036624999999958,"failureMessages":[],"meta":{}},{"ancestorTitles":["UI Hints Modal Integration Tests"],"fullName":"UI Hints Modal Integration Tests Both modals should be able to coexist","status":"passed","title":"Both modals should be able to coexist","duration":2.0850000000000364,"failureMessages":[],"meta":{}},{"ancestorTitles":["UI Hints Modal Integration Tests"],"fullName":"UI Hints Modal Integration Tests Checkbox states should persist across modal toggles","status":"passed","title":"Checkbox states should persist across modal toggles","duration":3.6036249999999654,"failureMessages":[],"meta":{}},{"ancestorTitles":["UI Hints Modal Integration Tests"],"fullName":"UI Hints Modal Integration Tests Event listeners should be properly attached","status":"passed","title":"Event listeners should be properly attached","duration":5.22033399999998,"failureMessages":[],"meta":{}}],"startTime":1750765749475,"endTime":1750765749658.2202,"status":"passed","message":"","name":"/Users/max/LogicCastle/tests/vitest/ui-hints-modal-integration.vitest.js"},{"assertionResults":[{"ancestorTitles":["UI Undo Conditional (Vitest Integration)"],"fullName":"UI Undo Conditional (Vitest Integration) should initialize undo state as disabled for both players","status":"passed","title":"should initialize undo state as disabled for both players","duration":58.66341699999998,"failureMessages":[],"meta":{}},{"ancestorTitles":["UI Undo Conditional (Vitest Integration)"],"fullName":"UI Undo Conditional (Vitest Integration) should bind undo checkbox elements correctly","status":"passed","title":"should bind undo checkbox elements correctly","duration":6.917500000000018,"failureMessages":[],"meta":{}},{"ancestorTitles":["UI Undo Conditional (Vitest Integration)"],"fullName":"UI Undo Conditional (Vitest Integration) should update undo state when Player 1 checkbox is toggled","status":"passed","title":"should update undo state when Player 1 checkbox is toggled","duration":8.366457999999966,"failureMessages":[],"meta":{}},{"ancestorTitles":["UI Undo Conditional (Vitest Integration)"],"fullName":"UI Undo Conditional (Vitest Integration) should update undo state when Player 2 checkbox is toggled","status":"passed","title":"should update undo state when Player 2 checkbox is toggled","duration":7.674624999999992,"failureMessages":[],"meta":{}},{"ancestorTitles":["UI Undo Conditional (Vitest Integration)"],"fullName":"UI Undo Conditional (Vitest Integration) should disable undo button when current player has undo disabled","status":"passed","title":"should disable undo button when current player has undo disabled","duration":9.649000000000001,"failureMessages":[],"meta":{}},{"ancestorTitles":["UI Undo Conditional (Vitest Integration)"],"fullName":"UI Undo Conditional (Vitest Integration) should enable undo button when current player has undo enabled","status":"passed","title":"should enable undo button when current player has undo enabled","duration":36.488834,"failureMessages":[],"meta":{}},{"ancestorTitles":["UI Undo Conditional (Vitest Integration)"],"fullName":"UI Undo Conditional (Vitest Integration) should prevent undo when current player has undo disabled","status":"passed","title":"should prevent undo when current player has undo disabled","duration":4.221041000000014,"failureMessages":[],"meta":{}},{"ancestorTitles":["UI Undo Conditional (Vitest Integration)"],"fullName":"UI Undo Conditional (Vitest Integration) should allow undo when current player has undo enabled","status":"passed","title":"should allow undo when current player has undo enabled","duration":1.831083000000035,"failureMessages":[],"meta":{}},{"ancestorTitles":["UI Undo Conditional (Vitest Integration)"],"fullName":"UI Undo Conditional (Vitest Integration) should work independently for different players","status":"passed","title":"should work independently for different players","duration":9.301417000000015,"failureMessages":[],"meta":{}},{"ancestorTitles":["UI Undo Conditional (Vitest Integration)"],"fullName":"UI Undo Conditional (Vitest Integration) should persist checkbox states correctly","status":"passed","title":"should persist checkbox states correctly","duration":9.62941699999999,"failureMessages":[],"meta":{}},{"ancestorTitles":["UI Undo Conditional (Vitest Integration)"],"fullName":"UI Undo Conditional (Vitest Integration) should respect undo settings during game state changes","status":"passed","title":"should respect undo settings during game state changes","duration":1.8829170000000204,"failureMessages":[],"meta":{}},{"ancestorTitles":["UI Undo Conditional (Vitest Integration)"],"fullName":"UI Undo Conditional (Vitest Integration) should handle AI thinking state correctly","status":"passed","title":"should handle AI thinking state correctly","duration":1.976291999999944,"failureMessages":[],"meta":{}}],"startTime":1750765749510,"endTime":1750765749666.9763,"status":"passed","message":"","name":"/Users/max/LogicCastle/tests/vitest/ui-undo-conditional.vitest.js"},{"assertionResults":[{"ancestorTitles":["Ultimate 5x5 Bot Matrix - 1000 Games with \"Verlierer beginnt\" Logic"],"fullName":"Ultimate 5x5 Bot Matrix - 1000 Games with \"Verlierer beginnt\" Logic should run complete 5x5 matrix with all bots and generate comprehensive analysis","status":"passed","title":"should run complete 5x5 matrix with all bots and generate comprehensive analysis","duration":3956.14175,"failureMessages":[],"meta":{}}],"startTime":1750765748646,"endTime":1750765752602.1418,"status":"passed","message":"","name":"/Users/max/LogicCastle/tests/vitest/ultimate-bot-matrix-1000.vitest.js"},{"assertionResults":[{"ancestorTitles":["Universal Bot Logic (4-Stage System)","STAGE 1: Direct Win Detection"],"fullName":"Universal Bot Logic (4-Stage System) STAGE 1: Direct Win Detection should detect horizontal winning move","status":"passed","title":"should detect horizontal winning move","duration":21.20941700000003,"failureMessages":[],"meta":{}},{"ancestorTitles":["Universal Bot Logic (4-Stage System)","STAGE 1: Direct Win Detection"],"fullName":"Universal Bot Logic (4-Stage System) STAGE 1: Direct Win Detection should detect vertical winning move","status":"passed","title":"should detect vertical winning move","duration":1.2030839999999898,"failureMessages":[],"meta":{}},{"ancestorTitles":["Universal Bot Logic (4-Stage System)","STAGE 1: Direct Win Detection"],"fullName":"Universal Bot Logic (4-Stage System) STAGE 1: Direct Win Detection should return null when no winning move exists","status":"passed","title":"should return null when no winning move exists","duration":2.3681249999999636,"failureMessages":[],"meta":{}},{"ancestorTitles":["Universal Bot Logic (4-Stage System)","STAGE 2: Comprehensive Blocking (includes _ x _ x _ pattern)"],"fullName":"Universal Bot Logic (4-Stage System) STAGE 2: Comprehensive Blocking (includes _ x _ x _ pattern) should block immediate opponent winning move","status":"passed","title":"should block immediate opponent winning move","duration":2.3274999999999864,"failureMessages":[],"meta":{}},{"ancestorTitles":["Universal Bot Logic (4-Stage System)","STAGE 2: Comprehensive Blocking (includes _ x _ x _ pattern)"],"fullName":"Universal Bot Logic (4-Stage System) STAGE 2: Comprehensive Blocking (includes _ x _ x _ pattern) should block dangerous fork pattern _ x _ x","status":"passed","title":"should block dangerous fork pattern _ x _ x","duration":42.59733300000005,"failureMessages":[],"meta":{}},{"ancestorTitles":["Universal Bot Logic (4-Stage System)","STAGE 2: Comprehensive Blocking (includes _ x _ x _ pattern)"],"fullName":"Universal Bot Logic (4-Stage System) STAGE 2: Comprehensive Blocking (includes _ x _ x _ pattern) should return null when no blocking needed","status":"passed","title":"should return null when no blocking needed","duration":1.0003749999999627,"failureMessages":[],"meta":{}},{"ancestorTitles":["Universal Bot Logic (4-Stage System)","STAGE 3: Safe Column Identification"],"fullName":"Universal Bot Logic (4-Stage System) STAGE 3: Safe Column Identification should identify safe columns (no traps)","status":"passed","title":"should identify safe columns (no traps)","duration":1.113833999999997,"failureMessages":[],"meta":{}},{"ancestorTitles":["Universal Bot Logic (4-Stage System)","STAGE 3: Safe Column Identification"],"fullName":"Universal Bot Logic (4-Stage System) STAGE 3: Safe Column Identification should return all moves if no safe moves exist","status":"passed","title":"should return all moves if no safe moves exist","duration":1.0927090000000135,"failureMessages":[],"meta":{}},{"ancestorTitles":["Universal Bot Logic (4-Stage System)","STAGE 4: Bot-Specific Selection"],"fullName":"Universal Bot Logic (4-Stage System) STAGE 4: Bot-Specific Selection easy bot should select randomly from safe columns","status":"passed","title":"easy bot should select randomly from safe columns","duration":4.263124999999945,"failureMessages":[],"meta":{}},{"ancestorTitles":["Universal Bot Logic (4-Stage System)","STAGE 4: Bot-Specific Selection"],"fullName":"Universal Bot Logic (4-Stage System) STAGE 4: Bot-Specific Selection medium bot should prefer center columns","status":"passed","title":"medium bot should prefer center columns","duration":0.8474999999999682,"failureMessages":[],"meta":{}},{"ancestorTitles":["Universal Bot Logic (4-Stage System)","STAGE 4: Bot-Specific Selection"],"fullName":"Universal Bot Logic (4-Stage System) STAGE 4: Bot-Specific Selection should handle single safe column","status":"passed","title":"should handle single safe column","duration":0.7414169999999558,"failureMessages":[],"meta":{}},{"ancestorTitles":["Universal Bot Logic (4-Stage System)","STAGE 4: Bot-Specific Selection"],"fullName":"Universal Bot Logic (4-Stage System) STAGE 4: Bot-Specific Selection should return null for empty safe columns","status":"passed","title":"should return null for empty safe columns","duration":0.6512910000000147,"failureMessages":[],"meta":{}},{"ancestorTitles":["Universal Bot Logic (4-Stage System)","Universal Bot Logic Integration"],"fullName":"Universal Bot Logic (4-Stage System) Universal Bot Logic Integration all bot difficulties should follow 4-stage process","status":"passed","title":"all bot difficulties should follow 4-stage process","duration":7.048541999999998,"failureMessages":[],"meta":{}},{"ancestorTitles":["Universal Bot Logic (4-Stage System)","Universal Bot Logic Integration"],"fullName":"Universal Bot Logic (4-Stage System) Universal Bot Logic Integration should prioritize winning over blocking","status":"passed","title":"should prioritize winning over blocking","duration":16.330791999999974,"failureMessages":[],"meta":{}},{"ancestorTitles":["Universal Bot Logic (4-Stage System)","Universal Bot Logic Integration"],"fullName":"Universal Bot Logic (4-Stage System) Universal Bot Logic Integration should prioritize blocking over safe random moves","status":"passed","title":"should prioritize blocking over safe random moves","duration":1.0399159999999483,"failureMessages":[],"meta":{}},{"ancestorTitles":["Bot Performance Validation"],"fullName":"Bot Performance Validation should run game series between bots without errors","status":"passed","title":"should run game series between bots without errors","duration":8.740207999999939,"failureMessages":[],"meta":{}}],"startTime":1750765749594,"endTime":1750765749706.7402,"status":"passed","message":"","name":"/Users/max/LogicCastle/tests/vitest/universal-bot-logic.vitest.js"}]}