{"numTotalTestSuites":12,"numPassedTestSuites":12,"numFailedTestSuites":0,"numPendingTestSuites":0,"numTotalTests":26,"numPassedTests":26,"numFailedTests":0,"numPendingTests":0,"numTodoTests":0,"snapshot":{"added":0,"failure":false,"filesAdded":0,"filesRemoved":0,"filesRemovedList":[],"filesUnmatched":0,"filesUpdated":0,"matched":0,"total":0,"unchecked":0,"uncheckedKeysByFile":[],"unmatched":0,"updated":0,"didUpdate":false},"startTime":1751829622496,"success":true,"testResults":[{"assertionResults":[{"ancestorTitles":["Connect4UINew Unit Tests","1. Constructor and Initialization"],"fullName":"Connect4UINew Unit Tests 1. Constructor and Initialization should initialize with correct default properties","status":"passed","title":"should initialize with correct default properties","duration":13.928249999999991,"failureMessages":[],"location":{"line":131,"column":11},"meta":{}},{"ancestorTitles":["Connect4UINew Unit Tests","1. Constructor and Initialization"],"fullName":"Connect4UINew Unit Tests 1. Constructor and Initialization should initialize assistance settings for both players","status":"passed","title":"should initialize assistance settings for both players","duration":5.623541999999986,"failureMessages":[],"location":{"line":141,"column":11},"meta":{}},{"ancestorTitles":["Connect4UINew Unit Tests","2. Board Initialization"],"fullName":"Connect4UINew Unit Tests 2. Board Initialization should create a 6x7 game board","status":"passed","title":"should create a 6x7 game board","duration":24.75016599999998,"failureMessages":[],"location":{"line":158,"column":11},"meta":{}},{"ancestorTitles":["Connect4UINew Unit Tests","2. Board Initialization"],"fullName":"Connect4UINew Unit Tests 2. Board Initialization should assign correct row and column data attributes","status":"passed","title":"should assign correct row and column data attributes","duration":8.250333000000012,"failureMessages":[],"location":{"line":168,"column":11},"meta":{}},{"ancestorTitles":["Connect4UINew Unit Tests","2. Board Initialization"],"fullName":"Connect4UINew Unit Tests 2. Board Initialization should create drop zone elements for each column","status":"passed","title":"should create drop zone elements for each column","duration":11.029042000000004,"failureMessages":[],"location":{"line":179,"column":11},"meta":{}},{"ancestorTitles":["Connect4UINew Unit Tests","3. Coordinate Labels"],"fullName":"Connect4UINew Unit Tests 3. Coordinate Labels should create top coordinate labels","status":"passed","title":"should create top coordinate labels","duration":3.595625000000041,"failureMessages":[],"location":{"line":198,"column":11},"meta":{}},{"ancestorTitles":["Connect4UINew Unit Tests","3. Coordinate Labels"],"fullName":"Connect4UINew Unit Tests 3. Coordinate Labels should create bottom coordinate labels","status":"passed","title":"should create bottom coordinate labels","duration":3.379000000000019,"failureMessages":[],"location":{"line":214,"column":11},"meta":{}},{"ancestorTitles":["Connect4UINew Unit Tests","4. Drop Column Logic"],"fullName":"Connect4UINew Unit Tests 4. Drop Column Logic should handle column drop when not processing move","status":"passed","title":"should handle column drop when not processing move","duration":10.194166999999993,"failureMessages":[],"location":{"line":236,"column":11},"meta":{}},{"ancestorTitles":["Connect4UINew Unit Tests","4. Drop Column Logic"],"fullName":"Connect4UINew Unit Tests 4. Drop Column Logic should not process move when already processing","status":"passed","title":"should not process move when already processing","duration":7.482916000000046,"failureMessages":[],"location":{"line":246,"column":11},"meta":{}},{"ancestorTitles":["Connect4UINew Unit Tests","4. Drop Column Logic"],"fullName":"Connect4UINew Unit Tests 4. Drop Column Logic should handle invalid column numbers gracefully","status":"passed","title":"should handle invalid column numbers gracefully","duration":5.684458999999947,"failureMessages":[],"location":{"line":254,"column":11},"meta":{}},{"ancestorTitles":["Connect4UINew Unit Tests","5. Game Mode Handling"],"fullName":"Connect4UINew Unit Tests 5. Game Mode Handling should detect two-player mode","status":"passed","title":"should detect two-player mode","duration":2.301499999999919,"failureMessages":[],"location":{"line":268,"column":11},"meta":{}},{"ancestorTitles":["Connect4UINew Unit Tests","5. Game Mode Handling"],"fullName":"Connect4UINew Unit Tests 5. Game Mode Handling should detect AI modes","status":"passed","title":"should detect AI modes","duration":1.8506250000000364,"failureMessages":[],"location":{"line":274,"column":11},"meta":{}},{"ancestorTitles":["Connect4UINew Unit Tests","5. Game Mode Handling"],"fullName":"Connect4UINew Unit Tests 5. Game Mode Handling should extract AI difficulty from mode","status":"passed","title":"should extract AI difficulty from mode","duration":2.2037920000000213,"failureMessages":[],"location":{"line":280,"column":11},"meta":{}},{"ancestorTitles":["Connect4UINew Unit Tests","5. Game Mode Handling"],"fullName":"Connect4UINew Unit Tests 5. Game Mode Handling should handle unknown mode gracefully","status":"passed","title":"should handle unknown mode gracefully","duration":3.899208000000044,"failureMessages":[],"location":{"line":287,"column":11},"meta":{}},{"ancestorTitles":["Connect4UINew Unit Tests","6. Assistance System"],"fullName":"Connect4UINew Unit Tests 6. Assistance System should toggle assistance setting for specific player and type","status":"passed","title":"should toggle assistance setting for specific player and type","duration":2.325749999999971,"failureMessages":[],"location":{"line":296,"column":11},"meta":{}},{"ancestorTitles":["Connect4UINew Unit Tests","6. Assistance System"],"fullName":"Connect4UINew Unit Tests 6. Assistance System should not affect other players settings when toggling","status":"passed","title":"should not affect other players settings when toggling","duration":1.8596249999999372,"failureMessages":[],"location":{"line":304,"column":11},"meta":{}},{"ancestorTitles":["Connect4UINew Unit Tests","6. Assistance System"],"fullName":"Connect4UINew Unit Tests 6. Assistance System should return current assistance setting","status":"passed","title":"should return current assistance setting","duration":1.6463329999999132,"failureMessages":[],"location":{"line":314,"column":11},"meta":{}},{"ancestorTitles":["Connect4UINew Unit Tests","7. Column Highlighting"],"fullName":"Connect4UINew Unit Tests 7. Column Highlighting should highlight column on hover","status":"passed","title":"should highlight column on hover","duration":5.461832999999956,"failureMessages":[],"location":{"line":328,"column":11},"meta":{}},{"ancestorTitles":["Connect4UINew Unit Tests","7. Column Highlighting"],"fullName":"Connect4UINew Unit Tests 7. Column Highlighting should clear all column highlights","status":"passed","title":"should clear all column highlights","duration":6.75183299999992,"failureMessages":[],"location":{"line":339,"column":11},"meta":{}},{"ancestorTitles":["Connect4UINew Unit Tests","8. Error Handling"],"fullName":"Connect4UINew Unit Tests 8. Error Handling should handle missing game board gracefully","status":"passed","title":"should handle missing game board gracefully","duration":2.143957999999998,"failureMessages":[],"location":{"line":352,"column":11},"meta":{}},{"ancestorTitles":["Connect4UINew Unit Tests","8. Error Handling"],"fullName":"Connect4UINew Unit Tests 8. Error Handling should handle missing coordinate containers gracefully","status":"passed","title":"should handle missing coordinate containers gracefully","duration":2.3078329999999596,"failureMessages":[],"location":{"line":358,"column":11},"meta":{}},{"ancestorTitles":["Connect4UINew Unit Tests","8. Error Handling"],"fullName":"Connect4UINew Unit Tests 8. Error Handling should handle game method errors gracefully","status":"passed","title":"should handle game method errors gracefully","duration":2.360500000000002,"failureMessages":[],"location":{"line":366,"column":11},"meta":{}},{"ancestorTitles":["Connect4UINew Unit Tests","9. UI State Updates"],"fullName":"Connect4UINew Unit Tests 9. UI State Updates should update game status display","status":"passed","title":"should update game status display","duration":1.8746250000000373,"failureMessages":[],"location":{"line":375,"column":11},"meta":{}},{"ancestorTitles":["Connect4UINew Unit Tests","9. UI State Updates"],"fullName":"Connect4UINew Unit Tests 9. UI State Updates should update scores display","status":"passed","title":"should update scores display","duration":1.8006659999999783,"failureMessages":[],"location":{"line":383,"column":11},"meta":{}},{"ancestorTitles":["Connect4UINew Unit Tests","10. Integration with BaseGameUI"],"fullName":"Connect4UINew Unit Tests 10. Integration with BaseGameUI should call parent setupGameEventListeners","status":"passed","title":"should call parent setupGameEventListeners","duration":1.8791250000000446,"failureMessages":[],"location":{"line":396,"column":11},"meta":{}},{"ancestorTitles":["Connect4UINew Unit Tests","10. Integration with BaseGameUI"],"fullName":"Connect4UINew Unit Tests 10. Integration with BaseGameUI should register Connect4-specific game events","status":"passed","title":"should register Connect4-specific game events","duration":4.37379199999998,"failureMessages":[],"location":{"line":404,"column":11},"meta":{}}],"startTime":1751829622950,"endTime":1751829623089.3738,"status":"passed","message":"","name":"/Users/max/LogicCastle/tests/unit/games/Connect4UINew.test.js"}]}