{"numTotalTestSuites":12,"numPassedTestSuites":6,"numFailedTestSuites":6,"numPendingTestSuites":0,"numTotalTests":26,"numPassedTests":20,"numFailedTests":6,"numPendingTests":0,"numTodoTests":0,"snapshot":{"added":0,"failure":false,"filesAdded":0,"filesRemoved":0,"filesRemovedList":[],"filesUnmatched":0,"filesUpdated":0,"matched":0,"total":0,"unchecked":0,"uncheckedKeysByFile":[],"unmatched":0,"updated":0,"didUpdate":false},"startTime":1751814077893,"success":false,"testResults":[{"assertionResults":[{"ancestorTitles":["Connect4UINew Unit Tests","1. Constructor and Initialization"],"fullName":"Connect4UINew Unit Tests 1. Constructor and Initialization should initialize with correct default properties","status":"passed","title":"should initialize with correct default properties","duration":13.611874999999998,"failureMessages":[],"location":{"line":131,"column":11},"meta":{}},{"ancestorTitles":["Connect4UINew Unit Tests","1. Constructor and Initialization"],"fullName":"Connect4UINew Unit Tests 1. Constructor and Initialization should initialize assistance settings for both players","status":"passed","title":"should initialize assistance settings for both players","duration":4.470458000000008,"failureMessages":[],"location":{"line":141,"column":11},"meta":{}},{"ancestorTitles":["Connect4UINew Unit Tests","2. Board Initialization"],"fullName":"Connect4UINew Unit Tests 2. Board Initialization should create a 6x7 game board","status":"passed","title":"should create a 6x7 game board","duration":26.58070799999996,"failureMessages":[],"location":{"line":158,"column":11},"meta":{}},{"ancestorTitles":["Connect4UINew Unit Tests","2. Board Initialization"],"fullName":"Connect4UINew Unit Tests 2. Board Initialization should assign correct row and column data attributes","status":"passed","title":"should assign correct row and column data attributes","duration":8.210624999999993,"failureMessages":[],"location":{"line":168,"column":11},"meta":{}},{"ancestorTitles":["Connect4UINew Unit Tests","2. Board Initialization"],"fullName":"Connect4UINew Unit Tests 2. Board Initialization should create drop zone elements for each column","status":"passed","title":"should create drop zone elements for each column","duration":10.610957999999982,"failureMessages":[],"location":{"line":179,"column":11},"meta":{}},{"ancestorTitles":["Connect4UINew Unit Tests","3. Coordinate Labels"],"fullName":"Connect4UINew Unit Tests 3. Coordinate Labels should create top coordinate labels","status":"failed","title":"should create top coordinate labels","duration":5.075750000000028,"failureMessages":["AssertionError: expected +0 to be 7 // Object.is equality\n    at /Users/max/LogicCastle/tests/unit/games/Connect4UINew.test.js:204:35\n    at file:///Users/max/LogicCastle/node_modules/@vitest/runner/dist/chunk-hooks.js:155:11\n    at file:///Users/max/LogicCastle/node_modules/@vitest/runner/dist/chunk-hooks.js:752:26\n    at file:///Users/max/LogicCastle/node_modules/@vitest/runner/dist/chunk-hooks.js:1897:20\n    at new Promise (<anonymous>)\n    at runWithTimeout (file:///Users/max/LogicCastle/node_modules/@vitest/runner/dist/chunk-hooks.js:1863:10)\n    at runTest (file:///Users/max/LogicCastle/node_modules/@vitest/runner/dist/chunk-hooks.js:1574:12)\n    at processTicksAndRejections (node:internal/process/task_queues:105:5)\n    at runSuite (file:///Users/max/LogicCastle/node_modules/@vitest/runner/dist/chunk-hooks.js:1729:8)\n    at runSuite (file:///Users/max/LogicCastle/node_modules/@vitest/runner/dist/chunk-hooks.js:1729:8)"],"location":{"line":198,"column":11},"meta":{}},{"ancestorTitles":["Connect4UINew Unit Tests","3. Coordinate Labels"],"fullName":"Connect4UINew Unit Tests 3. Coordinate Labels should create bottom coordinate labels","status":"failed","title":"should create bottom coordinate labels","duration":3.722250000000031,"failureMessages":["AssertionError: expected +0 to be 7 // Object.is equality\n    at /Users/max/LogicCastle/tests/unit/games/Connect4UINew.test.js:218:35\n    at file:///Users/max/LogicCastle/node_modules/@vitest/runner/dist/chunk-hooks.js:155:11\n    at file:///Users/max/LogicCastle/node_modules/@vitest/runner/dist/chunk-hooks.js:752:26\n    at file:///Users/max/LogicCastle/node_modules/@vitest/runner/dist/chunk-hooks.js:1897:20\n    at new Promise (<anonymous>)\n    at runWithTimeout (file:///Users/max/LogicCastle/node_modules/@vitest/runner/dist/chunk-hooks.js:1863:10)\n    at runTest (file:///Users/max/LogicCastle/node_modules/@vitest/runner/dist/chunk-hooks.js:1574:12)\n    at processTicksAndRejections (node:internal/process/task_queues:105:5)\n    at runSuite (file:///Users/max/LogicCastle/node_modules/@vitest/runner/dist/chunk-hooks.js:1729:8)\n    at runSuite (file:///Users/max/LogicCastle/node_modules/@vitest/runner/dist/chunk-hooks.js:1729:8)"],"location":{"line":212,"column":11},"meta":{}},{"ancestorTitles":["Connect4UINew Unit Tests","4. Drop Column Logic"],"fullName":"Connect4UINew Unit Tests 4. Drop Column Logic should handle column drop when not processing move","status":"passed","title":"should handle column drop when not processing move","duration":10.217667000000006,"failureMessages":[],"location":{"line":232,"column":11},"meta":{}},{"ancestorTitles":["Connect4UINew Unit Tests","4. Drop Column Logic"],"fullName":"Connect4UINew Unit Tests 4. Drop Column Logic should not process move when already processing","status":"passed","title":"should not process move when already processing","duration":7.983834000000002,"failureMessages":[],"location":{"line":242,"column":11},"meta":{}},{"ancestorTitles":["Connect4UINew Unit Tests","4. Drop Column Logic"],"fullName":"Connect4UINew Unit Tests 4. Drop Column Logic should handle invalid column numbers gracefully","status":"passed","title":"should handle invalid column numbers gracefully","duration":5.734624999999937,"failureMessages":[],"location":{"line":250,"column":11},"meta":{}},{"ancestorTitles":["Connect4UINew Unit Tests","5. Game Mode Handling"],"fullName":"Connect4UINew Unit Tests 5. Game Mode Handling should detect two-player mode","status":"passed","title":"should detect two-player mode","duration":2.2264579999999796,"failureMessages":[],"location":{"line":264,"column":11},"meta":{}},{"ancestorTitles":["Connect4UINew Unit Tests","5. Game Mode Handling"],"fullName":"Connect4UINew Unit Tests 5. Game Mode Handling should detect AI modes","status":"passed","title":"should detect AI modes","duration":2.1329580000000306,"failureMessages":[],"location":{"line":270,"column":11},"meta":{}},{"ancestorTitles":["Connect4UINew Unit Tests","5. Game Mode Handling"],"fullName":"Connect4UINew Unit Tests 5. Game Mode Handling should extract AI difficulty from mode","status":"failed","title":"should extract AI difficulty from mode","duration":3.179834000000028,"failureMessages":["AssertionError: expected 'easy' to be 'hard' // Object.is equality\n    at /Users/max/LogicCastle/tests/unit/games/Connect4UINew.test.js:279:50\n    at file:///Users/max/LogicCastle/node_modules/@vitest/runner/dist/chunk-hooks.js:155:11\n    at file:///Users/max/LogicCastle/node_modules/@vitest/runner/dist/chunk-hooks.js:752:26\n    at file:///Users/max/LogicCastle/node_modules/@vitest/runner/dist/chunk-hooks.js:1897:20\n    at new Promise (<anonymous>)\n    at runWithTimeout (file:///Users/max/LogicCastle/node_modules/@vitest/runner/dist/chunk-hooks.js:1863:10)\n    at runTest (file:///Users/max/LogicCastle/node_modules/@vitest/runner/dist/chunk-hooks.js:1574:12)\n    at processTicksAndRejections (node:internal/process/task_queues:105:5)\n    at runSuite (file:///Users/max/LogicCastle/node_modules/@vitest/runner/dist/chunk-hooks.js:1729:8)\n    at runSuite (file:///Users/max/LogicCastle/node_modules/@vitest/runner/dist/chunk-hooks.js:1729:8)"],"location":{"line":276,"column":11},"meta":{}},{"ancestorTitles":["Connect4UINew Unit Tests","5. Game Mode Handling"],"fullName":"Connect4UINew Unit Tests 5. Game Mode Handling should handle unknown mode gracefully","status":"failed","title":"should handle unknown mode gracefully","duration":2.1098329999999805,"failureMessages":["AssertionError: expected '' to be false // Object.is equality\n    at /Users/max/LogicCastle/tests/unit/games/Connect4UINew.test.js:285:43\n    at file:///Users/max/LogicCastle/node_modules/@vitest/runner/dist/chunk-hooks.js:155:11\n    at file:///Users/max/LogicCastle/node_modules/@vitest/runner/dist/chunk-hooks.js:752:26\n    at file:///Users/max/LogicCastle/node_modules/@vitest/runner/dist/chunk-hooks.js:1897:20\n    at new Promise (<anonymous>)\n    at runWithTimeout (file:///Users/max/LogicCastle/node_modules/@vitest/runner/dist/chunk-hooks.js:1863:10)\n    at runTest (file:///Users/max/LogicCastle/node_modules/@vitest/runner/dist/chunk-hooks.js:1574:12)\n    at processTicksAndRejections (node:internal/process/task_queues:105:5)\n    at runSuite (file:///Users/max/LogicCastle/node_modules/@vitest/runner/dist/chunk-hooks.js:1729:8)\n    at runSuite (file:///Users/max/LogicCastle/node_modules/@vitest/runner/dist/chunk-hooks.js:1729:8)"],"location":{"line":282,"column":11},"meta":{}},{"ancestorTitles":["Connect4UINew Unit Tests","6. Assistance System"],"fullName":"Connect4UINew Unit Tests 6. Assistance System should toggle assistance setting for specific player and type","status":"passed","title":"should toggle assistance setting for specific player and type","duration":3.926584000000048,"failureMessages":[],"location":{"line":291,"column":11},"meta":{}},{"ancestorTitles":["Connect4UINew Unit Tests","6. Assistance System"],"fullName":"Connect4UINew Unit Tests 6. Assistance System should not affect other players settings when toggling","status":"passed","title":"should not affect other players settings when toggling","duration":1.9479169999999613,"failureMessages":[],"location":{"line":299,"column":11},"meta":{}},{"ancestorTitles":["Connect4UINew Unit Tests","6. Assistance System"],"fullName":"Connect4UINew Unit Tests 6. Assistance System should return current assistance setting","status":"passed","title":"should return current assistance setting","duration":1.7260420000000067,"failureMessages":[],"location":{"line":309,"column":11},"meta":{}},{"ancestorTitles":["Connect4UINew Unit Tests","7. Column Highlighting"],"fullName":"Connect4UINew Unit Tests 7. Column Highlighting should highlight column on hover","status":"failed","title":"should highlight column on hover","duration":5.600667000000044,"failureMessages":["AssertionError: expected false to be true // Object.is equality\n    at /Users/max/LogicCastle/tests/unit/games/Connect4UINew.test.js:330:62\n    at Proxy.forEach (<anonymous>)\n    at /Users/max/LogicCastle/tests/unit/games/Connect4UINew.test.js:329:19\n    at file:///Users/max/LogicCastle/node_modules/@vitest/runner/dist/chunk-hooks.js:155:11\n    at file:///Users/max/LogicCastle/node_modules/@vitest/runner/dist/chunk-hooks.js:752:26\n    at file:///Users/max/LogicCastle/node_modules/@vitest/runner/dist/chunk-hooks.js:1897:20\n    at new Promise (<anonymous>)\n    at runWithTimeout (file:///Users/max/LogicCastle/node_modules/@vitest/runner/dist/chunk-hooks.js:1863:10)\n    at runTest (file:///Users/max/LogicCastle/node_modules/@vitest/runner/dist/chunk-hooks.js:1574:12)\n    at processTicksAndRejections (node:internal/process/task_queues:105:5)"],"location":{"line":323,"column":11},"meta":{}},{"ancestorTitles":["Connect4UINew Unit Tests","7. Column Highlighting"],"fullName":"Connect4UINew Unit Tests 7. Column Highlighting should clear all column highlights","status":"passed","title":"should clear all column highlights","duration":6.970125000000053,"failureMessages":[],"location":{"line":334,"column":11},"meta":{}},{"ancestorTitles":["Connect4UINew Unit Tests","8. Error Handling"],"fullName":"Connect4UINew Unit Tests 8. Error Handling should handle missing game board gracefully","status":"passed","title":"should handle missing game board gracefully","duration":2.218874999999912,"failureMessages":[],"location":{"line":347,"column":11},"meta":{}},{"ancestorTitles":["Connect4UINew Unit Tests","8. Error Handling"],"fullName":"Connect4UINew Unit Tests 8. Error Handling should handle missing coordinate containers gracefully","status":"passed","title":"should handle missing coordinate containers gracefully","duration":2.21387500000003,"failureMessages":[],"location":{"line":353,"column":11},"meta":{}},{"ancestorTitles":["Connect4UINew Unit Tests","8. Error Handling"],"fullName":"Connect4UINew Unit Tests 8. Error Handling should handle game method errors gracefully","status":"passed","title":"should handle game method errors gracefully","duration":2.4397909999999,"failureMessages":[],"location":{"line":361,"column":11},"meta":{}},{"ancestorTitles":["Connect4UINew Unit Tests","9. UI State Updates"],"fullName":"Connect4UINew Unit Tests 9. UI State Updates should update game status display","status":"failed","title":"should update game status display","duration":2.397416000000021,"failureMessages":["AssertionError: expected 'Gelb ist am Zug' to be 'Red Player\\'s Turn' // Object.is equality\n    at /Users/max/LogicCastle/tests/unit/games/Connect4UINew.test.js:375:64\n    at file:///Users/max/LogicCastle/node_modules/@vitest/runner/dist/chunk-hooks.js:155:11\n    at file:///Users/max/LogicCastle/node_modules/@vitest/runner/dist/chunk-hooks.js:752:26\n    at file:///Users/max/LogicCastle/node_modules/@vitest/runner/dist/chunk-hooks.js:1897:20\n    at new Promise (<anonymous>)\n    at runWithTimeout (file:///Users/max/LogicCastle/node_modules/@vitest/runner/dist/chunk-hooks.js:1863:10)\n    at runTest (file:///Users/max/LogicCastle/node_modules/@vitest/runner/dist/chunk-hooks.js:1574:12)\n    at processTicksAndRejections (node:internal/process/task_queues:105:5)\n    at runSuite (file:///Users/max/LogicCastle/node_modules/@vitest/runner/dist/chunk-hooks.js:1729:8)\n    at runSuite (file:///Users/max/LogicCastle/node_modules/@vitest/runner/dist/chunk-hooks.js:1729:8)"],"location":{"line":370,"column":11},"meta":{}},{"ancestorTitles":["Connect4UINew Unit Tests","9. UI State Updates"],"fullName":"Connect4UINew Unit Tests 9. UI State Updates should update scores display","status":"passed","title":"should update scores display","duration":1.8732920000001059,"failureMessages":[],"location":{"line":378,"column":11},"meta":{}},{"ancestorTitles":["Connect4UINew Unit Tests","10. Integration with BaseGameUI"],"fullName":"Connect4UINew Unit Tests 10. Integration with BaseGameUI should call parent setupGameEventListeners","status":"passed","title":"should call parent setupGameEventListeners","duration":1.8926250000000664,"failureMessages":[],"location":{"line":391,"column":11},"meta":{}},{"ancestorTitles":["Connect4UINew Unit Tests","10. Integration with BaseGameUI"],"fullName":"Connect4UINew Unit Tests 10. Integration with BaseGameUI should register Connect4-specific game events","status":"passed","title":"should register Connect4-specific game events","duration":2.235916999999972,"failureMessages":[],"location":{"line":399,"column":11},"meta":{}}],"startTime":1751814078362,"endTime":1751814078504.2358,"status":"failed","message":"","name":"/Users/max/LogicCastle/tests/unit/games/Connect4UINew.test.js"}]}